Case #1: 12.000 12.000

Case #2: 25.690 35.302

Case #3: 17.071 27.071

Case #4: 17.071 27.071

Case #5: 17.071 27.071

Case #6: 43.456 49.113

Case #7: 44.760 57.239

Case #8: 369.146 393.534

Case #9: 154.172 496.681

Case #10: 485.519 567.541

Case #11: 312.002 584.869

Case #12: 475.233 539.916

Case #13: 389.410 525.127

Case #14: 456.573 617.485

Case #15: 443.083 530.910

Case #16: 407.064 576.465

Case #17: 513.983 548.114

Case #18: 56.760 605.575

Case #19: 402.906 514.126

Case #20: 409.718 572.476

Case #21: 439.106 492.762

Case #22: 525.728 529.495

Case #23: 460.001 601.792

Case #24: 433.061 506.358

Case #25: 443.788 541.019

Case #26: 416.193 627.500

Case #27: 403.248 559.087

Case #28: 400.401 569.206

Case #29: 398.404 629.253

Case #30: 398.404 629.253

Case #31: 398.404 629.253

Case #32: 398.404 629.253

Case #33: 398.404 629.253

Case #34: 398.404 629.253

Case #35: 398.404 629.253

Case #36: 398.404 629.253

Case #37: 398.404 629.253

Case #38: 398.404 629.253

Case #39: 29.002 98.910

Case #40: 29.002 98.910

Case #41: 29.002 98.910

Case #42: 3.067 117.491

