Data set #1:
( ( ) ( ( ) ( ) ) ) ( )
| |_| | |_| |_| | | |_|
|     |_________| |
|_________________|

Data set #2:
( ( )
Parentheses do not match!

Data set #3:
( ) )
Parentheses do not match!

Data set #4:
( ( ) ( ( ) ( ) ) ) ( ( ) ( ( ) ( ) ) )
| |_| | |_| |_| | | | |_| | |_| |_| | |
|     |_________| | |     |_________| |
|_________________| |_________________|

Data set #5:
(
Parentheses do not match!

Data set #6:
)
Parentheses do not match!

Data set #7:
( ) ) (
Parentheses do not match!

Data set #8:
( )
|_|

Data set #9:
( ) ( ) ( ) ( ) ( ) ( ) ( ) ( ) ( ) ( ) ( ) ( ) ( ) ( ) ( )
|_| |_| |_| |_| |_| |_| |_| |_| |_| |_| |_| |_| |_| |_| |_|

Data set #10:
( ( ) ) ( ( ) ) ( ( ) ) ( ( ) ) ( ( ) ) ( ( ) )
| |_| | | |_| | | |_| | | |_| | | |_| | | |_| |
|_____| |_____| |_____| |_____| |_____| |_____|

Data set #11:
( ( ( ( ( ( ( ) ) ) ) ) ) ) ( ( ( ( ( ( ( ) ) ) ) ) ) )
| | | | | | |_| | | | | | | | | | | | | |_| | | | | | |
| | | | | |_____| | | | | | | | | | | |_____| | | | | |
| | | | |_________| | | | | | | | | |_________| | | | |
| | | |_____________| | | | | | | |_____________| | | |
| | |_________________| | | | | |_________________| | |
| |_____________________| | | |_____________________| |
|_________________________| |_________________________|

Data set #12:
( ( ( ( ( ( ( ( ( ( ( ( ( ( ( ) ) ) ) ) ) ) ) ) ) ) ) ) ) )
| | | | | | | | | | | | | | |_| | | | | | | | | | | | | | |
| | | | | | | | | | | | | |_____| | | | | | | | | | | | | |
| | | | | | | | | | | | |_________| | | | | | | | | | | | |
| | | | | | | | | | | |_____________| | | | | | | | | | | |
| | | | | | | | | | |_________________| | | | | | | | | | |
| | | | | | | | | |_____________________| | | | | | | | | |
| | | | | | | | |_________________________| | | | | | | | |
| | | | | | | |_____________________________| | | | | | | |
| | | | | | |_________________________________| | | | | | |
| | | | | |_____________________________________| | | | | |
| | | | |_________________________________________| | | | |
| | | |_____________________________________________| | | |
| | |_________________________________________________| | |
| |_____________________________________________________| |
|_________________________________________________________|

Data set #13:
( ( ( ( ( ( ( ( ( ( ( ( ( ( ( ) ) ) ) ) ) ) ) ) ) ) ) ) )
Parentheses do not match!

Data set #14:
( ( ( ( ( ( ( ( ( ( ( ( ( ( ) ) ) ) ) ) ) ) ) ) ) ) ) ) )
Parentheses do not match!

Data set #15:
( ) ( ( ) ) ( ( ( ) ) )
|_| | |_| | | | |_| | |
    |_____| | |_____| |
            |_________|

Data set #16:
( ( ( ) ) ) ( ( ) ) ( )
| | |_| | | | |_| | |_|
| |_____| | |_____|
|_________|

Data set #17:
( ) ( ( ) ) ( ( ( ) ) ) ( ( ) ) ( )
|_| | |_| | | | |_| | | | |_| | |_|
    |_____| | |_____| | |_____|
            |_________|
