4.34
4.24
4.42
4.07
4.09
4.56
3.98
4.52
4.29
4.14
8.94
9.05
8.57
8.81
8.61
9.20
9.36
9.35
9.10
9.33
8.86
9.45
9.18
9.25
8.76
9.33
9.16
9.12
8.91
9.26
13.76
13.50
14.07
13.75
14.03
13.60
13.77
13.57
13.61
13.72
13.51
13.58
14.33
13.35
14.33
13.75
13.94
14.02
13.66
13.95
18.66
18.87
19.01
19.09
18.89
18.81
19.05
19.09
19.25
18.73
23.66
23.80
23.89
23.55
23.24
23.44
23.21
23.96
23.59
23.27
28.21
28.49
27.95
27.61
28.71
34.15
33.93
33.85
34.13
33.83
38.97
38.99
38.76
38.32
38.45
43.33
43.69
43.02
43.53
43.63
49.05
48.83
49.20
48.77
48.34
