Message #1: there are 54 possible messages

Message #2: there are 144 possible messages

Message #3: there are 288 possible messages

Message #4: not a valid text

Message #5: not a valid text

Message #6: not a valid text

Message #7: not a valid text

Message #8: there are 12 possible messages

Message #9: there are 90 possible messages

Message #10: not a valid text

Message #11: not a valid text

Message #12: there are 6480 possible messages

Message #13: not a valid text

Message #14: there are 2 possible messages

Message #15: palpable zigzagging zoroastrian

Message #16: palpable zigzagging

Message #17: not a valid text

Message #18: there are 1162261467 possible messages

Message #19: aaatabcdefghijklmnopqrstuvwxyzabcdefghijklmnopqrstuvwxyzabcdefghijklmnopqrstuvwx

Message #20: x

Message #21: x x x x x x x x x x x x x x x x x x x x x x x x x x x x x x x x x x x x x x x wy

