1 3
3
1 4
4
1 5
5
1 6
6
1 7
7
1 8
8
1 9
9
1 10
10
1 11
11
1 12
12
1 13
13
1 14
14
1 15
15
1 16
16
1 17
17
1 18
18
1 19
19
1 20
20
1 21
21
1 22
22
1 23
23
1 24
24
1 25
25
1 26
26
1 27
27
1 28
28
1 29
29
1 30
30
1 31
31
1 32
32
1 33
33
1 34
34
1 35
35
1 36
36
1 37
37
1 38
38
1 39
39
1 40
40
1 41
41
1 42
42
1 43
43
1 44
44
1 45
45
1 46
46
1 47
47
1 48
48
1 49
49
1 50
50
2 3
4
2 4
6
2 5
8
2 6
10
2 7
12
2 8
14
2 9
16
2 10
18
2 11
20
2 12
22
2 13
24
2 14
26
2 15
28
2 16
30
2 17
32
2 18
34
2 19
36
2 20
38
2 21
40
2 22
42
2 23
44
2 24
46
2 25
48
2 26
50
2 27
52
2 28
54
2 29
56
2 30
58
2 31
60
2 32
62
2 33
64
2 34
66
2 35
68
2 36
70
2 37
72
2 38
74
2 39
76
2 40
78
2 41
80
2 42
82
2 43
84
2 44
86
2 45
88
2 46
90
2 47
92
2 48
94
2 49
96
2 50
98
3 3
5
3 4
8
3 5
11
3 6
14
3 7
17
3 8
20
3 9
23
3 10
26
3 11
29
3 12
32
3 13
35
3 14
38
3 15
41
3 16
44
3 17
47
3 18
50
3 19
53
3 20
56
3 21
59
3 22
62
3 23
65
3 24
68
3 25
71
3 26
74
3 27
77
3 28
80
3 29
83
3 30
86
3 31
89
3 32
92
3 33
95
3 34
98
3 35
101
3 36
104
3 37
107
3 38
110
3 39
113
3 40
116
3 41
119
3 42
122
3 43
125
3 44
128
3 45
131
3 46
134
3 47
137
3 48
140
3 49
143
3 50
146
4 3
6
4 4
10
4 5
14
4 6
18
4 7
22
4 8
26
4 9
30
4 10
34
4 11
38
4 12
42
4 13
46
4 14
50
4 15
54
4 16
58
4 17
62
4 18
66
4 19
70
4 20
74
4 21
78
4 22
82
4 23
86
4 24
90
4 25
94
4 26
98
4 27
102
4 28
106
4 29
110
4 30
114
4 31
118
4 32
122
4 33
126
4 34
130
4 35
134
4 36
138
4 37
142
4 38
146
4 39
150
4 40
154
4 41
158
4 42
162
4 43
166
4 44
170
4 45
174
4 46
178
4 47
182
4 48
186
4 49
190
4 50
194
5 3
7
5 4
12
5 5
17
5 6
22
5 7
27
5 8
32
5 9
37
5 10
42
5 11
47
5 12
52
5 13
57
5 14
62
5 15
67
5 16
72
5 17
77
5 18
82
5 19
87
5 20
92
5 21
97
5 22
102
5 23
107
5 24
112
5 25
117
5 26
122
5 27
127
5 28
132
5 29
137
5 30
142
5 31
147
5 32
152
5 33
157
5 34
162
5 35
167
5 36
172
5 37
177
5 38
182
5 39
187
5 40
192
5 41
197
5 42
202
5 43
207
5 44
212
5 45
217
5 46
222
5 47
227
5 48
232
5 49
237
5 50
242
6 3
8
6 4
14
6 5
20
6 6
26
6 7
32
6 8
38
6 9
44
6 10
50
6 11
56
6 12
62
6 13
68
6 14
74
6 15
80
6 16
86
6 17
92
6 18
98
6 19
104
6 20
110
6 21
116
6 22
122
6 23
128
6 24
134
6 25
140
6 26
146
6 27
152
6 28
158
6 29
164
6 30
170
6 31
176
6 32
182
6 33
188
6 34
194
6 35
200
6 36
206
6 37
212
6 38
218
6 39
224
6 40
230
6 41
236
6 42
242
6 43
248
6 44
254
6 45
260
6 46
266
6 47
272
6 48
278
6 49
284
6 50
290
7 3
9
7 4
16
7 5
23
7 6
30
7 7
37
7 8
44
7 9
51
7 10
58
7 11
65
7 12
72
7 13
79
7 14
86
7 15
93
7 16
100
7 17
107
7 18
114
7 19
121
7 20
128
7 21
135
7 22
142
7 23
149
7 24
156
7 25
163
7 26
170
7 27
177
7 28
184
7 29
191
7 30
198
7 31
205
7 32
212
7 33
219
7 34
226
7 35
233
7 36
240
7 37
247
7 38
254
7 39
261
7 40
268
7 41
275
7 42
282
7 43
289
7 44
296
7 45
303
7 46
310
7 47
317
7 48
324
7 49
331
7 50
338
8 3
10
8 4
18
8 5
26
8 6
34
8 7
42
8 8
50
8 9
58
8 10
66
8 11
74
8 12
82
8 13
90
8 14
98
8 15
106
8 16
114
8 17
122
8 18
130
8 19
138
8 20
146
8 21
154
8 22
162
8 23
170
8 24
178
8 25
186
8 26
194
8 27
202
8 28
210
8 29
218
8 30
226
8 31
234
8 32
242
8 33
250
8 34
258
8 35
266
8 36
274
8 37
282
8 38
290
8 39
298
8 40
306
8 41
314
8 42
322
8 43
330
8 44
338
8 45
346
8 46
354
8 47
362
8 48
370
8 49
378
8 50
386
9 3
11
9 4
20
9 5
29
9 6
38
9 7
47
9 8
56
9 9
65
9 10
74
9 11
83
9 12
92
9 13
101
9 14
110
9 15
119
9 16
128
9 17
137
9 18
146
9 19
155
9 20
164
9 21
173
9 22
182
9 23
191
9 24
200
9 25
209
9 26
218
9 27
227
9 28
236
9 29
245
9 30
254
9 31
263
9 32
272
9 33
281
9 34
290
9 35
299
9 36
308
9 37
317
9 38
326
9 39
335
9 40
344
9 41
353
9 42
362
9 43
371
9 44
380
9 45
389
9 46
398
9 47
407
9 48
416
9 49
425
9 50
434
10 3
12
10 4
22
10 5
32
10 6
42
10 7
52
10 8
62
10 9
72
10 10
82
10 11
92
10 12
102
10 13
112
10 14
122
10 15
132
10 16
142
10 17
152
10 18
162
10 19
172
10 20
182
10 21
192
10 22
202
10 23
212
10 24
222
10 25
232
10 26
242
10 27
252
10 28
262
10 29
272
10 30
282
10 31
292
10 32
302
10 33
312
10 34
322
10 35
332
10 36
342
10 37
352
10 38
362
10 39
372
10 40
382
10 41
392
10 42
402
10 43
412
10 44
422
10 45
432
10 46
442
10 47
452
10 48
462
10 49
472
10 50
482
11 3
13
11 4
24
11 5
35
11 6
46
11 7
57
11 8
68
11 9
79
11 10
90
11 11
101
11 12
112
11 13
123
11 14
134
11 15
145
11 16
156
11 17
167
11 18
178
11 19
189
11 20
200
11 21
211
11 22
222
11 23
233
11 24
244
11 25
255
11 26
266
11 27
277
11 28
288
11 29
299
11 30
310
11 31
321
11 32
332
11 33
343
11 34
354
11 35
365
11 36
376
11 37
387
11 38
398
11 39
409
11 40
420
11 41
431
11 42
442
11 43
453
11 44
464
11 45
475
11 46
486
11 47
497
11 48
508
11 49
519
11 50
530
12 3
14
12 4
26
12 5
38
12 6
50
12 7
62
12 8
74
12 9
86
12 10
98
12 11
110
12 12
122
12 13
134
12 14
146
12 15
158
12 16
170
12 17
182
12 18
194
12 19
206
12 20
218
12 21
230
12 22
242
12 23
254
12 24
266
12 25
278
12 26
290
12 27
302
12 28
314
12 29
326
12 30
338
12 31
350
12 32
362
12 33
374
12 34
386
12 35
398
12 36
410
12 37
422
12 38
434
12 39
446
12 40
458
12 41
470
12 42
482
12 43
494
12 44
506
12 45
518
12 46
530
12 47
542
12 48
554
12 49
566
12 50
578
13 3
15
13 4
28
13 5
41
13 6
54
13 7
67
13 8
80
13 9
93
13 10
106
13 11
119
13 12
132
13 13
145
13 14
158
13 15
171
13 16
184
13 17
197
13 18
210
13 19
223
13 20
236
13 21
249
13 22
262
13 23
275
13 24
288
13 25
301
13 26
314
13 27
327
13 28
340
13 29
353
13 30
366
13 31
379
13 32
392
13 33
405
13 34
418
13 35
431
13 36
444
13 37
457
13 38
470
13 39
483
13 40
496
13 41
509
13 42
522
13 43
535
13 44
548
13 45
561
13 46
574
13 47
587
13 48
600
13 49
613
13 50
626
14 3
16
14 4
30
14 5
44
14 6
58
14 7
72
14 8
86
14 9
100
14 10
114
14 11
128
14 12
142
14 13
156
14 14
170
14 15
184
14 16
198
14 17
212
14 18
226
14 19
240
14 20
254
14 21
268
14 22
282
14 23
296
14 24
310
14 25
324
14 26
338
14 27
352
14 28
366
14 29
380
14 30
394
14 31
408
14 32
422
14 33
436
14 34
450
14 35
464
14 36
478
14 37
492
14 38
506
14 39
520
14 40
534
14 41
548
14 42
562
14 43
576
14 44
590
14 45
604
14 46
618
14 47
632
14 48
646
14 49
660
14 50
674
15 3
17
15 4
32
15 5
47
15 6
62
15 7
77
15 8
92
15 9
107
15 10
122
15 11
137
15 12
152
15 13
167
15 14
182
15 15
197
15 16
212
15 17
227
15 18
242
15 19
257
15 20
272
15 21
287
15 22
302
15 23
317
15 24
332
15 25
347
15 26
362
15 27
377
15 28
392
15 29
407
15 30
422
15 31
437
15 32
452
15 33
467
15 34
482
15 35
497
15 36
512
15 37
527
15 38
542
15 39
557
15 40
572
15 41
587
15 42
602
15 43
617
15 44
632
15 45
647
15 46
662
15 47
677
15 48
692
15 49
707
15 50
722
16 3
18
16 4
34
16 5
50
16 6
66
16 7
82
16 8
98
16 9
114
16 10
130
16 11
146
16 12
162
16 13
178
16 14
194
16 15
210
16 16
226
16 17
242
16 18
258
16 19
274
16 20
290
16 21
306
16 22
322
16 23
338
16 24
354
16 25
370
16 26
386
16 27
402
16 28
418
16 29
434
16 30
450
16 31
466
16 32
482
16 33
498
16 34
514
16 35
530
16 36
546
16 37
562
16 38
578
16 39
594
16 40
610
16 41
626
16 42
642
16 43
658
16 44
674
16 45
690
16 46
706
16 47
722
16 48
738
16 49
754
16 50
770
17 3
19
17 4
36
17 5
53
17 6
70
17 7
87
17 8
104
17 9
121
17 10
138
17 11
155
17 12
172
17 13
189
17 14
206
17 15
223
17 16
240
17 17
257
17 18
274
17 19
291
17 20
308
17 21
325
17 22
342
17 23
359
17 24
376
17 25
393
17 26
410
17 27
427
17 28
444
17 29
461
17 30
478
17 31
495
17 32
512
17 33
529
17 34
546
17 35
563
17 36
580
17 37
597
17 38
614
17 39
631
17 40
648
17 41
665
17 42
682
17 43
699
17 44
716
17 45
733
17 46
750
17 47
767
17 48
784
17 49
801
17 50
818
18 3
20
18 4
38
18 5
56
18 6
74
18 7
92
18 8
110
18 9
128
18 10
146
18 11
164
18 12
182
18 13
200
18 14
218
18 15
236
18 16
254
18 17
272
18 18
290
18 19
308
18 20
326
18 21
344
18 22
362
18 23
380
18 24
398
18 25
416
18 26
434
18 27
452
18 28
470
18 29
488
18 30
506
18 31
524
18 32
542
18 33
560
18 34
578
18 35
596
18 36
614
18 37
632
18 38
650
18 39
668
18 40
686
18 41
704
18 42
722
18 43
740
18 44
758
18 45
776
18 46
794
18 47
812
18 48
830
18 49
848
18 50
866
19 3
21
19 4
40
19 5
59
19 6
78
19 7
97
19 8
116
19 9
135
19 10
154
19 11
173
19 12
192
19 13
211
19 14
230
19 15
249
19 16
268
19 17
287
19 18
306
19 19
325
19 20
344
19 21
363
19 22
382
19 23
401
19 24
420
19 25
439
19 26
458
19 27
477
19 28
496
19 29
515
19 30
534
19 31
553
19 32
572
19 33
591
19 34
610
19 35
629
19 36
648
19 37
667
19 38
686
19 39
705
19 40
724
19 41
743
19 42
762
19 43
781
19 44
800
19 45
819
19 46
838
19 47
857
19 48
876
19 49
895
19 50
914
20 3
22
20 4
42
20 5
62
20 6
82
20 7
102
20 8
122
20 9
142
20 10
162
20 11
182
20 12
202
20 13
222
20 14
242
20 15
262
20 16
282
20 17
302
20 18
322
20 19
342
20 20
362
20 21
382
20 22
402
20 23
422
20 24
442
20 25
462
20 26
482
20 27
502
20 28
522
20 29
542
20 30
562
20 31
582
20 32
602
20 33
622
20 34
642
20 35
662
20 36
682
20 37
702
20 38
722
20 39
742
20 40
762
20 41
782
20 42
802
20 43
822
20 44
842
20 45
862
20 46
882
20 47
902
20 48
922
20 49
942
20 50
962
21 3
23
21 4
44
21 5
65
21 6
86
21 7
107
21 8
128
21 9
149
21 10
170
21 11
191
21 12
212
21 13
233
21 14
254
21 15
275
21 16
296
21 17
317
21 18
338
21 19
359
21 20
380
21 21
401
21 22
422
21 23
443
21 24
464
21 25
485
21 26
506
21 27
527
21 28
548
21 29
569
21 30
590
21 31
611
21 32
632
21 33
653
21 34
674
21 35
695
21 36
716
21 37
737
21 38
758
21 39
779
21 40
800
21 41
821
21 42
842
21 43
863
21 44
884
21 45
905
21 46
926
21 47
947
21 48
968
21 49
989
21 50
1010
22 3
24
22 4
46
22 5
68
22 6
90
22 7
112
22 8
134
22 9
156
22 10
178
22 11
200
22 12
222
22 13
244
22 14
266
22 15
288
22 16
310
22 17
332
22 18
354
22 19
376
22 20
398
22 21
420
22 22
442
22 23
464
22 24
486
22 25
508
22 26
530
22 27
552
22 28
574
22 29
596
22 30
618
22 31
640
22 32
662
22 33
684
22 34
706
22 35
728
22 36
750
22 37
772
22 38
794
22 39
816
22 40
838
22 41
860
22 42
882
22 43
904
22 44
926
22 45
948
22 46
970
22 47
992
22 48
1014
22 49
1036
22 50
1058
23 3
25
23 4
48
23 5
71
23 6
94
23 7
117
23 8
140
23 9
163
23 10
186
23 11
209
23 12
232
23 13
255
23 14
278
23 15
301
23 16
324
23 17
347
23 18
370
23 19
393
23 20
416
23 21
439
23 22
462
23 23
485
23 24
508
23 25
531
23 26
554
23 27
577
23 28
600
23 29
623
23 30
646
23 31
669
23 32
692
23 33
715
23 34
738
23 35
761
23 36
784
23 37
807
23 38
830
23 39
853
23 40
876
23 41
899
23 42
922
23 43
945
23 44
968
23 45
991
23 46
1014
23 47
1037
23 48
1060
23 49
1083
23 50
1106
24 3
26
24 4
50
24 5
74
24 6
98
24 7
122
24 8
146
24 9
170
24 10
194
24 11
218
24 12
242
24 13
266
24 14
290
24 15
314
24 16
338
24 17
362
24 18
386
24 19
410
24 20
434
24 21
458
24 22
482
24 23
506
24 24
530
24 25
554
24 26
578
24 27
602
24 28
626
24 29
650
24 30
674
24 31
698
24 32
722
24 33
746
24 34
770
24 35
794
24 36
818
24 37
842
24 38
866
24 39
890
24 40
914
24 41
938
24 42
962
24 43
986
24 44
1010
24 45
1034
24 46
1058
24 47
1082
24 48
1106
24 49
1130
24 50
1154
25 3
27
25 4
52
25 5
77
25 6
102
25 7
127
25 8
152
25 9
177
25 10
202
25 11
227
25 12
252
25 13
277
25 14
302
25 15
327
25 16
352
25 17
377
25 18
402
25 19
427
25 20
452
25 21
477
25 22
502
25 23
527
25 24
552
25 25
577
25 26
602
25 27
627
25 28
652
25 29
677
25 30
702
25 31
727
25 32
752
25 33
777
25 34
802
25 35
827
25 36
852
25 37
877
25 38
902
25 39
927
25 40
952
25 41
977
25 42
1002
25 43
1027
25 44
1052
25 45
1077
25 46
1102
25 47
1127
25 48
1152
25 49
1177
25 50
1202
26 3
28
26 4
54
26 5
80
26 6
106
26 7
132
26 8
158
26 9
184
26 10
210
26 11
236
26 12
262
26 13
288
26 14
314
26 15
340
26 16
366
26 17
392
26 18
418
26 19
444
26 20
470
26 21
496
26 22
522
26 23
548
26 24
574
26 25
600
26 26
626
26 27
652
26 28
678
26 29
704
26 30
730
26 31
756
26 32
782
26 33
808
26 34
834
26 35
860
26 36
886
26 37
912
26 38
938
26 39
964
26 40
990
26 41
1016
26 42
1042
26 43
1068
26 44
1094
26 45
1120
26 46
1146
26 47
1172
26 48
1198
26 49
1224
26 50
1250
27 3
29
27 4
56
27 5
83
27 6
110
27 7
137
27 8
164
27 9
191
27 10
218
27 11
245
27 12
272
27 13
299
27 14
326
27 15
353
27 16
380
27 17
407
27 18
434
27 19
461
27 20
488
27 21
515
27 22
542
27 23
569
27 24
596
27 25
623
27 26
650
27 27
677
27 28
704
27 29
731
27 30
758
27 31
785
27 32
812
27 33
839
27 34
866
27 35
893
27 36
920
27 37
947
27 38
974
27 39
1001
27 40
1028
27 41
1055
27 42
1082
27 43
1109
27 44
1136
27 45
1163
27 46
1190
27 47
1217
27 48
1244
27 49
1271
27 50
1298
28 3
30
28 4
58
28 5
86
28 6
114
28 7
142
28 8
170
28 9
198
28 10
226
28 11
254
28 12
282
28 13
310
28 14
338
28 15
366
28 16
394
28 17
422
28 18
450
28 19
478
28 20
506
28 21
534
28 22
562
28 23
590
28 24
618
28 25
646
28 26
674
28 27
702
28 28
730
28 29
758
28 30
786
28 31
814
28 32
842
28 33
870
28 34
898
28 35
926
28 36
954
28 37
982
28 38
1010
28 39
1038
28 40
1066
28 41
1094
28 42
1122
28 43
1150
28 44
1178
28 45
1206
28 46
1234
28 47
1262
28 48
1290
28 49
1318
28 50
1346
29 3
31
29 4
60
29 5
89
29 6
118
29 7
147
29 8
176
29 9
205
29 10
234
29 11
263
29 12
292
29 13
321
29 14
350
29 15
379
29 16
408
29 17
437
29 18
466
29 19
495
29 20
524
29 21
553
29 22
582
29 23
611
29 24
640
29 25
669
29 26
698
29 27
727
29 28
756
29 29
785
29 30
814
29 31
843
29 32
872
29 33
901
29 34
930
29 35
959
29 36
988
29 37
1017
29 38
1046
29 39
1075
29 40
1104
29 41
1133
29 42
1162
29 43
1191
29 44
1220
29 45
1249
29 46
1278
29 47
1307
29 48
1336
29 49
1365
29 50
1394
30 3
32
30 4
62
30 5
92
30 6
122
30 7
152
30 8
182
30 9
212
30 10
242
30 11
272
30 12
302
30 13
332
30 14
362
30 15
392
30 16
422
30 17
452
30 18
482
30 19
512
30 20
542
30 21
572
30 22
602
30 23
632
30 24
662
30 25
692
30 26
722
30 27
752
30 28
782
30 29
812
30 30
842
30 31
872
30 32
902
30 33
932
30 34
962
30 35
992
30 36
1022
30 37
1052
30 38
1082
30 39
1112
30 40
1142
30 41
1172
30 42
1202
30 43
1232
30 44
1262
30 45
1292
30 46
1322
30 47
1352
30 48
1382
30 49
1412
30 50
1442
31 3
33
31 4
64
31 5
95
31 6
126
31 7
157
31 8
188
31 9
219
31 10
250
31 11
281
31 12
312
31 13
343
31 14
374
31 15
405
31 16
436
31 17
467
31 18
498
31 19
529
31 20
560
31 21
591
31 22
622
31 23
653
31 24
684
31 25
715
31 26
746
31 27
777
31 28
808
31 29
839
31 30
870
31 31
901
31 32
932
31 33
963
31 34
994
31 35
1025
31 36
1056
31 37
1087
31 38
1118
31 39
1149
31 40
1180
31 41
1211
31 42
1242
31 43
1273
31 44
1304
31 45
1335
31 46
1366
31 47
1397
31 48
1428
31 49
1459
31 50
1490
32 3
34
32 4
66
32 5
98
32 6
130
32 7
162
32 8
194
32 9
226
32 10
258
32 11
290
32 12
322
32 13
354
32 14
386
32 15
418
32 16
450
32 17
482
32 18
514
32 19
546
32 20
578
32 21
610
32 22
642
32 23
674
32 24
706
32 25
738
32 26
770
32 27
802
32 28
834
32 29
866
32 30
898
32 31
930
32 32
962
32 33
994
32 34
1026
32 35
1058
32 36
1090
32 37
1122
32 38
1154
32 39
1186
32 40
1218
32 41
1250
32 42
1282
32 43
1314
32 44
1346
32 45
1378
32 46
1410
32 47
1442
32 48
1474
32 49
1506
32 50
1538
33 3
35
33 4
68
33 5
101
33 6
134
33 7
167
33 8
200
33 9
233
33 10
266
33 11
299
33 12
332
33 13
365
33 14
398
33 15
431
33 16
464
33 17
497
33 18
530
33 19
563
33 20
596
33 21
629
33 22
662
33 23
695
33 24
728
33 25
761
33 26
794
33 27
827
33 28
860
33 29
893
33 30
926
33 31
959
33 32
992
33 33
1025
33 34
1058
33 35
1091
33 36
1124
33 37
1157
33 38
1190
33 39
1223
33 40
1256
33 41
1289
33 42
1322
33 43
1355
33 44
1388
33 45
1421
33 46
1454
33 47
1487
33 48
1520
33 49
1553
33 50
1586
34 3
36
34 4
70
34 5
104
34 6
138
34 7
172
34 8
206
34 9
240
34 10
274
34 11
308
34 12
342
34 13
376
34 14
410
34 15
444
34 16
478
34 17
512
34 18
546
34 19
580
34 20
614
34 21
648
34 22
682
34 23
716
34 24
750
34 25
784
34 26
818
34 27
852
34 28
886
34 29
920
34 30
954
34 31
988
34 32
1022
34 33
1056
34 34
1090
34 35
1124
34 36
1158
34 37
1192
34 38
1226
34 39
1260
34 40
1294
34 41
1328
34 42
1362
34 43
1396
34 44
1430
34 45
1464
34 46
1498
34 47
1532
34 48
1566
34 49
1600
34 50
1634
35 3
37
35 4
72
35 5
107
35 6
142
35 7
177
35 8
212
35 9
247
35 10
282
35 11
317
35 12
352
35 13
387
35 14
422
35 15
457
35 16
492
35 17
527
35 18
562
35 19
597
35 20
632
35 21
667
35 22
702
35 23
737
35 24
772
35 25
807
35 26
842
35 27
877
35 28
912
35 29
947
35 30
982
35 31
1017
35 32
1052
35 33
1087
35 34
1122
35 35
1157
35 36
1192
35 37
1227
35 38
1262
35 39
1297
35 40
1332
35 41
1367
35 42
1402
35 43
1437
35 44
1472
35 45
1507
35 46
1542
35 47
1577
35 48
1612
35 49
1647
35 50
1682
36 3
38
36 4
74
36 5
110
36 6
146
36 7
182
36 8
218
36 9
254
36 10
290
36 11
326
36 12
362
36 13
398
36 14
434
36 15
470
36 16
506
36 17
542
36 18
578
36 19
614
36 20
650
36 21
686
36 22
722
36 23
758
36 24
794
36 25
830
36 26
866
36 27
902
36 28
938
36 29
974
36 30
1010
36 31
1046
36 32
1082
36 33
1118
36 34
1154
36 35
1190
36 36
1226
36 37
1262
36 38
1298
36 39
1334
36 40
1370
36 41
1406
36 42
1442
36 43
1478
36 44
1514
36 45
1550
36 46
1586
36 47
1622
36 48
1658
36 49
1694
36 50
1730
37 3
39
37 4
76
37 5
113
37 6
150
37 7
187
37 8
224
37 9
261
37 10
298
37 11
335
37 12
372
37 13
409
37 14
446
37 15
483
37 16
520
37 17
557
37 18
594
37 19
631
37 20
668
37 21
705
37 22
742
37 23
779
37 24
816
37 25
853
37 26
890
37 27
927
37 28
964
37 29
1001
37 30
1038
37 31
1075
37 32
1112
37 33
1149
37 34
1186
37 35
1223
37 36
1260
37 37
1297
37 38
1334
37 39
1371
37 40
1408
37 41
1445
37 42
1482
37 43
1519
37 44
1556
37 45
1593
37 46
1630
37 47
1667
37 48
1704
37 49
1741
37 50
1778
38 3
40
38 4
78
38 5
116
38 6
154
38 7
192
38 8
230
38 9
268
38 10
306
38 11
344
38 12
382
38 13
420
38 14
458
38 15
496
38 16
534
38 17
572
38 18
610
38 19
648
38 20
686
38 21
724
38 22
762
38 23
800
38 24
838
38 25
876
38 26
914
38 27
952
38 28
990
38 29
1028
38 30
1066
38 31
1104
38 32
1142
38 33
1180
38 34
1218
38 35
1256
38 36
1294
38 37
1332
38 38
1370
38 39
1408
38 40
1446
38 41
1484
38 42
1522
38 43
1560
38 44
1598
38 45
1636
38 46
1674
38 47
1712
38 48
1750
38 49
1788
38 50
1826
39 3
41
39 4
80
39 5
119
39 6
158
39 7
197
39 8
236
39 9
275
39 10
314
39 11
353
39 12
392
39 13
431
39 14
470
39 15
509
39 16
548
39 17
587
39 18
626
39 19
665
39 20
704
39 21
743
39 22
782
39 23
821
39 24
860
39 25
899
39 26
938
39 27
977
39 28
1016
39 29
1055
39 30
1094
39 31
1133
39 32
1172
39 33
1211
39 34
1250
39 35
1289
39 36
1328
39 37
1367
39 38
1406
39 39
1445
39 40
1484
39 41
1523
39 42
1562
39 43
1601
39 44
1640
39 45
1679
39 46
1718
39 47
1757
39 48
1796
39 49
1835
39 50
1874
40 3
42
40 4
82
40 5
122
40 6
162
40 7
202
40 8
242
40 9
282
40 10
322
40 11
362
40 12
402
40 13
442
40 14
482
40 15
522
40 16
562
40 17
602
40 18
642
40 19
682
40 20
722
40 21
762
40 22
802
40 23
842
40 24
882
40 25
922
40 26
962
40 27
1002
40 28
1042
40 29
1082
40 30
1122
40 31
1162
40 32
1202
40 33
1242
40 34
1282
40 35
1322
40 36
1362
40 37
1402
40 38
1442
40 39
1482
40 40
1522
40 41
1562
40 42
1602
40 43
1642
40 44
1682
40 45
1722
40 46
1762
40 47
1802
40 48
1842
40 49
1882
40 50
1922
41 3
43
41 4
84
41 5
125
41 6
166
41 7
207
41 8
248
41 9
289
41 10
330
41 11
371
41 12
412
41 13
453
41 14
494
41 15
535
41 16
576
41 17
617
41 18
658
41 19
699
41 20
740
41 21
781
41 22
822
41 23
863
41 24
904
41 25
945
41 26
986
41 27
1027
41 28
1068
41 29
1109
41 30
1150
41 31
1191
41 32
1232
41 33
1273
41 34
1314
41 35
1355
41 36
1396
41 37
1437
41 38
1478
41 39
1519
41 40
1560
41 41
1601
41 42
1642
41 43
1683
41 44
1724
41 45
1765
41 46
1806
41 47
1847
41 48
1888
41 49
1929
41 50
1970
42 3
44
42 4
86
42 5
128
42 6
170
42 7
212
42 8
254
42 9
296
42 10
338
42 11
380
42 12
422
42 13
464
42 14
506
42 15
548
42 16
590
42 17
632
42 18
674
42 19
716
42 20
758
42 21
800
42 22
842
42 23
884
42 24
926
42 25
968
42 26
1010
42 27
1052
42 28
1094
42 29
1136
42 30
1178
42 31
1220
42 32
1262
42 33
1304
42 34
1346
42 35
1388
42 36
1430
42 37
1472
42 38
1514
42 39
1556
42 40
1598
42 41
1640
42 42
1682
42 43
1724
42 44
1766
42 45
1808
42 46
1850
42 47
1892
42 48
1934
42 49
1976
42 50
2018
43 3
45
43 4
88
43 5
131
43 6
174
43 7
217
43 8
260
43 9
303
43 10
346
43 11
389
43 12
432
43 13
475
43 14
518
43 15
561
43 16
604
43 17
647
43 18
690
43 19
733
43 20
776
43 21
819
43 22
862
43 23
905
43 24
948
43 25
991
43 26
1034
43 27
1077
43 28
1120
43 29
1163
43 30
1206
43 31
1249
43 32
1292
43 33
1335
43 34
1378
43 35
1421
43 36
1464
43 37
1507
43 38
1550
43 39
1593
43 40
1636
43 41
1679
43 42
1722
43 43
1765
43 44
1808
43 45
1851
43 46
1894
43 47
1937
43 48
1980
43 49
2023
43 50
2066
44 3
46
44 4
90
44 5
134
44 6
178
44 7
222
44 8
266
44 9
310
44 10
354
44 11
398
44 12
442
44 13
486
44 14
530
44 15
574
44 16
618
44 17
662
44 18
706
44 19
750
44 20
794
44 21
838
44 22
882
44 23
926
44 24
970
44 25
1014
44 26
1058
44 27
1102
44 28
1146
44 29
1190
44 30
1234
44 31
1278
44 32
1322
44 33
1366
44 34
1410
44 35
1454
44 36
1498
44 37
1542
44 38
1586
44 39
1630
44 40
1674
44 41
1718
44 42
1762
44 43
1806
44 44
1850
44 45
1894
44 46
1938
44 47
1982
44 48
2026
44 49
2070
44 50
2114
45 3
47
45 4
92
45 5
137
45 6
182
45 7
227
45 8
272
45 9
317
45 10
362
45 11
407
45 12
452
45 13
497
45 14
542
45 15
587
45 16
632
45 17
677
45 18
722
45 19
767
45 20
812
45 21
857
45 22
902
45 23
947
45 24
992
45 25
1037
45 26
1082
45 27
1127
45 28
1172
45 29
1217
45 30
1262
45 31
1307
45 32
1352
45 33
1397
45 34
1442
45 35
1487
45 36
1532
45 37
1577
45 38
1622
45 39
1667
45 40
1712
45 41
1757
45 42
1802
45 43
1847
45 44
1892
45 45
1937
45 46
1982
45 47
2027
45 48
2072
45 49
2117
45 50
2162
46 3
48
46 4
94
46 5
140
46 6
186
46 7
232
46 8
278
46 9
324
46 10
370
46 11
416
46 12
462
46 13
508
46 14
554
46 15
600
46 16
646
46 17
692
46 18
738
46 19
784
46 20
830
46 21
876
46 22
922
46 23
968
46 24
1014
46 25
1060
46 26
1106
46 27
1152
46 28
1198
46 29
1244
46 30
1290
46 31
1336
46 32
1382
46 33
1428
46 34
1474
46 35
1520
46 36
1566
46 37
1612
46 38
1658
46 39
1704
46 40
1750
46 41
1796
46 42
1842
46 43
1888
46 44
1934
46 45
1980
46 46
2026
46 47
2072
46 48
2118
46 49
2164
46 50
2210
47 3
49
47 4
96
47 5
143
47 6
190
47 7
237
47 8
284
47 9
331
47 10
378
47 11
425
47 12
472
47 13
519
47 14
566
47 15
613
47 16
660
47 17
707
47 18
754
47 19
801
47 20
848
47 21
895
47 22
942
47 23
989
47 24
1036
47 25
1083
47 26
1130
47 27
1177
47 28
1224
47 29
1271
47 30
1318
47 31
1365
47 32
1412
47 33
1459
47 34
1506
47 35
1553
47 36
1600
47 37
1647
47 38
1694
47 39
1741
47 40
1788
47 41
1835
47 42
1882
47 43
1929
47 44
1976
47 45
2023
47 46
2070
47 47
2117
47 48
2164
47 49
2211
47 50
2258
48 3
50
48 4
98
48 5
146
48 6
194
48 7
242
48 8
290
48 9
338
48 10
386
48 11
434
48 12
482
48 13
530
48 14
578
48 15
626
48 16
674
48 17
722
48 18
770
48 19
818
48 20
866
48 21
914
48 22
962
48 23
1010
48 24
1058
48 25
1106
48 26
1154
48 27
1202
48 28
1250
48 29
1298
48 30
1346
48 31
1394
48 32
1442
48 33
1490
48 34
1538
48 35
1586
48 36
1634
48 37
1682
48 38
1730
48 39
1778
48 40
1826
48 41
1874
48 42
1922
48 43
1970
48 44
2018
48 45
2066
48 46
2114
48 47
2162
48 48
2210
48 49
2258
48 50
2306
49 3
51
49 4
100
49 5
149
49 6
198
49 7
247
49 8
296
49 9
345
49 10
394
49 11
443
49 12
492
49 13
541
49 14
590
49 15
639
49 16
688
49 17
737
49 18
786
49 19
835
49 20
884
49 21
933
49 22
982
49 23
1031
49 24
1080
49 25
1129
49 26
1178
49 27
1227
49 28
1276
49 29
1325
49 30
1374
49 31
1423
49 32
1472
49 33
1521
49 34
1570
49 35
1619
49 36
1668
49 37
1717
49 38
1766
49 39
1815
49 40
1864
49 41
1913
49 42
1962
49 43
2011
49 44
2060
49 45
2109
49 46
2158
49 47
2207
49 48
2256
49 49
2305
49 50
2354
50 3
52
50 4
102
50 5
152
50 6
202
50 7
252
50 8
302
50 9
352
50 10
402
50 11
452
50 12
502
50 13
552
50 14
602
50 15
652
50 16
702
50 17
752
50 18
802
50 19
852
50 20
902
50 21
952
50 22
1002
50 23
1052
50 24
1102
50 25
1152
50 26
1202
50 27
1252
50 28
1302
50 29
1352
50 30
1402
50 31
1452
50 32
1502
50 33
1552
50 34
1602
50 35
1652
50 36
1702
50 37
1752
50 38
1802
50 39
1852
50 40
1902
50 41
1952
50 42
2002
50 43
2052
50 44
2102
50 45
2152
50 46
2202
50 47
2252
50 48
2302
50 49
2352
50 50
2402
51 3
53
51 4
104
51 5
155
51 6
206
51 7
257
51 8
308
51 9
359
51 10
410
51 11
461
51 12
512
51 13
563
51 14
614
51 15
665
51 16
716
51 17
767
51 18
818
51 19
869
51 20
920
51 21
971
51 22
1022
51 23
1073
51 24
1124
51 25
1175
51 26
1226
51 27
1277
51 28
1328
51 29
1379
51 30
1430
51 31
1481
51 32
1532
51 33
1583
51 34
1634
51 35
1685
51 36
1736
51 37
1787
51 38
1838
51 39
1889
51 40
1940
51 41
1991
51 42
2042
51 43
2093
51 44
2144
51 45
2195
51 46
2246
51 47
2297
51 48
2348
51 49
2399
51 50
2450
52 3
54
52 4
106
52 5
158
52 6
210
52 7
262
52 8
314
52 9
366
52 10
418
52 11
470
52 12
522
52 13
574
52 14
626
52 15
678
52 16
730
52 17
782
52 18
834
52 19
886
52 20
938
52 21
990
52 22
1042
52 23
1094
52 24
1146
52 25
1198
52 26
1250
52 27
1302
52 28
1354
52 29
1406
52 30
1458
52 31
1510
52 32
1562
52 33
1614
52 34
1666
52 35
1718
52 36
1770
52 37
1822
52 38
1874
52 39
1926
52 40
1978
52 41
2030
52 42
2082
52 43
2134
52 44
2186
52 45
2238
52 46
2290
52 47
2342
52 48
2394
52 49
2446
52 50
2498
53 3
55
53 4
108
53 5
161
53 6
214
53 7
267
53 8
320
53 9
373
53 10
426
53 11
479
53 12
532
53 13
585
53 14
638
53 15
691
53 16
744
53 17
797
53 18
850
53 19
903
53 20
956
53 21
1009
53 22
1062
53 23
1115
53 24
1168
53 25
1221
53 26
1274
53 27
1327
53 28
1380
53 29
1433
53 30
1486
53 31
1539
53 32
1592
53 33
1645
53 34
1698
53 35
1751
53 36
1804
53 37
1857
53 38
1910
53 39
1963
53 40
2016
53 41
2069
53 42
2122
53 43
2175
53 44
2228
53 45
2281
53 46
2334
53 47
2387
53 48
2440
53 49
2493
53 50
2546
54 3
56
54 4
110
54 5
164
54 6
218
54 7
272
54 8
326
54 9
380
54 10
434
54 11
488
54 12
542
54 13
596
54 14
650
54 15
704
54 16
758
54 17
812
54 18
866
54 19
920
54 20
974
54 21
1028
54 22
1082
54 23
1136
54 24
1190
54 25
1244
54 26
1298
54 27
1352
54 28
1406
54 29
1460
54 30
1514
54 31
1568
54 32
1622
54 33
1676
54 34
1730
54 35
1784
54 36
1838
54 37
1892
54 38
1946
54 39
2000
54 40
2054
54 41
2108
54 42
2162
54 43
2216
54 44
2270
54 45
2324
54 46
2378
54 47
2432
54 48
2486
54 49
2540
54 50
2594
55 3
57
55 4
112
55 5
167
55 6
222
55 7
277
55 8
332
55 9
387
55 10
442
55 11
497
55 12
552
55 13
607
55 14
662
55 15
717
55 16
772
55 17
827
55 18
882
55 19
937
55 20
992
55 21
1047
55 22
1102
55 23
1157
55 24
1212
55 25
1267
55 26
1322
55 27
1377
55 28
1432
55 29
1487
55 30
1542
55 31
1597
55 32
1652
55 33
1707
55 34
1762
55 35
1817
55 36
1872
55 37
1927
55 38
1982
55 39
2037
55 40
2092
55 41
2147
55 42
2202
55 43
2257
55 44
2312
55 45
2367
55 46
2422
55 47
2477
55 48
2532
55 49
2587
55 50
2642
56 3
58
56 4
114
56 5
170
56 6
226
56 7
282
56 8
338
56 9
394
56 10
450
56 11
506
56 12
562
56 13
618
56 14
674
56 15
730
56 16
786
56 17
842
56 18
898
56 19
954
56 20
1010
56 21
1066
56 22
1122
56 23
1178
56 24
1234
56 25
1290
56 26
1346
56 27
1402
56 28
1458
56 29
1514
56 30
1570
56 31
1626
56 32
1682
56 33
1738
56 34
1794
56 35
1850
56 36
1906
56 37
1962
56 38
2018
56 39
2074
56 40
2130
56 41
2186
56 42
2242
56 43
2298
56 44
2354
56 45
2410
56 46
2466
56 47
2522
56 48
2578
56 49
2634
56 50
2690
57 3
59
57 4
116
57 5
173
57 6
230
57 7
287
57 8
344
57 9
401
57 10
458
57 11
515
57 12
572
57 13
629
57 14
686
57 15
743
57 16
800
57 17
857
57 18
914
57 19
971
57 20
1028
57 21
1085
57 22
1142
57 23
1199
57 24
1256
57 25
1313
57 26
1370
57 27
1427
57 28
1484
57 29
1541
57 30
1598
57 31
1655
57 32
1712
57 33
1769
57 34
1826
57 35
1883
57 36
1940
57 37
1997
57 38
2054
57 39
2111
57 40
2168
57 41
2225
57 42
2282
57 43
2339
57 44
2396
57 45
2453
57 46
2510
57 47
2567
57 48
2624
57 49
2681
57 50
2738
58 3
60
58 4
118
58 5
176
58 6
234
58 7
292
58 8
350
58 9
408
58 10
466
58 11
524
58 12
582
58 13
640
58 14
698
58 15
756
58 16
814
58 17
872
58 18
930
58 19
988
58 20
1046
58 21
1104
58 22
1162
58 23
1220
58 24
1278
58 25
1336
58 26
1394
58 27
1452
58 28
1510
58 29
1568
58 30
1626
58 31
1684
58 32
1742
58 33
1800
58 34
1858
58 35
1916
58 36
1974
58 37
2032
58 38
2090
58 39
2148
58 40
2206
58 41
2264
58 42
2322
58 43
2380
58 44
2438
58 45
2496
58 46
2554
58 47
2612
58 48
2670
58 49
2728
58 50
2786
59 3
61
59 4
120
59 5
179
59 6
238
59 7
297
59 8
356
59 9
415
59 10
474
59 11
533
59 12
592
59 13
651
59 14
710
59 15
769
59 16
828
59 17
887
59 18
946
59 19
1005
59 20
1064
59 21
1123
59 22
1182
59 23
1241
59 24
1300
59 25
1359
59 26
1418
59 27
1477
59 28
1536
59 29
1595
59 30
1654
59 31
1713
59 32
1772
59 33
1831
59 34
1890
59 35
1949
59 36
2008
59 37
2067
59 38
2126
59 39
2185
59 40
2244
59 41
2303
59 42
2362
59 43
2421
59 44
2480
59 45
2539
59 46
2598
59 47
2657
59 48
2716
59 49
2775
59 50
2834
60 3
62
60 4
122
60 5
182
60 6
242
60 7
302
60 8
362
60 9
422
60 10
482
60 11
542
60 12
602
60 13
662
60 14
722
60 15
782
60 16
842
60 17
902
60 18
962
60 19
1022
60 20
1082
60 21
1142
60 22
1202
60 23
1262
60 24
1322
60 25
1382
60 26
1442
60 27
1502
60 28
1562
60 29
1622
60 30
1682
60 31
1742
60 32
1802
60 33
1862
60 34
1922
60 35
1982
60 36
2042
60 37
2102
60 38
2162
60 39
2222
60 40
2282
60 41
2342
60 42
2402
60 43
2462
60 44
2522
60 45
2582
60 46
2642
60 47
2702
60 48
2762
60 49
2822
60 50
2882
61 3
63
61 4
124
61 5
185
61 6
246
61 7
307
61 8
368
61 9
429
61 10
490
61 11
551
61 12
612
61 13
673
61 14
734
61 15
795
61 16
856
61 17
917
61 18
978
61 19
1039
61 20
1100
61 21
1161
61 22
1222
61 23
1283
61 24
1344
61 25
1405
61 26
1466
61 27
1527
61 28
1588
61 29
1649
61 30
1710
61 31
1771
61 32
1832
61 33
1893
61 34
1954
61 35
2015
61 36
2076
61 37
2137
61 38
2198
61 39
2259
61 40
2320
61 41
2381
61 42
2442
61 43
2503
61 44
2564
61 45
2625
61 46
2686
61 47
2747
61 48
2808
61 49
2869
61 50
2930
62 3
64
62 4
126
62 5
188
62 6
250
62 7
312
62 8
374
62 9
436
62 10
498
62 11
560
62 12
622
62 13
684
62 14
746
62 15
808
62 16
870
62 17
932
62 18
994
62 19
1056
62 20
1118
62 21
1180
62 22
1242
62 23
1304
62 24
1366
62 25
1428
62 26
1490
62 27
1552
62 28
1614
62 29
1676
62 30
1738
62 31
1800
62 32
1862
62 33
1924
62 34
1986
62 35
2048
62 36
2110
62 37
2172
62 38
2234
62 39
2296
62 40
2358
62 41
2420
62 42
2482
62 43
2544
62 44
2606
62 45
2668
62 46
2730
62 47
2792
62 48
2854
62 49
2916
62 50
2978
63 3
65
63 4
128
63 5
191
63 6
254
63 7
317
63 8
380
63 9
443
63 10
506
63 11
569
63 12
632
63 13
695
63 14
758
63 15
821
63 16
884
63 17
947
63 18
1010
63 19
1073
63 20
1136
63 21
1199
63 22
1262
63 23
1325
63 24
1388
63 25
1451
63 26
1514
63 27
1577
63 28
1640
63 29
1703
63 30
1766
63 31
1829
63 32
1892
63 33
1955
63 34
2018
63 35
2081
63 36
2144
63 37
2207
63 38
2270
63 39
2333
63 40
2396
63 41
2459
63 42
2522
63 43
2585
63 44
2648
63 45
2711
63 46
2774
63 47
2837
63 48
2900
63 49
2963
63 50
3026
64 3
66
64 4
130
64 5
194
64 6
258
64 7
322
64 8
386
64 9
450
64 10
514
64 11
578
64 12
642
64 13
706
64 14
770
64 15
834
64 16
898
64 17
962
64 18
1026
64 19
1090
64 20
1154
64 21
1218
64 22
1282
64 23
1346
64 24
1410
64 25
1474
64 26
1538
64 27
1602
64 28
1666
64 29
1730
64 30
1794
64 31
1858
64 32
1922
64 33
1986
64 34
2050
64 35
2114
64 36
2178
64 37
2242
64 38
2306
64 39
2370
64 40
2434
64 41
2498
64 42
2562
64 43
2626
64 44
2690
64 45
2754
64 46
2818
64 47
2882
64 48
2946
64 49
3010
64 50
3074
65 3
67
65 4
132
65 5
197
65 6
262
65 7
327
65 8
392
65 9
457
65 10
522
65 11
587
65 12
652
65 13
717
65 14
782
65 15
847
65 16
912
65 17
977
65 18
1042
65 19
1107
65 20
1172
65 21
1237
65 22
1302
65 23
1367
65 24
1432
65 25
1497
65 26
1562
65 27
1627
65 28
1692
65 29
1757
65 30
1822
65 31
1887
65 32
1952
65 33
2017
65 34
2082
65 35
2147
65 36
2212
65 37
2277
65 38
2342
65 39
2407
65 40
2472
65 41
2537
65 42
2602
65 43
2667
65 44
2732
65 45
2797
65 46
2862
65 47
2927
65 48
2992
65 49
3057
65 50
3122
66 3
68
66 4
134
66 5
200
66 6
266
66 7
332
66 8
398
66 9
464
66 10
530
66 11
596
66 12
662
66 13
728
66 14
794
66 15
860
66 16
926
66 17
992
66 18
1058
66 19
1124
66 20
1190
66 21
1256
66 22
1322
66 23
1388
66 24
1454
66 25
1520
66 26
1586
66 27
1652
66 28
1718
66 29
1784
66 30
1850
66 31
1916
66 32
1982
66 33
2048
66 34
2114
66 35
2180
66 36
2246
66 37
2312
66 38
2378
66 39
2444
66 40
2510
66 41
2576
66 42
2642
66 43
2708
66 44
2774
66 45
2840
66 46
2906
66 47
2972
66 48
3038
66 49
3104
66 50
3170
67 3
69
67 4
136
67 5
203
67 6
270
67 7
337
67 8
404
67 9
471
67 10
538
67 11
605
67 12
672
67 13
739
67 14
806
67 15
873
67 16
940
67 17
1007
67 18
1074
67 19
1141
67 20
1208
67 21
1275
67 22
1342
67 23
1409
67 24
1476
67 25
1543
67 26
1610
67 27
1677
67 28
1744
67 29
1811
67 30
1878
67 31
1945
67 32
2012
67 33
2079
67 34
2146
67 35
2213
67 36
2280
67 37
2347
67 38
2414
67 39
2481
67 40
2548
67 41
2615
67 42
2682
67 43
2749
67 44
2816
67 45
2883
67 46
2950
67 47
3017
67 48
3084
67 49
3151
67 50
3218
68 3
70
68 4
138
68 5
206
68 6
274
68 7
342
68 8
410
68 9
478
68 10
546
68 11
614
68 12
682
68 13
750
68 14
818
68 15
886
68 16
954
68 17
1022
68 18
1090
68 19
1158
68 20
1226
68 21
1294
68 22
1362
68 23
1430
68 24
1498
68 25
1566
68 26
1634
68 27
1702
68 28
1770
68 29
1838
68 30
1906
68 31
1974
68 32
2042
68 33
2110
68 34
2178
68 35
2246
68 36
2314
68 37
2382
68 38
2450
68 39
2518
68 40
2586
68 41
2654
68 42
2722
68 43
2790
68 44
2858
68 45
2926
68 46
2994
68 47
3062
68 48
3130
68 49
3198
68 50
3266
69 3
71
69 4
140
69 5
209
69 6
278
69 7
347
69 8
416
69 9
485
69 10
554
69 11
623
69 12
692
69 13
761
69 14
830
69 15
899
69 16
968
69 17
1037
69 18
1106
69 19
1175
69 20
1244
69 21
1313
69 22
1382
69 23
1451
69 24
1520
69 25
1589
69 26
1658
69 27
1727
69 28
1796
69 29
1865
69 30
1934
69 31
2003
69 32
2072
69 33
2141
69 34
2210
69 35
2279
69 36
2348
69 37
2417
69 38
2486
69 39
2555
69 40
2624
69 41
2693
69 42
2762
69 43
2831
69 44
2900
69 45
2969
69 46
3038
69 47
3107
69 48
3176
69 49
3245
69 50
3314
70 3
72
70 4
142
70 5
212
70 6
282
70 7
352
70 8
422
70 9
492
70 10
562
70 11
632
70 12
702
70 13
772
70 14
842
70 15
912
70 16
982
70 17
1052
70 18
1122
70 19
1192
70 20
1262
70 21
1332
70 22
1402
70 23
1472
70 24
1542
70 25
1612
70 26
1682
70 27
1752
70 28
1822
70 29
1892
70 30
1962
70 31
2032
70 32
2102
70 33
2172
70 34
2242
70 35
2312
70 36
2382
70 37
2452
70 38
2522
70 39
2592
70 40
2662
70 41
2732
70 42
2802
70 43
2872
70 44
2942
70 45
3012
70 46
3082
70 47
3152
70 48
3222
70 49
3292
70 50
3362
71 3
73
71 4
144
71 5
215
71 6
286
71 7
357
71 8
428
71 9
499
71 10
570
71 11
641
71 12
712
71 13
783
71 14
854
71 15
925
71 16
996
71 17
1067
71 18
1138
71 19
1209
71 20
1280
71 21
1351
71 22
1422
71 23
1493
71 24
1564
71 25
1635
71 26
1706
71 27
1777
71 28
1848
71 29
1919
71 30
1990
71 31
2061
71 32
2132
71 33
2203
71 34
2274
71 35
2345
71 36
2416
71 37
2487
71 38
2558
71 39
2629
71 40
2700
71 41
2771
71 42
2842
71 43
2913
71 44
2984
71 45
3055
71 46
3126
71 47
3197
71 48
3268
71 49
3339
71 50
3410
72 3
74
72 4
146
72 5
218
72 6
290
72 7
362
72 8
434
72 9
506
72 10
578
72 11
650
72 12
722
72 13
794
72 14
866
72 15
938
72 16
1010
72 17
1082
72 18
1154
72 19
1226
72 20
1298
72 21
1370
72 22
1442
72 23
1514
72 24
1586
72 25
1658
72 26
1730
72 27
1802
72 28
1874
72 29
1946
72 30
2018
72 31
2090
72 32
2162
72 33
2234
72 34
2306
72 35
2378
72 36
2450
72 37
2522
72 38
2594
72 39
2666
72 40
2738
72 41
2810
72 42
2882
72 43
2954
72 44
3026
72 45
3098
72 46
3170
72 47
3242
72 48
3314
72 49
3386
72 50
3458
73 3
75
73 4
148
73 5
221
73 6
294
73 7
367
73 8
440
73 9
513
73 10
586
73 11
659
73 12
732
73 13
805
73 14
878
73 15
951
73 16
1024
73 17
1097
73 18
1170
73 19
1243
73 20
1316
73 21
1389
73 22
1462
73 23
1535
73 24
1608
73 25
1681
73 26
1754
73 27
1827
73 28
1900
73 29
1973
73 30
2046
73 31
2119
73 32
2192
73 33
2265
73 34
2338
73 35
2411
73 36
2484
73 37
2557
73 38
2630
73 39
2703
73 40
2776
73 41
2849
73 42
2922
73 43
2995
73 44
3068
73 45
3141
73 46
3214
73 47
3287
73 48
3360
73 49
3433
73 50
3506
74 3
76
74 4
150
74 5
224
74 6
298
74 7
372
74 8
446
74 9
520
74 10
594
74 11
668
74 12
742
74 13
816
74 14
890
74 15
964
74 16
1038
74 17
1112
74 18
1186
74 19
1260
74 20
1334
74 21
1408
74 22
1482
74 23
1556
74 24
1630
74 25
1704
74 26
1778
74 27
1852
74 28
1926
74 29
2000
74 30
2074
74 31
2148
74 32
2222
74 33
2296
74 34
2370
74 35
2444
74 36
2518
74 37
2592
74 38
2666
74 39
2740
74 40
2814
74 41
2888
74 42
2962
74 43
3036
74 44
3110
74 45
3184
74 46
3258
74 47
3332
74 48
3406
74 49
3480
74 50
3554
75 3
77
75 4
152
75 5
227
75 6
302
75 7
377
75 8
452
75 9
527
75 10
602
75 11
677
75 12
752
75 13
827
75 14
902
75 15
977
75 16
1052
75 17
1127
75 18
1202
75 19
1277
75 20
1352
75 21
1427
75 22
1502
75 23
1577
75 24
1652
75 25
1727
75 26
1802
75 27
1877
75 28
1952
75 29
2027
75 30
2102
75 31
2177
75 32
2252
75 33
2327
75 34
2402
75 35
2477
75 36
2552
75 37
2627
75 38
2702
75 39
2777
75 40
2852
75 41
2927
75 42
3002
75 43
3077
75 44
3152
75 45
3227
75 46
3302
75 47
3377
75 48
3452
75 49
3527
75 50
3602
76 3
78
76 4
154
76 5
230
76 6
306
76 7
382
76 8
458
76 9
534
76 10
610
76 11
686
76 12
762
76 13
838
76 14
914
76 15
990
76 16
1066
76 17
1142
76 18
1218
76 19
1294
76 20
1370
76 21
1446
76 22
1522
76 23
1598
76 24
1674
76 25
1750
76 26
1826
76 27
1902
76 28
1978
76 29
2054
76 30
2130
76 31
2206
76 32
2282
76 33
2358
76 34
2434
76 35
2510
76 36
2586
76 37
2662
76 38
2738
76 39
2814
76 40
2890
76 41
2966
76 42
3042
76 43
3118
76 44
3194
76 45
3270
76 46
3346
76 47
3422
76 48
3498
76 49
3574
76 50
3650
77 3
79
77 4
156
77 5
233
77 6
310
77 7
387
77 8
464
77 9
541
77 10
618
77 11
695
77 12
772
77 13
849
77 14
926
77 15
1003
77 16
1080
77 17
1157
77 18
1234
77 19
1311
77 20
1388
77 21
1465
77 22
1542
77 23
1619
77 24
1696
77 25
1773
77 26
1850
77 27
1927
77 28
2004
77 29
2081
77 30
2158
77 31
2235
77 32
2312
77 33
2389
77 34
2466
77 35
2543
77 36
2620
77 37
2697
77 38
2774
77 39
2851
77 40
2928
77 41
3005
77 42
3082
77 43
3159
77 44
3236
77 45
3313
77 46
3390
77 47
3467
77 48
3544
77 49
3621
77 50
3698
78 3
80
78 4
158
78 5
236
78 6
314
78 7
392
78 8
470
78 9
548
78 10
626
78 11
704
78 12
782
78 13
860
78 14
938
78 15
1016
78 16
1094
78 17
1172
78 18
1250
78 19
1328
78 20
1406
78 21
1484
78 22
1562
78 23
1640
78 24
1718
78 25
1796
78 26
1874
78 27
1952
78 28
2030
78 29
2108
78 30
2186
78 31
2264
78 32
2342
78 33
2420
78 34
2498
78 35
2576
78 36
2654
78 37
2732
78 38
2810
78 39
2888
78 40
2966
78 41
3044
78 42
3122
78 43
3200
78 44
3278
78 45
3356
78 46
3434
78 47
3512
78 48
3590
78 49
3668
78 50
3746
79 3
81
79 4
160
79 5
239
79 6
318
79 7
397
79 8
476
79 9
555
79 10
634
79 11
713
79 12
792
79 13
871
79 14
950
79 15
1029
79 16
1108
79 17
1187
79 18
1266
79 19
1345
79 20
1424
79 21
1503
79 22
1582
79 23
1661
79 24
1740
79 25
1819
79 26
1898
79 27
1977
79 28
2056
79 29
2135
79 30
2214
79 31
2293
79 32
2372
79 33
2451
79 34
2530
79 35
2609
79 36
2688
79 37
2767
79 38
2846
79 39
2925
79 40
3004
79 41
3083
79 42
3162
79 43
3241
79 44
3320
79 45
3399
79 46
3478
79 47
3557
79 48
3636
79 49
3715
79 50
3794
80 3
82
80 4
162
80 5
242
80 6
322
80 7
402
80 8
482
80 9
562
80 10
642
80 11
722
80 12
802
80 13
882
80 14
962
80 15
1042
80 16
1122
80 17
1202
80 18
1282
80 19
1362
80 20
1442
80 21
1522
80 22
1602
80 23
1682
80 24
1762
80 25
1842
80 26
1922
80 27
2002
80 28
2082
80 29
2162
80 30
2242
80 31
2322
80 32
2402
80 33
2482
80 34
2562
80 35
2642
80 36
2722
80 37
2802
80 38
2882
80 39
2962
80 40
3042
80 41
3122
80 42
3202
80 43
3282
80 44
3362
80 45
3442
80 46
3522
80 47
3602
80 48
3682
80 49
3762
80 50
3842
81 3
83
81 4
164
81 5
245
81 6
326
81 7
407
81 8
488
81 9
569
81 10
650
81 11
731
81 12
812
81 13
893
81 14
974
81 15
1055
81 16
1136
81 17
1217
81 18
1298
81 19
1379
81 20
1460
81 21
1541
81 22
1622
81 23
1703
81 24
1784
81 25
1865
81 26
1946
81 27
2027
81 28
2108
81 29
2189
81 30
2270
81 31
2351
81 32
2432
81 33
2513
81 34
2594
81 35
2675
81 36
2756
81 37
2837
81 38
2918
81 39
2999
81 40
3080
81 41
3161
81 42
3242
81 43
3323
81 44
3404
81 45
3485
81 46
3566
81 47
3647
81 48
3728
81 49
3809
81 50
3890
82 3
84
82 4
166
82 5
248
82 6
330
82 7
412
82 8
494
82 9
576
82 10
658
82 11
740
82 12
822
82 13
904
82 14
986
82 15
1068
82 16
1150
82 17
1232
82 18
1314
82 19
1396
82 20
1478
82 21
1560
82 22
1642
82 23
1724
82 24
1806
82 25
1888
82 26
1970
82 27
2052
82 28
2134
82 29
2216
82 30
2298
82 31
2380
82 32
2462
82 33
2544
82 34
2626
82 35
2708
82 36
2790
82 37
2872
82 38
2954
82 39
3036
82 40
3118
82 41
3200
82 42
3282
82 43
3364
82 44
3446
82 45
3528
82 46
3610
82 47
3692
82 48
3774
82 49
3856
82 50
3938
83 3
85
83 4
168
83 5
251
83 6
334
83 7
417
83 8
500
83 9
583
83 10
666
83 11
749
83 12
832
83 13
915
83 14
998
83 15
1081
83 16
1164
83 17
1247
83 18
1330
83 19
1413
83 20
1496
83 21
1579
83 22
1662
83 23
1745
83 24
1828
83 25
1911
83 26
1994
83 27
2077
83 28
2160
83 29
2243
83 30
2326
83 31
2409
83 32
2492
83 33
2575
83 34
2658
83 35
2741
83 36
2824
83 37
2907
83 38
2990
83 39
3073
83 40
3156
83 41
3239
83 42
3322
83 43
3405
83 44
3488
83 45
3571
83 46
3654
83 47
3737
83 48
3820
83 49
3903
83 50
3986
84 3
86
84 4
170
84 5
254
84 6
338
84 7
422
84 8
506
84 9
590
84 10
674
84 11
758
84 12
842
84 13
926
84 14
1010
84 15
1094
84 16
1178
84 17
1262
84 18
1346
84 19
1430
84 20
1514
84 21
1598
84 22
1682
84 23
1766
84 24
1850
84 25
1934
84 26
2018
84 27
2102
84 28
2186
84 29
2270
84 30
2354
84 31
2438
84 32
2522
84 33
2606
84 34
2690
84 35
2774
84 36
2858
84 37
2942
84 38
3026
84 39
3110
84 40
3194
84 41
3278
84 42
3362
84 43
3446
84 44
3530
84 45
3614
84 46
3698
84 47
3782
84 48
3866
84 49
3950
84 50
4034
85 3
87
85 4
172
85 5
257
85 6
342
85 7
427
85 8
512
85 9
597
85 10
682
85 11
767
85 12
852
85 13
937
85 14
1022
85 15
1107
85 16
1192
85 17
1277
85 18
1362
85 19
1447
85 20
1532
85 21
1617
85 22
1702
85 23
1787
85 24
1872
85 25
1957
85 26
2042
85 27
2127
85 28
2212
85 29
2297
85 30
2382
85 31
2467
85 32
2552
85 33
2637
85 34
2722
85 35
2807
85 36
2892
85 37
2977
85 38
3062
85 39
3147
85 40
3232
85 41
3317
85 42
3402
85 43
3487
85 44
3572
85 45
3657
85 46
3742
85 47
3827
85 48
3912
85 49
3997
85 50
4082
86 3
88
86 4
174
86 5
260
86 6
346
86 7
432
86 8
518
86 9
604
86 10
690
86 11
776
86 12
862
86 13
948
86 14
1034
86 15
1120
86 16
1206
86 17
1292
86 18
1378
86 19
1464
86 20
1550
86 21
1636
86 22
1722
86 23
1808
86 24
1894
86 25
1980
86 26
2066
86 27
2152
86 28
2238
86 29
2324
86 30
2410
86 31
2496
86 32
2582
86 33
2668
86 34
2754
86 35
2840
86 36
2926
86 37
3012
86 38
3098
86 39
3184
86 40
3270
86 41
3356
86 42
3442
86 43
3528
86 44
3614
86 45
3700
86 46
3786
86 47
3872
86 48
3958
86 49
4044
86 50
4130
87 3
89
87 4
176
87 5
263
87 6
350
87 7
437
87 8
524
87 9
611
87 10
698
87 11
785
87 12
872
87 13
959
87 14
1046
87 15
1133
87 16
1220
87 17
1307
87 18
1394
87 19
1481
87 20
1568
87 21
1655
87 22
1742
87 23
1829
87 24
1916
87 25
2003
87 26
2090
87 27
2177
87 28
2264
87 29
2351
87 30
2438
87 31
2525
87 32
2612
87 33
2699
87 34
2786
87 35
2873
87 36
2960
87 37
3047
87 38
3134
87 39
3221
87 40
3308
87 41
3395
87 42
3482
87 43
3569
87 44
3656
87 45
3743
87 46
3830
87 47
3917
87 48
4004
87 49
4091
87 50
4178
88 3
90
88 4
178
88 5
266
88 6
354
88 7
442
88 8
530
88 9
618
88 10
706
88 11
794
88 12
882
88 13
970
88 14
1058
88 15
1146
88 16
1234
88 17
1322
88 18
1410
88 19
1498
88 20
1586
88 21
1674
88 22
1762
88 23
1850
88 24
1938
88 25
2026
88 26
2114
88 27
2202
88 28
2290
88 29
2378
88 30
2466
88 31
2554
88 32
2642
88 33
2730
88 34
2818
88 35
2906
88 36
2994
88 37
3082
88 38
3170
88 39
3258
88 40
3346
88 41
3434
88 42
3522
88 43
3610
88 44
3698
88 45
3786
88 46
3874
88 47
3962
88 48
4050
88 49
4138
88 50
4226
89 3
91
89 4
180
89 5
269
89 6
358
89 7
447
89 8
536
89 9
625
89 10
714
89 11
803
89 12
892
89 13
981
89 14
1070
89 15
1159
89 16
1248
89 17
1337
89 18
1426
89 19
1515
89 20
1604
89 21
1693
89 22
1782
89 23
1871
89 24
1960
89 25
2049
89 26
2138
89 27
2227
89 28
2316
89 29
2405
89 30
2494
89 31
2583
89 32
2672
89 33
2761
89 34
2850
89 35
2939
89 36
3028
89 37
3117
89 38
3206
89 39
3295
89 40
3384
89 41
3473
89 42
3562
89 43
3651
89 44
3740
89 45
3829
89 46
3918
89 47
4007
89 48
4096
89 49
4185
89 50
4274
90 3
92
90 4
182
90 5
272
90 6
362
90 7
452
90 8
542
90 9
632
90 10
722
90 11
812
90 12
902
90 13
992
90 14
1082
90 15
1172
90 16
1262
90 17
1352
90 18
1442
90 19
1532
90 20
1622
90 21
1712
90 22
1802
90 23
1892
90 24
1982
90 25
2072
90 26
2162
90 27
2252
90 28
2342
90 29
2432
90 30
2522
90 31
2612
90 32
2702
90 33
2792
90 34
2882
90 35
2972
90 36
3062
90 37
3152
90 38
3242
90 39
3332
90 40
3422
90 41
3512
90 42
3602
90 43
3692
90 44
3782
90 45
3872
90 46
3962
90 47
4052
90 48
4142
90 49
4232
90 50
4322
91 3
93
91 4
184
91 5
275
91 6
366
91 7
457
91 8
548
91 9
639
91 10
730
91 11
821
91 12
912
91 13
1003
91 14
1094
91 15
1185
91 16
1276
91 17
1367
91 18
1458
91 19
1549
91 20
1640
91 21
1731
91 22
1822
91 23
1913
91 24
2004
91 25
2095
91 26
2186
91 27
2277
91 28
2368
91 29
2459
91 30
2550
91 31
2641
91 32
2732
91 33
2823
91 34
2914
91 35
3005
91 36
3096
91 37
3187
91 38
3278
91 39
3369
91 40
3460
91 41
3551
91 42
3642
91 43
3733
91 44
3824
91 45
3915
91 46
4006
91 47
4097
91 48
4188
91 49
4279
91 50
4370
92 3
94
92 4
186
92 5
278
92 6
370
92 7
462
92 8
554
92 9
646
92 10
738
92 11
830
92 12
922
92 13
1014
92 14
1106
92 15
1198
92 16
1290
92 17
1382
92 18
1474
92 19
1566
92 20
1658
92 21
1750
92 22
1842
92 23
1934
92 24
2026
92 25
2118
92 26
2210
92 27
2302
92 28
2394
92 29
2486
92 30
2578
92 31
2670
92 32
2762
92 33
2854
92 34
2946
92 35
3038
92 36
3130
92 37
3222
92 38
3314
92 39
3406
92 40
3498
92 41
3590
92 42
3682
92 43
3774
92 44
3866
92 45
3958
92 46
4050
92 47
4142
92 48
4234
92 49
4326
92 50
4418
93 3
95
93 4
188
93 5
281
93 6
374
93 7
467
93 8
560
93 9
653
93 10
746
93 11
839
93 12
932
93 13
1025
93 14
1118
93 15
1211
93 16
1304
93 17
1397
93 18
1490
93 19
1583
93 20
1676
93 21
1769
93 22
1862
93 23
1955
93 24
2048
93 25
2141
93 26
2234
93 27
2327
93 28
2420
93 29
2513
93 30
2606
93 31
2699
93 32
2792
93 33
2885
93 34
2978
93 35
3071
93 36
3164
93 37
3257
93 38
3350
93 39
3443
93 40
3536
93 41
3629
93 42
3722
93 43
3815
93 44
3908
93 45
4001
93 46
4094
93 47
4187
93 48
4280
93 49
4373
93 50
4466
94 3
96
94 4
190
94 5
284
94 6
378
94 7
472
94 8
566
94 9
660
94 10
754
94 11
848
94 12
942
94 13
1036
94 14
1130
94 15
1224
94 16
1318
94 17
1412
94 18
1506
94 19
1600
94 20
1694
94 21
1788
94 22
1882
94 23
1976
94 24
2070
94 25
2164
94 26
2258
94 27
2352
94 28
2446
94 29
2540
94 30
2634
94 31
2728
94 32
2822
94 33
2916
94 34
3010
94 35
3104
94 36
3198
94 37
3292
94 38
3386
94 39
3480
94 40
3574
94 41
3668
94 42
3762
94 43
3856
94 44
3950
94 45
4044
94 46
4138
94 47
4232
94 48
4326
94 49
4420
94 50
4514
95 3
97
95 4
192
95 5
287
95 6
382
95 7
477
95 8
572
95 9
667
95 10
762
95 11
857
95 12
952
95 13
1047
95 14
1142
95 15
1237
95 16
1332
95 17
1427
95 18
1522
95 19
1617
95 20
1712
95 21
1807
95 22
1902
95 23
1997
95 24
2092
95 25
2187
95 26
2282
95 27
2377
95 28
2472
95 29
2567
95 30
2662
95 31
2757
95 32
2852
95 33
2947
95 34
3042
95 35
3137
95 36
3232
95 37
3327
95 38
3422
95 39
3517
95 40
3612
95 41
3707
95 42
3802
95 43
3897
95 44
3992
95 45
4087
95 46
4182
95 47
4277
95 48
4372
95 49
4467
95 50
4562
96 3
98
96 4
194
96 5
290
96 6
386
96 7
482
96 8
578
96 9
674
96 10
770
96 11
866
96 12
962
96 13
1058
96 14
1154
96 15
1250
96 16
1346
96 17
1442
96 18
1538
96 19
1634
96 20
1730
96 21
1826
96 22
1922
96 23
2018
96 24
2114
96 25
2210
96 26
2306
96 27
2402
96 28
2498
96 29
2594
96 30
2690
96 31
2786
96 32
2882
96 33
2978
96 34
3074
96 35
3170
96 36
3266
96 37
3362
96 38
3458
96 39
3554
96 40
3650
96 41
3746
96 42
3842
96 43
3938
96 44
4034
96 45
4130
96 46
4226
96 47
4322
96 48
4418
96 49
4514
96 50
4610
97 3
99
97 4
196
97 5
293
97 6
390
97 7
487
97 8
584
97 9
681
97 10
778
97 11
875
97 12
972
97 13
1069
97 14
1166
97 15
1263
97 16
1360
97 17
1457
97 18
1554
97 19
1651
97 20
1748
97 21
1845
97 22
1942
97 23
2039
97 24
2136
97 25
2233
97 26
2330
97 27
2427
97 28
2524
97 29
2621
97 30
2718
97 31
2815
97 32
2912
97 33
3009
97 34
3106
97 35
3203
97 36
3300
97 37
3397
97 38
3494
97 39
3591
97 40
3688
97 41
3785
97 42
3882
97 43
3979
97 44
4076
97 45
4173
97 46
4270
97 47
4367
97 48
4464
97 49
4561
97 50
4658
98 3
100
98 4
198
98 5
296
98 6
394
98 7
492
98 8
590
98 9
688
98 10
786
98 11
884
98 12
982
98 13
1080
98 14
1178
98 15
1276
98 16
1374
98 17
1472
98 18
1570
98 19
1668
98 20
1766
98 21
1864
98 22
1962
98 23
2060
98 24
2158
98 25
2256
98 26
2354
98 27
2452
98 28
2550
98 29
2648
98 30
2746
98 31
2844
98 32
2942
98 33
3040
98 34
3138
98 35
3236
98 36
3334
98 37
3432
98 38
3530
98 39
3628
98 40
3726
98 41
3824
98 42
3922
98 43
4020
98 44
4118
98 45
4216
98 46
4314
98 47
4412
98 48
4510
98 49
4608
98 50
4706
99 3
101
99 4
200
99 5
299
99 6
398
99 7
497
99 8
596
99 9
695
99 10
794
99 11
893
99 12
992
99 13
1091
99 14
1190
99 15
1289
99 16
1388
99 17
1487
99 18
1586
99 19
1685
99 20
1784
99 21
1883
99 22
1982
99 23
2081
99 24
2180
99 25
2279
99 26
2378
99 27
2477
99 28
2576
99 29
2675
99 30
2774
99 31
2873
99 32
2972
99 33
3071
99 34
3170
99 35
3269
99 36
3368
99 37
3467
99 38
3566
99 39
3665
99 40
3764
99 41
3863
99 42
3962
99 43
4061
99 44
4160
99 45
4259
99 46
4358
99 47
4457
99 48
4556
99 49
4655
99 50
4754
100 3
102
100 4
202
100 5
302
100 6
402
100 7
502
100 8
602
100 9
702
100 10
802
100 11
902
100 12
1002
100 13
1102
100 14
1202
100 15
1302
100 16
1402
100 17
1502
100 18
1602
100 19
1702
100 20
1802
100 21
1902
100 22
2002
100 23
2102
100 24
2202
100 25
2302
100 26
2402
100 27
2502
100 28
2602
100 29
2702
100 30
2802
100 31
2902
100 32
3002
100 33
3102
100 34
3202
100 35
3302
100 36
3402
100 37
3502
100 38
3602
100 39
3702
100 40
3802
100 41
3902
100 42
4002
100 43
4102
100 44
4202
100 45
4302
100 46
4402
100 47
4502
100 48
4602
100 49
4702
100 50
4802
