CD #1:
2100
20780
2000
660

CD #2:
7335
200
251
200

CD #3:
1531
86400
17640
1045
36288
50651
50401
1260
1008
1008

CD #4:
8650
1500
1801
300
1799
1500

CD #5:
6800
1400
1800
200
1600
1400

CD #6:
10650
1600
2099
400
1799
1500

CD #7:
2798
2844
4101
25004
13204

CD #8:
48622
48622
48622
48622
48622
48622
48622
48622
48622
48622
48622
48622
48622
48622
48622
48622
48622
48622
48622
48622
48622
48622
48622
48622
48622
48622
48622
48622
48622
48622
48622
48622
48622
48622
48622
48622
48622
48622
48622
48622
48622
48622
48622
48622
48622
48622
48622
48622
48622
48622
48622
48622
48622
48622
48622
48622
48622
48622
48622
48622
48622
48622
48622
48622
48622
48622
48622
48622
48622
48622
48622
48622
48622
48622
48622
48622
48622
48622
48622
48622
48622
48622
48622
48622
48622
48622
48622
48622
48622
48622
48622
48622
48622
48622
48622
48622
48622
48622
48622
48622

CD #9:
30012
60060
86400
86400
86400
60000

CD #10:
18135
21580

CD #11:
7806
27577
18438
4797
4689
24376
15387
22907
15630
16675
14393
27978
17022
10658
18813
23610
26664
23052
12398
23241
27344
19526
26510
15386
9378
4354
27264
7815
18245
18216
3126
24276
15313
22445
13946
24299
22988
16566
11213
18454
21205
7702
13940
18365
1081
11470
24633
11812
28241
20830
15771
19978
27961
26571
13378
755
6901
9105
27323
24595
17592
15817
30205
29469
2238
5826
27945
17951
7285
23669
27653
9928
21364
10516
17872
9378
4163
17543
24373
15630
1467
10941
9329
17940

CD #12:
2864
17638
3937
6342
6362
19329
378
25688
22814
19048
5728
1094
15551
1001
15362
15222
7838
26455
4748
7757
15457
18336
28213
10978
20799
21415
9278
12310
10838
28348
26175
12020
11197
11062
26351
14706
2864
6031
13727
14678
9440
25345
22568
4841
25385
8285
2550
11456
16266
13631
18616
23489
17188
21160
16480
14157
27545
27005
8592
6236
18616
4950
3244
12888
12009
9691
19831
15991
23848
3746
17618
20352

CD #13:
3837
22666
498
1006
26134
13528
28701
14806
2946
7265
7150
22957
15010
15615
27861
13821
18094
19089
17037
3786
24613
9465
16028
16218
9611
19620
16444
30869
33502
20762
18466
18540
3308
6909
9800
6440
15144
2216
16054
5679
1893
11058
25389
18953
26251
27137
9465
23944
12474
6785
2324
8223
23739
4934
30088
20515
13821
1770
3252
10306
29956
23733
6242
11655
27679
16966
5679
9465
15844
15019
2986
26502
18795
23930
17568
12847
12669
18713
1893
9465
33233
17978
22716
12511
13352
29081
1893
25411
21521
17560
29557

CD #14:
9458
11973
8550
17520
22995
9039
3285
21900
12436
6645
15179
22649
14364
17520
10421
748
13540
10351
14801
28437
5657
17638
21106
16420
25850
4285
25906
14582
2190
15330
17884
17760
25938
19225
28470
1095
8369
11335
12020
12045
20319
19557
12333
23738
4380
25519
10907
18425
3285
14950
12045
4380
25403
1598
24512
3936
20762
2119
5631
15140
3285
12045
18615

CD #15:
259
14716
25561
10435
2830
10821
19286
22053
6792
1132
3396
19064
4010
9585
85
17641
17820
22640
28305
23527
7924
23035
15841
26248
4633
29280
11582
5883
11655
9971
29771
16611
14863
11398
4528
25198
7031
14512
17342
15935
10188
28071
18745
10612
4123
23772
11456
8561
15282
20277
14982
8016
9441
9702
14150
6792
3927

CD #16:
19356
16804
2363
11610
6136
19294
13545
21249
14833
16204
14976
28478
29932
22660
20658
290
19352
28589
15557
5805
13545
20331
16745
13147
10836
7020
5732
7740
22759
20092
11796
18644
19424
12555
13165
20660
1935
35471
30722
36257
27984
25740
10949
12862
29096
7088
18581
18550
22330
27179
28754
7571
3719
25755
15150
18723
19681
10794
16247
29896
20785
1935
17415
20894
28453
7484
6416
34830
33653
28052
11075
11611
6150
9675
19450
8153
5805
27944
2208
9254
7399
3870
11610
20018
27330

CD #17:
24086
2709
25030
12556
27895
24996
12482
12720
8220
7137
14110
19215
23151
27360
25405
217
5059
26257
21624
19507
2120
19073
13665
32358
3104
20335
14342
3520
10211
8235
24510
26342
17691
20459
16845
26438
19119
11448
16972
4027
16467
20309
10176
12014
19404
15866
21495
10176
2788
22629
7302
4434
13739
13992
4429
6205
4335
7612
14498
6360
21624
23212
17180
7389
18830
5973
25149
11505
8731
17332
23830
18904
3951
5088

CD #18:
19900
20530
17645
4037
4037
14141
21049
21640
14835
17024
4771
17477
9658
13875
4771
13799
9020
2914
2202
23855
2202
20562
7486
13212
5623
10521
12970
19451
14278
3303
10874
27098
3615
7086
3486
8808
19401
9909
13212
5351
2902
2546
13579
14680
10373
21653
11377
13946
2617
8441
17449
13579
1286
5172
17236
15223
18496
21814
8241
8074
7527
6615
822
9909
4653
1835
15414
3859
2569
24082
13095

CD #19:
5875
7467
8689
22254
18010
21215
3324
6066
3314
10110
12132
15165
5014
21178
3046
2900
3033
21586
199
23880
23642
17183
15612
8767
5203
15146
1222
12501
12703
2022
19839
4282
8088
670
5482
18708
20100
26286
21750
1703
4334
28301
6066
11950
4044
13396
29187
24264
5954
20220
5545
7032
22878
17083
15839
10771
21121
15908
22412
14691
1945
23178
5055
4044
16469
13143
3723
20581
16705
14682
7986
8088
4044
23866
24840
1752

CD #20:
21240
13292
10001
21428
21000
7506
8540
13279
7979
8223
18455
17936
26180
27157
10595
19560
6713
4075
123
17185
18900
8639
12225
7769
13667
2487
12434
15990
7120
27710
2445
16789
8150
10595
15675
30135
2766
22005
9619
19574
9314
5705
22846
9120
4933
3567
9780
3096
6520
21190
7724
4624
15542
14577
3260
1614
12516
8600
17206
17129
21247
4818
23154
3137
19560
1630
12952
20758
10393
22841
15145
28013
4890
24480
8965
8965
18374
22688
19121
15802
20375
24450
29499
26444
14724
8150
12728
17828
4077
12090
17677
12836
9098
23341
10400
12245

CD #21:
11157
28386
26171
28980
10500
32084
3000
23151
25849
7491
16341
15771
1500
8025
19920
14421
27032
20787
19111
18601
24736
30042
11204
17372
13500
16284
3000
959
28035
21627
7500
8280
25211
3000
17234
7459
22485
6729
23287
27620
16114
26356
24435
9142
23458
13955
20650
15186
11860
8742
4015
19190
15993
22624
7500
3018
7912
10078
23025
11802
23794
13008
16330
23944
22105
17855
5607
7500
3455
20280
7644
2659
10500
17679
9817
33000
5920
22350
15265
6194
4763
15000
1125
3918
9000
24941
12000
518
3000
17148
1378
7291
5216
7706
4768
20794
24814
10253
14336
9811

CD #22:
10590
22316
17669
22162
11538
24214
23957
22082
21567
7158
3440
17619
22649
17214
7377
1140
22890
8560
10609
20128
9347
16401
16663
9954
1986
1562
22541
1562
13889
6248
24331
11683
2717
5140
19597
12369
781
3571
22649
21087
5548
3742
13976
3905
13293
13911
22649
18968
15620
12633
22615
12496
23430
29905
3905
4686
5467
10753

CD #23:
15567
2772
7955
22188
5882
25239
11632
22188
14796
15996
6708
16995
19092
20255
6708
13797
8772
9903
6708
18256
18014
5160
12900
10190
20640
12519
4128
12778
13851
997
4644
25293
6341
8250
13416
10836
9068
20640
11585
11343
19608
2846
18351
5676
10836
1244
8950
11625
3185
18996
6657
17048
2064
1032
10511
20733
4644
6708
21785
4631
10836
4407
4128
21156
1032
1710
21172
7740
13932
19413
21375
19085
15996
1830
4644
20477
19608
8619
4864
18463
24470
5104
17028
4644
4159
2216

CD #24:
24843
8663
13537
8232
5074
9074
11035
19986
4281
14891
20039
7059
7203
9640
26117
10269
11520
22240
15334
20154
3424
6555
7559
17567
33612
4835
8690
15179
1029
17972
16213
6313
18550
20532
14637
18645
26851
27692
17440
3087
27754
19216
13845
8978
8232
4293
14614
18601
23989
5145
14838
20588

CD #25:
15235
1906
3885
10017
7155
18081
6201
16695
4293
21683
21159
23798
24126
11821
4801
18327
21611
6167
3339
6548
22440
2820
24749
22604
17878
12159
25668
13503
7155
13886
19435
2385
26681
1420
9063
10494
963
3501
9831
7632
19674
19522
21942
30773
19946
4789
3841
4895
477
10135
5724
4293
20240
778
9690
5904
9603
5659
500
17623
2441
5390
16870
12402
23053
6678
4030
8586
13833
4627
19745
10699
9393
17582
12096
5528
10056
22613
2923
18805
4293
20437
4075
15990
8318
14839
5878
9549
16215

CD #26:
22969
33413
30893
8243
23289
9944
25653
28224
10278
11960
5580
9254
10726
8172
31845
31017
5424
16342
32113
2389
14125
39689
35697
24688
19784
24658
25340
6321
16204
5924
7408
5128
17234
34678
28823
12554
20352
24044
31334
4146
12374
24449
24202
406
15167
28463
3619
28079
20506
26160
26405
29984
25557
14386
11506
3549
21252
6683
7228
2205
10816
14824
11104
19968
15297
10578
28486
7106
30730

CD #27:
9910
29599
22281
24450
24605
13717
23127
22014
28197
15324
24676
18976
8895
19527
6940
12664
21785
8229
25312
13276
17928
29192
18428
11339
14590
1779
27322
12418
21875
34095
13232
26137
7116
17656
10920
19555
18905
11166
8895
16093
29557
15669
6267
1737
22599
11688
5150
28579
25899
3558
19232
14797
7587
3558
21326
20172
8760
16269
1779
32747
14232
20118
14050
13242
12055
11756
23127
22177
5182
10124
1779
8895
27185
6723
11536
7699
20345
16011
1779
6654

CD #28:
20202
9379
82
20370
9915
21083
16741
16296
10836
17654
14041
15925
13580
20150
11732
7935
20353
12222
24804
21728
17199
22652
15824
8698
23932
1217
4582
18916
22286
22470
2198
12264
32592
3398
3144
18061
27139
22499
12761
5432
30203
10308
23756
27079
12222
23
17153
16563
20052
18831
14799
25011
6791
12395
25704
8722
9012
5989
30421
30584
12222
14029
12222
9075
8453
19708
17942
13580
16094
3682
4931
15420
1959
13338
21368
23940
20884
6930
20721

CD #29:
22504
24419
16746
19939
13307
2445
21319
19614
19228
18264
5551
24547
3904
842
3322
27192
7267
32545
9404
15412
19596
12959
4983
14585
28729
18719
27352
10959
6644
25622
15924
16288
21325
35328
16131
3322
20749
19291
10537
11148
24963
13311
11817
4773
26633
20026
651
7844
24230
13484
29656
8378
1661
3322
3322
17818
9337
27873
4744
22434
13707
16715
25644
28155
34574
19473
18600
17639
13515
15591
23440
4570
23781
18986
33770
3322
21540
17030
10101
13712
18144
17795
24393
11255
5041
7909
20805
3211
4142
16530
14517
9073
24348

CD #30:
15119
12606
16916
6039
12492
8096
20442
8723
20942
20078
8723
19094
16559
5100
5368
10937
1368
22564
14091
13013
20801
9773
8052
4697
15311
17182
9507
5368
18788
15431
3589
11407
17303
18547
22937
10739
2013
21140
3216
23563
3363
22724
1342
18264
27293
14314
13062
7381
15557
10666
8052
12435
671
10500
10542
14091
8995
11771
17446
14569
7381
10871
26840
11112
10232
4556
6076
1342
4697
12382
2013
15701
20292
20212
10794
14720
17966
27070
12749
8953
18058
8484
19851
5382
10338
20150
7381
1739
5368
11407
17032
19026
22814
13420
10065
25255

CD #31:
18618
25607
25449
17256
27883
8673
11665
13857
2051
16091
6571
10255
21564
2812
5948
31956
6153
24744
11947
16539
6386
26556
22296
14089
1180
20825
3678
5438
18746
20938
22507
23724
20159
33082
25209
14670
27222
9323
10255
21688
12170
21854
19568
4102
11662
21305
23591
32072
4102
14940
10304
24166
20920
16030
6282
14109
6153
9883
17666

CD #32:
13891
25448
24385
14092
3252
12599
11602
5091
20459
16948
22013
10402
11684
2527
10840
20234
23770
19880
13008
6363
7268
983
23047
4336
8409
10815
6232
12639
25579
18555
4018
2168
9256
19121
1084
9634
1601
4706
18852
3430
2820
13952
9756
7740
19435
8672
9756
10331
19700
3876
16567
14418
7304
17113
13008
14759
23806
17344
6043
25536
18047
21325
26040
7880
6984
2831
13008
17344
23848
27880
6509
2168
22571
12308
17344
14092
17668
19834
24878
21853
20748
15176

CD #33:
8775
11369
29807
25032
8880
2115
113
24035
19343
37556
19098
26057
3639
3913
21701
32159
3258
16753
22544
27391
16222
5910
18972
3358
28859
25522
10870
13657
10143
31265
24525
21287
4053
35788
11435
29033
25957
23973
24533
13378
4991
21902
29066
28574
7688
8549
10131
18655
17438
14546
2354
5535
5865
9351
27544
17901
18157
34186
17038
31406
33849
25107

CD #34:
9692
20349
22005
30271
19033
7080
8267
15532
6559
5274
14217
9748
9171
9319
18974
3948
14573
19451
29311
17563
20905
11471
5570
17190
15280
14728
641
15271
32475
11415
24490
31122
3619
5730
2679
14658
9550
21262
16506
18355
10376
9550
25926
21657
3454
3140
31725
6720
6170
22469
27908
25798

CD #35:
15778
8260
20300
5796
3857
12398
16443
17343
18270
406
9529
4669
9338
13963
23863
7714
1917
16685
17482
11571
22736
20097
24176
18175
17136
4872
15203
11141
24305
11165
15167
12150
14248
10374
8526
609
14210
13809
3208
174
7883
2436
8754
5689
2233
2910
18879
5072
10425
10150
17651
18407
6090
19976
7714
4872
6699
8323
1624
7071
22772
5887
1987
15022
14652
8348
11806
10962
7308
13239
20238
16084
18676
609
14278
20665
5278
1624
1127
1624
9541
15868
5684
6402
15428
17363
15428
21924
1827
14882
16218
250
23142
27486
9787
7714

CD #36:
16731
9009
27237
25740
21847
29020
24307
21529
5265
7550
4669
12017
14051
780
2949
12434
27896
15052
23635
19305
21380
9194
3861
16784
25948
20813
15685
13049
23088
3041
23038
3861
11661
9707
22580
20124
10049
3756
6786
16988
28127
23956
2668
487
10624
24291
22355
5148
2125
20840
5148
19916
9925
9080
15700
15444
24319
18425
8439
21336
21879
10118
17189
1287
10124
21879
11583
3861
15929
16731
9099
7656
8976
21262
2574
15743
19445
18004
5148
19404
35445
17538
16779
11026
23108
4021
13186
16828
9009
3861
23049
9009
5148
9213
15296

CD #37:
19511
11187
14368
2694
17847
16684
7408
2232
21552
224
20370
11253
2660
6921
16695
3729
3256
529
13217
1347
12572
22470
8027
15311
7184
20222
19935
10686
810
22782
10179
7020
898
10327
21103
8980
1347
11225
15715
24488
8376
12920
14157
23071
15266
8980
11587
12366
16214
17619
6242
15266
17492
9429
20799
414
22125
15266
16835
704
14464
14110
7465
4041
15715
14748
4045
26042
12985
4490
25838
19307
19891

CD #38:
12333
7872
8117
14432
3936
15376
6560
20368
7505
7259
6560
23367
1312
26919
11808
7230
15825
15129
18462
24559
22814
21918
21840
8591
20227
19259
28044
6967
9679
16258
24768
3936
17674
23576
17503
994
14432
4980
5121
14372
26200
23134
10179
22499
24928
24928
17631
10496
9347
8079
3936
7872
11962
12166
16377
14049
3676
3488
14085
7872
21232
30334
10705
14432
14070
17056
5041
26430
19341
14432
23519
9051
13998
6560
6834
5221
4327
9079
18353
15744
13362
15188
13205
9703
4394
6418
17298
13921
3936
2624

CD #39:
8999
20757
3045
2034
11132
4032
2688
16695
29213
5235
18766
10302
10608
12385
8434
15460
18720
1596
13493
20015
22565
5075
17421
21385
10474
5787
11226
21520
6941
12806
8358
5832
31145
4032
17118
32583
14018
22680
12202
4032
24728
15022
92
10235
13549
6465
7669
6222
18060
9169
12179
16829
14787
21147
17227
25292
21662
14315
17347
11231
15144
28885
14662
26310
11505
19499
26475
29122
15363
30675
25214
9088
29851
20010
22460
28887
5229
13066
23558
5376
9794
14280
34356
10074
24311
12325
4032
6856
30048
25200
9780
21236
12224
3632
28278
32046

CD #40:
24332
12106
13456
11286
27007
4209
26397
25566
16723
6757
653
9831
21338
5725
2559
10392
29291
13417
4970
5032
28973
8420
23885
6892
1097
11785
28220
24122
11767
18149
17230
18802
11197
27568
20633
6892
8615
10338
5500
6892
23938
11025
825
25665
4896
13775
6892
19611
18418
3446
6715
27447
11773
18847
1727
24122
3446
13784
24155
20194
10018
27327

CD #41:
6555
9576
8200
5472
5780
9286
4104
9496
12965
14975
15048
6429
20322
2736
22994
23421
1348
6101
12312
25251
12852
18827
22300
29308
32279
18854
23188
21463
8724
23325
22579
20742
20623
3360
17844
5419
18622
23672
17200
2736
20571
23256
10710
7331
28326
9124
3351
10262
20459
12005
10831
17352
2913
18353
24386
14421
28553
9224
20520
25561
19332
24930
12312
15115
13748
18509
9992
11611
9988
5472
23797
24739
10807
7123
2472
2978
17379
26758
9458
26475
11606
11083
20025
5346
8665
4202
11925
7163
18120
30096
8103
17985
2043
27826
16316
11466
30357
7210
7669
19173

CD #42:
8883
4935
24675
9237
2994
2725
17897
20967
17634
21056
6996
6909
5922
17108
6400
2857
22157
13160
19411
10054
329
658
987
12173
6958
15691
16121
8906
11844
12052
3714
3163
12173
12633
12831
3275
4873
12502
24675
1410
13489
9159
3912
5922
21773
22679
10559
5922
14616
5593
4277
16450
13804
13818
7567
16960
11353
23688
4273
15134
19828
7981
17108
14909
12216
151
4935
12502
15692
3735
12482
17245
1645
20727
5593
15385
18008
10497
8883
27636
16405
7896
5264

CD #43:
6777
20575
12711
21740
7165
10098
5621
4247
9311
11108
7034
18504
6019
6378
13619
11484
4079
8159
29408
28371
25263
16993
19193
11057
22191
9886
8932
23937
9773
16851
7656
1891
4941
19724
27070
25114
3817
3820
6659
25087
6106
5746
31062
15962
23498
25216
17902
23553
4896
8244
13666
4560
24889
9067
3748
28899
30302
14726
29576
14056
12175
25178
1276
20248
17457
9498
19357
16982
26726
3615
16701
7884
15312
17611
24892
16674
21836
30466
27790
5104
22715
17582
13289
15063
10767
33338
13883
5104
1154
25760
10497
5252
22874

CD #44:
16113
1608
12325
13132
16138
4422
3819
3618
18175
26216
17316
10021
17085
13057
3015
3528
7035
18000
8890
9045
15678
14271
21105
17635
9751
13061
13266
13422
8241
16767
2129
2325
14987
1733
14271
14070
14831
11457
2412
8331
3261
10050
4824
7638
11386
3589
2760
15477
2418
15817
11295
1636
23587
2814
191
6025
8883
10653
16213
17433
8241
21471
15678
21105
17821
1608
10050
18019
20100
10767

CD #45:
14533
8096
26829
24984
14566
13922
13831
4795
2855
32751
7987
18738
5873
6663
28642
27326
9187
23179
20506
21070
31398
8901
28874
20285
20820
22434
24124
11001
8372
12492
33312
16181
20820
4164
10717
8234
2310
12138
4164
14574
4164
22525
6246
9906
25754
18792
26072
22520
21609
16152
13595
6246
7570
26342
22257
9314
13319
28570
20149
10440
245
14574
17584
7981
12492
20309
4164
5739
15113
17650
14574
24027
29090
11444
14873
10176
17218
24896
22667
23895
25564
4164
11045
21034
26671
18607
16917
20715
6246
3013
34269
18980

CD #46:
3453
12014
552
18676
12279
20582
13223
7854
7854
14586
20053
7854
7663
22919
15386
7236
20406
8368
25199
8970
4488
13750
27103
5610
25070
24591
16830
9276
10726
8976
19683
20196
18173
24091
12342
16830
3366
5221
17952
4058
7854
19594
14258
23263
14337
26064
8976
4488
4488
19474
10098
8878
14185
20196
13464
9911
11220
260
12962
1357
10152
6732
26885
22217
21318

CD #47:
3101
18984
15128
15455
19344
16501
952
1050
14632
19628
1240
13170
2728
9027
4464
1433
18964
2480
5318
12648
1984
5704
1736
12374
843
5687
7961
4839
4721
22132
3619
19096
11764
8432
15990
13640
7922
11408
19273
13240
2976
7179
11408
9424
13392
11904
17637
907
3045
7884
3968
24552
9865
2480
17112
10664
10664
11198
2336
17608
7440
7688
18035
6200
4477
17326
13640
15492
6048
12896
21591

CD #48:
6571
17951
9238
14184
17582
16678
25724
9456
4030
13309
5121
6364
4337
1699
4299
26166
15187
17240
24550
18005
4728
24755
2897
7939
11411
18681
6237
835
3402
7179
7171
4058
21276
10638
4728
18336
7429
5270
181
11820
22113
5253
8571
11820
23522
9456
12816
3085
21022
19869
16029
4395
7309
15053
14954
25218
16463
5249
7092
5055
15109
7651
13365
20892
3800
4627
16438
16051
5293
21760

CD #49:
12846
1096
4200
3672
11424
6732
3490
12852
22644
3087
20174
18972
16378
16956
8949
14076
9588
5168
18612
3497
2853
9247
8118
9180
19584
11914
2448
28508
9180
25092
21420
17416
612
8662
12852
5428
17113
15602
3715
5508
25185
4814
19333
22032
10301
17488
14076
9823
4359
2889
19584
22229
8441
23671
5507
15029
5945
1697
14572
17391
22277
20399
11628
3681
15300
17443
20832
4284
7013
12285
4284
3060
10646
5055
21203
19505
13530
6952
3901
13962
7344
11628
6585
18972
1836
3672
15834
6065
16524

CD #50:
20770
5985
12730
18461
21910
16595
19653
14299
8033
19188
19905
6578
5524
18429
9716
9921
4881
27308
18568
13119
5274
14070
14660
237
9276
22759
10050
3618
3350
2680
15838
1736
11346
8040
14606
16650
18472
17385
23592
12794
12085
10050
22741
11863
16410
10634
27421
6030
10930
4214
3976
20697
18360
10720
8989
2356
3646
7610
4836
24556
13400
2628
10963
18691
21440
20727
18469
7011
1340
5360
10904
18947
8448
6030
10224
3786
12060
5360
7703
1340
22798
15998
21191
15795
4185
3968
14070
1948
13229
5360
19856
22110
20841
1340
9773

