Leftover Pizza Stacking Order for Semester 1:
veggie
sausagemushroom
pepperoni

Leftover Pizza Stacking Order for Semester 2:
anchovy
buffalochicken
chorizo

Leftover Pizza Stacking Order for Semester 3:
hawaiian
spinnocoli
feta

Leftover Pizza Stacking Order for Semester 4:
anchorsteam
charizard
bufallochip

Leftover Pizza Stacking Order for Semester 5:
hawajian
spjinocoli
fejta

Leftover Pizza Stacking Order for Semester 6:
spinokkoli
fetak
hawakkan

Leftover Pizza Stacking Order for Semester 7:
c
d
a
e
b

Leftover Pizza Stacking Order for Semester 8:
mco
yyz

