Robot Program #1:
The robot is at (5,5)
MOVE 1
MOVE 5

Robot Program #2:
The robot is at (5,5)
MOVE 1
RIGHT
MOVE 10

Robot Program #3:
The robot is at (5,5)
MOVE 1
LEFT
MOVE 20

Robot Program #4:
The robot is at (100,50)
MOVE 125
RIGHT
MOVE 100
LEFT
MOVE 25

Robot Program #5:
The robot is at (-50,-100)
LEFT
MOVE 25
LEFT
MOVE 150
RIGHT
MOVE 25
RIGHT
MOVE 50

Robot Program #6:
The robot is at (1,0)
MOVE 1
MOVE 1

Robot Program #7:
The robot is at (-4,-60)
UTURN
MOVE 4
LEFT
MOVE 60
LEFT
MOVE 20
RIGHT
MOVE 12

Robot Program #8:
The robot is at (200000,100000)
UTURN
MOVE 300000
LEFT
MOVE 200000
LEFT
MOVE 200000
LEFT
MOVE 200000

Robot Program #9:
The robot is at (86609,99812)
UTURN
MOVE 184234
LEFT
MOVE 1587
LEFT
MOVE 184888
RIGHT
MOVE 109952

Robot Program #10:
The robot is at (0,0)
MOVE 1

Robot Program #11:
The robot is at (69684,-16539)
LEFT
MOVE 71683
RIGHT
MOVE 116255
LEFT
MOVE 19739
LEFT
MOVE 170464

Robot Program #12:
The robot is at (-69297,-17031)
UTURN
MOVE 20911
LEFT
MOVE 106002
LEFT
MOVE 50592
LEFT
MOVE 136640

Robot Program #13:
The robot is at (105619,49511)
LEFT
MOVE 108436
RIGHT
MOVE 4411
RIGHT
MOVE 81904
RIGHT
MOVE 97390

Robot Program #14:
The robot is at (-11041,-30050)
LEFT
MOVE 81725
LEFT
MOVE 3703
LEFT
MOVE 1189
LEFT
MOVE 12031

Robot Program #15:
The robot is at (-36365,-16149)
LEFT
MOVE 41523
RIGHT
MOVE 90190
RIGHT
MOVE 124765
RIGHT
MOVE 95264

Robot Program #16:
The robot is at (4281,70675)
RIGHT
MOVE 18741
LEFT
MOVE 1197
LEFT
MOVE 14262
RIGHT
MOVE 140780

Robot Program #17:
The robot is at (78071,1568)
RIGHT
MOVE 132511
RIGHT
MOVE 76979
RIGHT
MOVE 20459
RIGHT
MOVE 96400

Robot Program #18:
The robot is at (-17297,-80230)
MOVE 87921
LEFT
MOVE 106151
LEFT
MOVE 142104
RIGHT
MOVE 66868

Robot Program #19:
The robot is at (118168,-70660)
MOVE 51236
RIGHT
MOVE 29262
RIGHT
MOVE 22405
LEFT
MOVE 37847

Robot Program #20:
The robot is at (-99905,32764)
RIGHT
MOVE 25532
RIGHT
MOVE 19388
LEFT
MOVE 163634
RIGHT
MOVE 76145

Robot Program #21:
The robot is at (13116,-79468)
RIGHT
MOVE 48523
RIGHT
MOVE 134033
RIGHT
MOVE 77447
RIGHT
MOVE 34590

Robot Program #22:
The robot is at (-139150,-5484)
LEFT
MOVE 92674
RIGHT
MOVE 34162
RIGHT
MOVE 13550
RIGHT
MOVE 48624

Robot Program #23:
The robot is at (-60312,-19468)
LEFT
MOVE 133898
RIGHT
MOVE 60553
RIGHT
MOVE 155865
RIGHT
MOVE 149751

Robot Program #24:
The robot is at (-8873,0)
MOVE 1159
RIGHT
MOVE 74890
LEFT
MOVE 26958
LEFT
MOVE 131668

Robot Program #25:
The robot is at (27059,17379)
LEFT
MOVE 27669
RIGHT
MOVE 81014
LEFT
MOVE 5414
RIGHT
MOVE 24760

Robot Program #26:
The robot is at (-14228,45667)
LEFT
MOVE 48618
LEFT
MOVE 13947
LEFT
MOVE 115883
LEFT
MOVE 113506

Robot Program #27:
The robot is at (12267,36087)
MOVE 20107
LEFT
MOVE 37088
LEFT
MOVE 99330
LEFT
MOVE 65150

Robot Program #28:
The robot is at (102707,-84492)
LEFT
MOVE 58029
RIGHT
MOVE 22921
LEFT
MOVE 69840
RIGHT
MOVE 13030

Robot Program #29:
The robot is at (24070,20395)
UTURN
MOVE 48698
RIGHT
MOVE 39223
LEFT
MOVE 48001
LEFT
MOVE 109198

Robot Program #30:
The robot is at (29695,-32684)
MOVE 53596
RIGHT
MOVE 70714
RIGHT
MOVE 14548
LEFT
MOVE 20768

Robot Program #31:
The robot is at (30977,19601)
RIGHT
MOVE 66575
RIGHT
MOVE 63987
LEFT
MOVE 51
LEFT
MOVE 89291

Robot Program #32:
The robot is at (88481,-22727)
MOVE 176169
RIGHT
MOVE 56764
RIGHT
MOVE 90285
RIGHT
MOVE 13076

Robot Program #33:
The robot is at (-18210,7072)
MOVE 73508
RIGHT
MOVE 74939
LEFT
MOVE 17718
LEFT
MOVE 155057

Robot Program #34:
The robot is at (-172788,38139)
MOVE 102337
RIGHT
MOVE 68710
LEFT
MOVE 64432
LEFT
MOVE 11310

Robot Program #35:
The robot is at (-62704,8247)
RIGHT
MOVE 124977
RIGHT
MOVE 28154
LEFT
MOVE 36874
RIGHT
MOVE 32163

Robot Program #36:
The robot is at (15437,-27488)
MOVE 49154
RIGHT
MOVE 29387
LEFT
MOVE 18536
RIGHT
MOVE 35392

Robot Program #37:
The robot is at (-62356,-10252)
MOVE 66695
LEFT
MOVE 75610
LEFT
MOVE 14855
LEFT
MOVE 5453

Robot Program #38:
The robot is at (-39211,0)
MOVE 33116
RIGHT
MOVE 77991
RIGHT
MOVE 82856
RIGHT
MOVE 85120

Robot Program #39:
The robot is at (-7506,53066)
RIGHT
MOVE 17413
RIGHT
MOVE 22340
RIGHT
MOVE 8532
RIGHT
MOVE 18844

Robot Program #40:
The robot is at (69728,-23953)
LEFT
MOVE 66125
RIGHT
MOVE 106316
LEFT
MOVE 46205
LEFT
MOVE 52187

Robot Program #41:
The robot is at (-13501,170220)
UTURN
MOVE 74596
RIGHT
MOVE 96022
RIGHT
MOVE 50408
LEFT
MOVE 20962

Robot Program #42:
The robot is at (56423,-51162)
UTURN
MOVE 149035
RIGHT
MOVE 111486
RIGHT
MOVE 159841
RIGHT
MOVE 113386

Robot Program #43:
The robot is at (-79568,37291)
RIGHT
MOVE 37920
RIGHT
MOVE 49880
LEFT
MOVE 8208
LEFT
MOVE 31903

Robot Program #44:
The robot is at (98890,-74489)
RIGHT
MOVE 92073
RIGHT
MOVE 276
LEFT
MOVE 9509
RIGHT
MOVE 104150

Robot Program #45:
The robot is at (22789,55513)
LEFT
MOVE 22145
RIGHT
MOVE 38556
RIGHT
MOVE 25919
LEFT
MOVE 53521

Robot Program #46:
The robot is at (110118,-66629)
UTURN
MOVE 44899
LEFT
MOVE 5262
LEFT
MOVE 22935
LEFT
MOVE 15589

Robot Program #47:
The robot is at (29435,812)
RIGHT
MOVE 43360
LEFT
MOVE 32704
LEFT
MOVE 47235
LEFT
MOVE 40095

Robot Program #48:
The robot is at (14296,-90765)
MOVE 37120
LEFT
MOVE 110286
RIGHT
MOVE 6854
RIGHT
MOVE 114046

Robot Program #49:
The robot is at (3118,37749)
MOVE 100950
LEFT
MOVE 26375
LEFT
MOVE 29336
RIGHT
MOVE 28493

Robot Program #50:
The robot is at (1927,57561)
UTURN
MOVE 44652
LEFT
MOVE 2464
RIGHT
MOVE 47872
LEFT
MOVE 150921

Robot Program #51:
The robot is at (59159,-11786)
MOVE 134552
LEFT
MOVE 47521
LEFT
MOVE 101062
LEFT
MOVE 30340

Robot Program #52:
The robot is at (60273,29859)
RIGHT
MOVE 149105
LEFT
MOVE 75942
LEFT
MOVE 178680
LEFT
MOVE 132331

Robot Program #53:
The robot is at (36376,26631)
UTURN
MOVE 41377
LEFT
MOVE 72745
LEFT
MOVE 57633
LEFT
MOVE 193446

Robot Program #54:
The robot is at (-46722,-9701)
LEFT
MOVE 98919
RIGHT
MOVE 37130
RIGHT
MOVE 147836
RIGHT
MOVE 58626

Robot Program #55:
The robot is at (109551,79504)
MOVE 168868
LEFT
MOVE 144063
LEFT
MOVE 36817
LEFT
MOVE 139835

Robot Program #56:
The robot is at (70079,85371)
RIGHT
MOVE 55184
LEFT
MOVE 150736
LEFT
MOVE 64561
LEFT
MOVE 98786

Robot Program #57:
The robot is at (-64161,0)
UTURN
MOVE 105176
RIGHT
MOVE 81496
RIGHT
MOVE 3017
RIGHT
MOVE 27829

Robot Program #58:
The robot is at (-15947,20644)
MOVE 58531
RIGHT
MOVE 63549
LEFT
MOVE 23693
LEFT
MOVE 134221

Robot Program #59:
The robot is at (-49720,204065)
UTURN
MOVE 138843
RIGHT
MOVE 159212
RIGHT
MOVE 12461
RIGHT
MOVE 46674

Robot Program #60:
The robot is at (74274,9068)
RIGHT
MOVE 157747
LEFT
MOVE 34166
LEFT
MOVE 159385
LEFT
MOVE 117271

Robot Program #61:
The robot is at (11527,-11192)
UTURN
MOVE 94943
RIGHT
MOVE 15701
LEFT
MOVE 5844
RIGHT
MOVE 87694

Robot Program #62:
The robot is at (-38066,-4205)
LEFT
MOVE 61498
LEFT
MOVE 60452
LEFT
MOVE 37152
LEFT
MOVE 59323

Robot Program #63:
The robot is at (17635,-44437)
RIGHT
MOVE 107838
RIGHT
MOVE 45282
RIGHT
MOVE 148378
LEFT
MOVE 96623

Robot Program #64:
The robot is at (19467,71634)
MOVE 53999
RIGHT
MOVE 23911
RIGHT
MOVE 53952
LEFT
MOVE 125247

Robot Program #65:
The robot is at (-74081,-76212)
RIGHT
MOVE 53255
LEFT
MOVE 35743
LEFT
MOVE 26488
LEFT
MOVE 970

Robot Program #66:
The robot is at (-8450,15854)
RIGHT
MOVE 107084
RIGHT
MOVE 23204
RIGHT
MOVE 48467
RIGHT
MOVE 31971

Robot Program #67:
The robot is at (-7539,27393)
RIGHT
MOVE 51924
LEFT
MOVE 45466
LEFT
MOVE 114630
LEFT
MOVE 3367

Robot Program #68:
The robot is at (-15270,38542)
LEFT
MOVE 64759
RIGHT
MOVE 56161
RIGHT
MOVE 14905
RIGHT
MOVE 97179

Robot Program #69:
The robot is at (-417,-96063)
MOVE 6237
LEFT
MOVE 187450
LEFT
MOVE 18311
RIGHT
MOVE 1092

Robot Program #70:
The robot is at (-9329,-98391)
UTURN
MOVE 82654
LEFT
MOVE 22002
LEFT
MOVE 126526
RIGHT
MOVE 176243

Robot Program #71:
The robot is at (-71857,70690)
UTURN
MOVE 75654
RIGHT
MOVE 86951
LEFT
MOVE 50799
RIGHT
MOVE 43008

Robot Program #72:
The robot is at (121526,-57198)
LEFT
MOVE 119382
LEFT
MOVE 14835
LEFT
MOVE 38506
LEFT
MOVE 117453

Robot Program #73:
The robot is at (10985,2082)
LEFT
MOVE 24022
RIGHT
MOVE 476
LEFT
MOVE 86224
RIGHT
MOVE 24611

Robot Program #74:
The robot is at (163783,-3650)
RIGHT
MOVE 173378
RIGHT
MOVE 76906
RIGHT
MOVE 78668
RIGHT
MOVE 156048

Robot Program #75:
The robot is at (90052,116915)
UTURN
MOVE 94682
LEFT
MOVE 216857
RIGHT
MOVE 34358
RIGHT
MOVE 124204

Robot Program #76:
The robot is at (0,-31359)
RIGHT
MOVE 6181
LEFT
MOVE 31119
LEFT
MOVE 84507
LEFT
MOVE 10201

Robot Program #77:
The robot is at (37742,3899)
RIGHT
MOVE 23341
LEFT
MOVE 29677
RIGHT
MOVE 100923
LEFT
MOVE 68806

Robot Program #78:
The robot is at (-27831,-8841)
LEFT
MOVE 17959
LEFT
MOVE 17836
RIGHT
MOVE 100212
LEFT
MOVE 55552

Robot Program #79:
The robot is at (59764,-79094)
MOVE 145320
RIGHT
MOVE 113472
RIGHT
MOVE 48615
LEFT
MOVE 43500

Robot Program #80:
The robot is at (45517,-50135)
UTURN
MOVE 40670
LEFT
MOVE 61754
LEFT
MOVE 140993
RIGHT
MOVE 15593

Robot Program #81:
The robot is at (-72007,11534)
UTURN
MOVE 41324
RIGHT
MOVE 75961
RIGHT
MOVE 16942
RIGHT
MOVE 42078

Robot Program #82:
The robot is at (-7958,-5447)
UTURN
MOVE 49843
RIGHT
MOVE 78118
RIGHT
MOVE 54841
RIGHT
MOVE 107101

Robot Program #83:
The robot is at (-88860,20871)
RIGHT
MOVE 97688
LEFT
MOVE 10108
RIGHT
MOVE 10271
LEFT
MOVE 19071

Robot Program #84:
The robot is at (101010,-87370)
RIGHT
MOVE 130920
RIGHT
MOVE 31897
LEFT
MOVE 20049
RIGHT
MOVE 119214

Robot Program #85:
The robot is at (30781,-64985)
MOVE 40297
LEFT
MOVE 86176
LEFT
MOVE 92767
LEFT
MOVE 57100

Robot Program #86:
The robot is at (91601,50949)
MOVE 183897
RIGHT
MOVE 40929
RIGHT
MOVE 112559
RIGHT
MOVE 134280

Robot Program #87:
The robot is at (-2851,10716)
RIGHT
MOVE 46994
LEFT
MOVE 77852
LEFT
MOVE 118153
RIGHT
MOVE 32846

Robot Program #88:
The robot is at (-102820,4695)
LEFT
MOVE 33027
LEFT
MOVE 17693
RIGHT
MOVE 32225
RIGHT
MOVE 60540

Robot Program #89:
The robot is at (79247,17763)
LEFT
MOVE 137620
LEFT
MOVE 32818
LEFT
MOVE 52928
LEFT
MOVE 63840

Robot Program #90:
The robot is at (-68004,81377)
MOVE 118350
RIGHT
MOVE 117955
RIGHT
MOVE 63940
RIGHT
MOVE 84022

Robot Program #91:
The robot is at (105223,41673)
LEFT
MOVE 36640
LEFT
MOVE 98463
RIGHT
MOVE 81652
LEFT
MOVE 21359

Robot Program #92:
The robot is at (-95574,36196)
RIGHT
MOVE 14542
RIGHT
MOVE 75008
LEFT
MOVE 76812
LEFT
MOVE 52776

Robot Program #93:
The robot is at (-26014,59618)
RIGHT
MOVE 42429
RIGHT
MOVE 6011
RIGHT
MOVE 132902
RIGHT
MOVE 41558

Robot Program #94:
The robot is at (59570,17123)
MOVE 106626
LEFT
MOVE 114623
RIGHT
MOVE 26725
RIGHT
MOVE 2373

Robot Program #95:
The robot is at (31898,-75877)
LEFT
MOVE 37137
RIGHT
MOVE 44233
RIGHT
MOVE 39153
LEFT
MOVE 33476

Robot Program #96:
The robot is at (-91284,57806)
LEFT
MOVE 90532
RIGHT
MOVE 44581
LEFT
MOVE 39023
RIGHT
MOVE 30211

Robot Program #97:
The robot is at (80366,-2236)
MOVE 103372
RIGHT
MOVE 66623
RIGHT
MOVE 118515
LEFT
MOVE 29898

Robot Program #98:
The robot is at (9498,-54174)
MOVE 69649
LEFT
MOVE 3009
LEFT
MOVE 114544
LEFT
MOVE 14907

Robot Program #99:
The robot is at (-110660,73834)
UTURN
MOVE 56272
RIGHT
MOVE 132987
LEFT
MOVE 95671
LEFT
MOVE 82283

Robot Program #100:
The robot is at (-9402,109080)
MOVE 45002
RIGHT
MOVE 17955
LEFT
MOVE 15243
RIGHT
MOVE 105361

Robot Program #101:
The robot is at (21866,48742)
MOVE 106550
LEFT
MOVE 116058
LEFT
MOVE 19902
LEFT
MOVE 17066

Robot Program #102:
The robot is at (-39946,-38506)
RIGHT
MOVE 100523
LEFT
MOVE 30484
LEFT
MOVE 149779
RIGHT
MOVE 36606

Robot Program #103:
The robot is at (65273,13142)
LEFT
MOVE 44644
LEFT
MOVE 49095
RIGHT
MOVE 36675
LEFT
MOVE 32243

Robot Program #104:
The robot is at (-14974,-72048)
MOVE 38784
LEFT
MOVE 15402
LEFT
MOVE 55887
LEFT
MOVE 164904

Robot Program #105:
The robot is at (40189,17962)
MOVE 49703
LEFT
MOVE 25977
LEFT
MOVE 139753
LEFT
MOVE 82538

Robot Program #106:
The robot is at (1030,36701)
MOVE 13248
LEFT
MOVE 29596
LEFT
MOVE 20640
LEFT
MOVE 20012

Robot Program #107:
The robot is at (31921,-5839)
UTURN
MOVE 54945
RIGHT
MOVE 74616
RIGHT
MOVE 29287
RIGHT
MOVE 47715

Robot Program #108:
The robot is at (-1747,51702)
RIGHT
MOVE 61705
LEFT
MOVE 26392
LEFT
MOVE 123618
RIGHT
MOVE 4610

Robot Program #109:
The robot is at (38747,62709)
RIGHT
MOVE 15496
RIGHT
MOVE 33138
RIGHT
MOVE 114655
RIGHT
MOVE 46395

Robot Program #110:
The robot is at (-5149,16343)
RIGHT
MOVE 24245
RIGHT
MOVE 598
RIGHT
MOVE 58141
LEFT
MOVE 8877

