1.41
1.45
1.41
1.41
1.41
1.41
4243.21
5130.64
9427.62
28282.86
1016.23
4243.21
5130.64
9427.62
28280.74
1244.69
181.32
65.39
4.19
1.21
4.19
2.26
4.19
4.18
7.62
5.10
2.24
2.83
4.24
4.47
4.47
5.10
5.66
7.07
7905.05
7904.27
7904.89
7905.67
1.73
22.09
1.57
1.13
15.30
1.12
0.18
1.13
0.04
0.08
0.33
0.79
2.51
0.48
0.92
1.97
0.47
0.55
2.01
5.77
0.43
0.21
0.73
1.08
0.93
0.26
5.36
2.73
0.33
0.55
0.70
3.29
0.96
0.63
1.15
1.10
18.83
1.00
2.46
0.51
3.17
0.61
3.12
0.96
0.85
0.60
7.40
0.66
0.23
0.10
6.42
1.58
1.13
1.94
0.53
14.60
0.48
0.70
0.35
0.02
7.37
0.87
406.98
169.74
11113.89
141.35
4698.74
7519.78
410.84
51.44
217.33
588.72
