1
1
385067
0
658233
248641
942256
528101
581022
397721
651591
180692
474996
899602
611266
101989
899718
965723
401485
912129
736939
952989
709398
834941
683497
339572
575627
245938
860230
570755
332444
383263
535572
682317
441050
311500
501084
394262
578851
489057
873973
129167
981072
897342
587116
262537
524705
192975
668229
146827
234729
2907
181909
126204
11544
592744
375028
259556
280733
240132
348480
377795
700962
41138
610431
865061
190573
525560
830720
639226
251458
123805
797698
172765
624071
578756
260420
577699
8070
690563
970064
834340
249997
346982
402175
628159
837118
160718
661737
352028
100936
285074
354325
75446
0
0
0
0
0
0
