Brett Log #1:
   7/23 5:00 PM: Brett leaves Hattiesburg in private plane.
   7/23 7:45 PM: Brett lands in Green Bay to waiting fans.

Brett Log #2:
   7/25 10:00 AM: Brett arrives in New York.
   7/25 1:25 PM: Brett flies to Cleveland, Ohio.

Brett Log #3:
   8/22 10:00 AM: Brett arrives in i am aiming for 30 characters, to say hi to everyone.
   8/22 12:00 PM: What you need is the last three spaces abcde 12345    ,,,,,    now a match.
   8/23  2:16 PM: Okay, now I'll let him go to new york, ny. Go Jets!!!
   8/25 11:34 AM: I think I finally got it, it's orlando, fl.
   8/25 11:36 AM: Neither of those counted, ha ha! But Orlando, FL does!
   8/26 11:11 AM: This will suck if you're tokenizing: blahblahthis is a city also.
   8/26 11:20 AM: now, I will remember them   they way they should be city 3,city2,city1.
   8/26 11:45 AM: so is this a switch city 2? why yes, it is!

Brett Log #4:
   8/19 1:00 AM: Brett is in City  , 2,,,ohi  over the river.
   8/24 4:00 PM: But what aboutno leading space, es 99,000,000.
   8/24 4:30PM: Now we are in city   , 1, mississippissississississi ha ha!
   8/24 5:30PM: Maybe I screwed that up. is it no leading space, es 99???

Brett Log #5:
   7/23 2:30PM: Brett is in a a.
   7/25 2:50PM: No, I think it isa  abercrombie and fitch.
   7/26 3:45PM: Will he ever go to a a        a         a again?
   7/27 1:00PM: Nope, I don't think so, but a                            aisapossibility.

Brett Log #6:
   8/30 5:00AM: I AM IN A CITY WHOSE NAME IS af.
   8/30 5:02 AM:     WILL THIS BE CONSIDERED A CITY SWITCH? bq.
   8/30 5:03 AM:Sureitwillandthislineistoo
   8/30 5:04 AM:butsowillthisline=)
   aa
   ab
   ac
   ad
   ae
   af
   ag
   ah
   ai
   aj
   ak
   al
   am
   an
   ao
   ap
   aq
   ar
   as
   at
   au
   av
   aw
   ax
   ay
   ba
   bb
   bc
   bd
   be
   bf
   bg
   bh
   bi
   bj
   bk
   bl
   bm
   bn
   bo
   bp
   bq
   br
   bs
   bt
   bu
   bv
   bw
   bx
   by
   now i have to come up with 18 more lines.
   what sort of errors will people heve now
   but I think I heve come up with some good ones =)
   AND LAST BUT NOT LEAST, HERE IS FOR getting by

