31977
1347
611548
52487
143409
554737
643542
705
257209
390858
1049278
304668
1183773
258303
1793772
436925
1132279
1943095
3180764
2143041
1201072
452716
728314
2142650
3302020
4927082
4842048
4725028
6287276
3766164
13496913
8916865
15780374
6863053
24382158
41046572
41013193
44771891
46147874
16647742
69060822
24450955
64789304
18501002
28535303
56631121
52015198
73268569
127997327
7420330
10458223
21944841
5126819
6230238
64932832
44669345
49661871
58658892
73807932
1255989
492171
5258589
2271545
2672260
10297301
13418660
3650539
14737860
9633552
264710
153050
1375652
934047
1363006
294821
359560
952382
437852
559026
1347650
2015822
110172
350245
1026476
742088
944150
845168
646188
2716724
61485
301943
1461885
1816421
1040412
2996462
2175435
1924596
4559863
1577216
562500000
