Character #1: Rock-Golem has 0 infection(s)!

Character #2: R-T-P-C--And-Think has 3 infection(s)!

Character #3: Jeane has 75 infection(s)!

Character #4: ME has 1 infection(s)!

Character #5: YOU has 1 infection(s)!

Character #6: BAD-MAN has 0 infection(s)!

Character #7: GOOD-MAN has 0 infection(s)!

Character #8: Broken-Infection has 1 infection(s)!

Character #9: Ben has 5 infection(s)!

Character #10: Aramis has 55 infection(s)!

Character #11: Nemesis has 80 infection(s)!

Character #12: Apollo-Thirteen has 10 infection(s)!

Character #13: abcdefghijabcdefghijabcdefghijabcdefghijabcdefghijabcdefghijabcd has 21 infection(s)!

Character #14: Orooji has 44 infection(s)!

Character #15: Miakis has 18 infection(s)!

Character #16: Southerner has 5 infection(s)!

Character #17: Gold-Golem has 57 infection(s)!

Character #18: Solid-Snake has 98 infection(s)!

Character #19: Captain-Fisk has 0 infection(s)!

Character #20: Hulk has 10 infection(s)!

Character #21: Isabel has 279 infection(s)!

Character #22: Boss has 1250 infection(s)!

