4
0
2
24
120
789741546
21427200
5582592
0
0
29120
674358851
674358851
56401920
1
2
6
720
5040
40320
362880
3628800
39916800
479001600
227020758
178290591
674358851
0
4224
960
2
0
2
2
64
0
0
0
912384
240
27648
64
71663616
598334411
778145899
0
0
84
0
0
1135296
1920
192
64
30979584
423936
48
2304000
41472
176
76032
285696
27648
294912
288
2880
576
34560
1728
2816
5184
144
512
155520
5184
1056
4976640
17280
39168
64
691200
16896
144
358144
128
285696
6336
960
12672
60672
290304
96
6220800
16992
1935360
192
192
10944
774144
960
