UCF Hold-em #1: 2645372
Best possible hand: TWO OF A KIND

UCF Hold-em #2: 83A5A2A
Best possible hand: THREE OF A KIND

UCF Hold-em #3: 29T9TT3
Best possible hand: FULL HOUSE

UCF Hold-em #4: JQ3Q4QQ
Best possible hand: FOUR OF A KIND

UCF Hold-em #5: 8756324
Best possible hand: BUST

UCF Hold-em #6: 234AAAA
Best possible hand: FOUR OF A KIND

UCF Hold-em #7: 2345555
Best possible hand: FOUR OF A KIND

UCF Hold-em #8: 5252535
Best possible hand: FOUR OF A KIND

UCF Hold-em #9: TJQKATJ
Best possible hand: TWO OF A KIND

UCF Hold-em #10: 38598QK
Best possible hand: TWO OF A KIND

UCF Hold-em #11: 56586TJ
Best possible hand: TWO OF A KIND

UCF Hold-em #12: 3KQ9J2T
Best possible hand: BUST

UCF Hold-em #13: 673JQ76
Best possible hand: TWO OF A KIND

UCF Hold-em #14: 3K895TQ
Best possible hand: BUST

UCF Hold-em #15: 4JA2K2J
Best possible hand: TWO OF A KIND

UCF Hold-em #16: 458K92J
Best possible hand: BUST

UCF Hold-em #17: 579349Q
Best possible hand: TWO OF A KIND

UCF Hold-em #18: 46TAAQ9
Best possible hand: TWO OF A KIND

UCF Hold-em #19: 5Q4AK9T
Best possible hand: BUST

UCF Hold-em #20: 476Q926
Best possible hand: TWO OF A KIND

UCF Hold-em #21: 3A859KQ
Best possible hand: BUST

UCF Hold-em #22: K33TKJ4
Best possible hand: TWO OF A KIND

UCF Hold-em #23: K85686Q
Best possible hand: TWO OF A KIND

UCF Hold-em #24: 7QQ5K6K
Best possible hand: TWO OF A KIND

UCF Hold-em #25: 6932338
Best possible hand: THREE OF A KIND

UCF Hold-em #26: 4J2T8KT
Best possible hand: TWO OF A KIND

UCF Hold-em #27: TK8JJ84
Best possible hand: TWO OF A KIND

UCF Hold-em #28: 9KA6J3J
Best possible hand: TWO OF A KIND

UCF Hold-em #29: 7K83K5Q
Best possible hand: TWO OF A KIND

UCF Hold-em #30: 2423787
Best possible hand: TWO OF A KIND

UCF Hold-em #31: 2Q22J3K
Best possible hand: THREE OF A KIND

UCF Hold-em #32: A4KK772
Best possible hand: TWO OF A KIND

UCF Hold-em #33: 4499QJ5
Best possible hand: TWO OF A KIND

UCF Hold-em #34: K84329Q
Best possible hand: BUST

UCF Hold-em #35: JKJ53TA
Best possible hand: TWO OF A KIND

UCF Hold-em #36: 75K3JT8
Best possible hand: BUST

UCF Hold-em #37: 2463A4K
Best possible hand: TWO OF A KIND

UCF Hold-em #38: 36573T3
Best possible hand: THREE OF A KIND

UCF Hold-em #39: 2Q73TJ3
Best possible hand: TWO OF A KIND

UCF Hold-em #40: 96K393J
Best possible hand: TWO OF A KIND

UCF Hold-em #41: 8547QT2
Best possible hand: BUST

UCF Hold-em #42: Q8K48A3
Best possible hand: TWO OF A KIND

UCF Hold-em #43: 228TK9K
Best possible hand: TWO OF A KIND

UCF Hold-em #44: 2KT3345
Best possible hand: TWO OF A KIND

UCF Hold-em #45: QQK273A
Best possible hand: TWO OF A KIND

UCF Hold-em #46: 586Q4JA
Best possible hand: BUST

UCF Hold-em #47: 77AAA23
Best possible hand: FULL HOUSE

UCF Hold-em #48: A953428
Best possible hand: BUST

UCF Hold-em #49: 833Q965
Best possible hand: TWO OF A KIND

UCF Hold-em #50: KK985J5
Best possible hand: TWO OF A KIND

UCF Hold-em #51: 9KTT564
Best possible hand: TWO OF A KIND

UCF Hold-em #52: 3K2483Q
Best possible hand: TWO OF A KIND

UCF Hold-em #53: 8J92QAJ
Best possible hand: TWO OF A KIND

UCF Hold-em #54: 5QAJ3Q3
Best possible hand: TWO OF A KIND

UCF Hold-em #55: 7TJ982Q
Best possible hand: BUST

UCF Hold-em #56: 7KJ6825
Best possible hand: BUST

UCF Hold-em #57: 862J922
Best possible hand: THREE OF A KIND

UCF Hold-em #58: 449J8K8
Best possible hand: TWO OF A KIND

UCF Hold-em #59: 74QTJ93
Best possible hand: BUST

UCF Hold-em #60: 75TA688
Best possible hand: TWO OF A KIND

UCF Hold-em #61: T7QQ665
Best possible hand: TWO OF A KIND

UCF Hold-em #62: 6AJ65T4
Best possible hand: TWO OF A KIND

UCF Hold-em #63: 74JKA8T
Best possible hand: BUST

UCF Hold-em #64: KQA7256
Best possible hand: BUST

UCF Hold-em #65: 7988T2T
Best possible hand: TWO OF A KIND

UCF Hold-em #66: T9K932A
Best possible hand: TWO OF A KIND

UCF Hold-em #67: AQKQ32T
Best possible hand: TWO OF A KIND

UCF Hold-em #68: 8T34495
Best possible hand: TWO OF A KIND

UCF Hold-em #69: T7KJQQJ
Best possible hand: TWO OF A KIND

UCF Hold-em #70: 6J2JQ3J
Best possible hand: THREE OF A KIND

UCF Hold-em #71: 7TTK878
Best possible hand: TWO OF A KIND

UCF Hold-em #72: 2A753QK
Best possible hand: BUST

UCF Hold-em #73: 3A9975J
Best possible hand: TWO OF A KIND

UCF Hold-em #74: A3K2349
Best possible hand: TWO OF A KIND

UCF Hold-em #75: 4T857A6
Best possible hand: BUST

UCF Hold-em #76: 8J9J4Q4
Best possible hand: TWO OF A KIND

UCF Hold-em #77: 3Q62744
Best possible hand: TWO OF A KIND

UCF Hold-em #78: 7A47557
Best possible hand: FULL HOUSE

UCF Hold-em #79: 2347A45
Best possible hand: TWO OF A KIND

UCF Hold-em #80: Q7T8T63
Best possible hand: TWO OF A KIND

UCF Hold-em #81: T85787A
Best possible hand: TWO OF A KIND

UCF Hold-em #82: 89Q8TA5
Best possible hand: TWO OF A KIND

UCF Hold-em #83: A85AKKK
Best possible hand: FULL HOUSE

UCF Hold-em #84: 6896896
Best possible hand: FULL HOUSE

UCF Hold-em #85: 7T86AJ3
Best possible hand: BUST

UCF Hold-em #86: 9JA3KTQ
Best possible hand: BUST

UCF Hold-em #87: KK637QT
Best possible hand: TWO OF A KIND

UCF Hold-em #88: T9J3865
Best possible hand: BUST

UCF Hold-em #89: KQ7A2AJ
Best possible hand: TWO OF A KIND

UCF Hold-em #90: 954J28K
Best possible hand: BUST

UCF Hold-em #91: 4AQT4TA
Best possible hand: TWO OF A KIND

UCF Hold-em #92: 47J5999
Best possible hand: THREE OF A KIND

UCF Hold-em #93: 8T5T3T7
Best possible hand: THREE OF A KIND

UCF Hold-em #94: 35TK798
Best possible hand: BUST

UCF Hold-em #95: J6K4884
Best possible hand: TWO OF A KIND

UCF Hold-em #96: J72TJQA
Best possible hand: TWO OF A KIND

UCF Hold-em #97: 2873TJ4
Best possible hand: BUST

UCF Hold-em #98: T643758
Best possible hand: BUST

UCF Hold-em #99: QTKAA38
Best possible hand: TWO OF A KIND

UCF Hold-em #100: 83K4QJ7
Best possible hand: BUST

UCF Hold-em #101: TTTT666
Best possible hand: FOUR OF A KIND

UCF Hold-em #102: 6666TTT
Best possible hand: FOUR OF A KIND

UCF Hold-em #103: 2222333
Best possible hand: FOUR OF A KIND

UCF Hold-em #104: 2222345
Best possible hand: FOUR OF A KIND

UCF Hold-em #105: 3333456
Best possible hand: FOUR OF A KIND

UCF Hold-em #106: 3435363
Best possible hand: FOUR OF A KIND

UCF Hold-em #107: 7T48695
Best possible hand: BUST

UCF Hold-em #108: 45A38J9
Best possible hand: BUST

UCF Hold-em #109: Q4JJ922
Best possible hand: TWO OF A KIND

UCF Hold-em #110: 8T93256
Best possible hand: BUST

UCF Hold-em #111: K6K4374
Best possible hand: TWO OF A KIND

UCF Hold-em #112: 9Q2T4T4
Best possible hand: TWO OF A KIND

UCF Hold-em #113: Q696984
Best possible hand: TWO OF A KIND

UCF Hold-em #114: J223K65
Best possible hand: TWO OF A KIND

UCF Hold-em #115: KT2T469
Best possible hand: TWO OF A KIND

