Practice #1: 20 60
15 45
10 35
20 15
18 12
9 3
12 12
2 10
10 10

Practice #2: 15 100
1 99
2 97
3 94
5 89

Practice #3: 1 60
1 59
1 58
1 57
1 56
1 55
1 54
1 53
1 52
1 51
1 50
1 49
1 48
1 47
1 46
1 45
1 44
1 43
1 42
1 41
1 40
1 39
1 38
1 37
1 36
1 35
1 34
1 33
1 32
1 31
1 30
1 29
1 28
1 27
1 26
1 25
1 24
1 23
1 22
1 21
1 20
1 19
1 18
1 17
1 16
1 15
1 14
1 13
1 12
1 11
1 10
1 9
1 8
1 7
1 6
1 5
1 4
1 3
1 2
1 1
1 1
1 1
1 1
1 1
1 1
1 1

Practice #4: 30 600
30 570
30 540
30 510
30 480
30 450
30 420
30 390
30 360
30 330
30 300
30 270
30 240
30 210
30 180
30 150
30 120
30 90
30 60
30 30
30 30
30 30
30 30
30 30
30 30
30 30
30 30
30 30
30 30
30 30
30 30
30 30
30 30
30 30
30 30
30 30
30 30
30 30
30 30
30 30
30 30

Practice #5: 30 60
30 30
29 1
30 2
29 3
28 20
27 13
26 26
25 1
24 8
23 9
22 14
21 7

