teammate --- pair isograms

ali --- not pair isograms

dood --- pair isograms

abcdefghijklmnopqrstuvwxyzabcdefghijklmnopqrstuvwxyz --- pair isograms

abcdefghijklmnopqrslmnopqztuvwxyzabcdefghijkrstuvwxy --- pair isograms

nopqrstuvwxyzabcdefghijklmnopqrstuvwxyzabcdefghijklm --- pair isograms

abcdefghijklmnonopqrstuvwxyzpqrstuvwxyzabcdefghijklm --- pair isograms

abcdefghijklmnopqrstuvwxyzabqrstuvwxyzcdefghijklmnop --- pair isograms

aabbccddeeffgghhiijjkkllmmnnooppqqrrssttuuvvwwxxyyzz --- pair isograms

mjcxjnmypxnwpbbycw --- pair isograms

gzr --- not pair isograms

ekuqitfjyklrofrmjuhyasacdmltspwnwzconipqdhez --- pair isograms

xuqqclkpjuubesiapjunvxfaw --- not pair isograms

inqclhwbdwq --- not pair isograms

zlyuslziyius --- pair isograms

xxpajufvtpscnjuhhpbhjzuasafdqxcecyllmmdsscqqo --- not pair isograms

eouoeykguygk --- pair isograms

nkawgveqfnpuhrilfxrsdslmmccoeyyjgpkajthozwivqtbdbxuz --- pair isograms

auxl --- not pair isograms

wqtwkiljmnsdflhoybokvvpupgsvnlkubqncuxexlwottsmympdr --- not pair isograms

zgekikwkdtdweujrbwaplftixmnkrpns --- not pair isograms

tqazletkbtoyxdfacasxqxpqityscv --- not pair isograms

qaftyykkardbicuwmlnoimvlzecowzbjdvupjpnthrhxeqxf --- pair isograms

sljevaqwlcgadtcbbgitvrnnrzyzixpqlaacniwputrzpm --- not pair isograms

dstfkbibeogeoiswnjflkgatnjdlwa --- pair isograms

opmmkkphdnnoffhd --- pair isograms

wwcveleczfmjntsqa --- not pair isograms

rncpoyxolvdj --- not pair isograms

pgjvgseekptskjvt --- pair isograms

leklke --- pair isograms

qnxffipcwzsdwiejjjsysvwtldjonqzydgzsxjmjr --- not pair isograms

vcjcqvqddj --- pair isograms

faqytuajogyhgujhrrqzzotf --- pair isograms

qxkaclhylpjinbsjqxa --- not pair isograms

rimffcvnryirkcviteaed --- not pair isograms

cbbvephdrchl --- not pair isograms

ss --- pair isograms

oljvltojtvxx --- pair isograms

mftsasivafqjewgpiccexlbcvtzmrhdnnpqvdwd --- not pair isograms

mghettcsonoxycynjjvamevhagxs --- pair isograms

jedlvifnxiowfjusbdvtpgnwpuhehozbacsxltarcrgz --- pair isograms

vkgibfvnsmugcxinqkcttsxbqmfu --- pair isograms

oxnjgziaufxnzbmlarxlixuysnnswmbnqrkadvhcomezbxwnlhsj --- not pair isograms

pnfuoyep --- not pair isograms

qvvbbq --- pair isograms

xdmawnlqtdugpvgzlxyrjamcqvwyzjnkkucprt --- pair isograms

zlhfjtxcixvbrjwonhcpgrlvtpdegymukbfwuyzmaneokdai --- pair isograms

xmpdzmzxdp --- pair isograms

kiwzdaqctseryvdglagbjdgetezdrrzfoizvqrrciakcnph --- not pair isograms

aysvwhpwrywjiiyqbxtwodokld --- not pair isograms

qxyjlymtkoayjeljadyicdzavxxrxtcmanfsgegten --- not pair isograms

hxhnnwwx --- pair isograms

snbyeqsprxmrhahenpbqaxmy --- pair isograms

cphlcipatiualtwwhu --- pair isograms

fifi --- pair isograms

aymliqhiscagvlygmvcqszhz --- pair isograms

cfnsndcyfhoorz --- not pair isograms

vretg --- not pair isograms

bbdd --- pair isograms

obwbadikyuyeojrnqjijywfrxtwoicdwnyp --- not pair isograms

gzxxwgabjnogmsvkfvqtfqnerklrehcq --- not pair isograms

dbkpspmajpitivluzfyzcsefojjywfjbw --- not pair isograms

honxkdwchfkswdvvtpsbnmorxputfurmbc --- pair isograms

ybarfwwqfjljwibfssfseuxavwvxsfhwjmmeqmdqffnfgpcrjed --- not pair isograms

xtpzfykcypedlbiasgmsrskryizra --- not pair isograms

kkeop --- not pair isograms

brdoxsavbyvztcxomhkfqiewerhwcymzniugftgusdapqkpn --- pair isograms

f --- not pair isograms

gg --- pair isograms

iagcilmxxadszlhzhgdcmsff --- pair isograms

bcgocbgxox --- pair isograms

mgxwfshlpfzjliskzfekfkmissuudsshtrim --- not pair isograms

dlpawrcmksxy --- not pair isograms

fdfdgigqiq --- pair isograms

rcuqongmlxvqorcamkwxwtfebdgzujidbpfvnlaetijpkz --- pair isograms

qhxlcpgcbpbfqehqk --- not pair isograms

rffrjj --- pair isograms

bcahvnivkmaeidwkwhqlirqxbpphvpoevdimfqvagnhkcsa --- not pair isograms

otojtzyikhnmhnjykiczrmfcrf --- pair isograms

mxglqnlgdmtxezensqtdszrr --- pair isograms

gtnnstqdjrqkjhxhedergkxs --- pair isograms

pfyohhmlrzveewmaeiaqaklyrdpqovbzhntdxekgibbtzznwr --- not pair isograms

bumkmpvdsnvtekzywrugyewxlxtcjqhzfrplfbdniqcosiogahja --- pair isograms

wwxaenomjakrbxzmnhrpgpohszjgsbek --- pair isograms

tsnufghwgprfylhlpfssxawpvjsiquzvphbgrmahzhzdcsm --- not pair isograms

jjll --- pair isograms

csllhhfzzxsxwcwf --- pair isograms

hxhpsnnpxjsj --- pair isograms

eurqvjefliqsbznkytoaavjntyzusdccdklirobf --- pair isograms

rrss --- pair isograms

bm --- not pair isograms

nemjtdmiwsukvzugfcphslxdvzoyyqxrhgkrfbbpocnjetqiwl --- pair isograms

jfekfyjooudwszztsd --- not pair isograms

xxoslpgbvsvgbleoep --- pair isograms

bb --- pair isograms

upxwrttovrxesqzqldaji --- not pair isograms

pumozrstfkgbirva --- not pair isograms

ifymwaamodamxfbjbrldosugcjsddxhfgpidf --- not pair isograms

lggchmugyrqbckcgbrjjecoycpadxqamltwmeiebytujkb --- not pair isograms

xclkknliclywaaegazrqbslmszymkroasyziww --- not pair isograms

fttueaiqtr --- not pair isograms

ftaixlqnnyfqwstuaiywxppslu --- pair isograms

cnaeylgtlhvxksnkdghatfxsidczms --- not pair isograms

vlqavdmjmqkklapjdp --- pair isograms

oullpsdebrrdnfiesywuiywpzbzfnoxx --- pair isograms

etvfghsukphdeixnoxh --- not pair isograms

rfmnowdfti --- not pair isograms

adcgmrvjgnvumbjafzcxuwdhszihtwfsirynyxtb --- pair isograms

uucmhsp --- not pair isograms

hihowareyou --- not pair isograms

aaaaaaaaaaaaaaaaaaaaaaaaaaaaaaaaaaaaaaaaaaaaaaaaaaaa --- not pair isograms

zzzzzzzzzzzzzzzzzzzzzzzzzzzzzzzzzzzzzzzzzzzzzzzzzzzz --- not pair isograms

xx --- pair isograms

bacabcdefdef --- pair isograms

apple --- not pair isograms

tata --- pair isograms

tatafornow --- not pair isograms

