Matrix #1:
Original:
A B C D
J K L E
I H G F
Snail:
ABCD
EF
GHI
J
KL

Matrix #2:
Original:
A B C D E F
R S T U V G
Q Z Z Z W H
P Z Z Y X I
O N M L K J
Snail:
ABCDEF
GHIJ
KLMNO
PQR
STUV
WX
YZZ
Z
ZZ

Matrix #3:
Original:
X
Snail:
X

Matrix #4:
Original:
A B
Snail:
AB

Matrix #5:
Original:
A
B
Snail:
A
B

Matrix #6:
Original:
A B
C D
Snail:
AB
D
C

Matrix #7:
Original:
1 2 3 4 5 6 7 8 9 0
2 2 3 4 5 6 7 8 9 0
3 2 3 4 5 6 7 8 9 0
4 2 3 4 5 6 7 8 9 0
5 2 3 4 5 6 7 8 9 0
6 2 3 4 5 6 7 8 9 0
7 2 3 4 5 6 7 8 9 0
8 2 3 4 5 6 7 8 9 0
9 2 3 4 5 6 7 8 9 0
0 2 3 4 5 6 7 8 9 0
Snail:
1234567890
000000000
987654320
98765432
23456789
9999999
8765432
222222
345678
88888
76543
3333
4567
777
654
44
56
6
5

Matrix #8:
Original:
A A A A A A A A A A A A A A A
B B B B B B B B B B B B B B B
C C C C C C C C C C C C C C C
D D D D D D D D D D D D D D D
E E E E E E E E E E E E E E E
F F F F F F F F F F F F F F F
G G G G G G G G G G G G G G G
H H H H H H H H H H H H H H H
I I I I I I I I I I I I I I I
J J J J J J J J J J J J J J J
K K K K K K K K K K K K K K K
L L L L L L L L L L L L L L L
M M M M M M M M M M M M M M M
N N N N N N N N N N N N N N N
Z Z Z Z Z Z Z Z Z Z Z Z Z Z Z
Snail:
AAAAAAAAAAAAAAA
BCDEFGHIJKLMNZ
ZZZZZZZZZZZZZZ
NMLKJIHGFEDCB
BBBBBBBBBBBBB
CDEFGHIJKLMN
NNNNNNNNNNNN
MLKJIHGFEDC
CCCCCCCCCCC
DEFGHIJKLM
MMMMMMMMMM
LKJIHGFED
DDDDDDDDD
EFGHIJKL
LLLLLLLL
KJIHGFE
EEEEEEE
FGHIJK
KKKKKK
JIHGF
FFFFF
GHIJ
JJJJ
IHG
GGG
HI
II
H
H

Matrix #9:
Original:
1 2 3 4 5 6 7 8 9 0 1 2 3 4 5
Snail:
123456789012345

Matrix #10:
Original:
A
B
C
D
E
F
G
H
I
J
K
L
M
N
Z
Snail:
A
BCDEFGHIJKLMNZ

Matrix #11:
Original:
1 2 3 4 5 6 7 8 9 0 1 2 3 4 5
1 2 3 4 5 6 7 8 9 0 1 2 3 4 5
Snail:
123456789012345
5
43210987654321

Matrix #12:
Original:
1 A
2 B
3 C
4 D
5 E
6 F
7 G
8 H
9 I
0 J
1 K
2 L
3 M
4 N
5 Z
Snail:
1A
BCDEFGHIJKLMNZ
5
4321098765432

