Case #1: 1 3 1
Case #2: 1 15 28
Case #3: 3 15 3
Case #4: 1 7 2
Case #5: 1 4 1
Case #6: 1 4 1
Case #7: 7 13 1
Case #8: 7 13 1
Case #9: 7 513 2
Case #10: 7 613 8
Case #11: 7 0 1
Case #12: 1 1 1
Case #13: 1 6 2
Case #14: 3 13 120
Case #15: 4 247 162162
Case #16: 1 122898 923810382
Case #17: 1 66865 398732508
Case #18: 1 60938 731578003
Case #19: 1 60276 142753309
Case #20: 1 58727 653432627
Case #21: 1 60417 508264692
Case #22: 1 62886 190052555
Case #23: 1 64230 517744399
Case #24: 1 60698 553657617
Case #25: 1 72041 877571261
Case #26: 1 64002 170223533
Case #27: 82 49554 901977399
Case #28: 73 58334 73695787
Case #29: 76 60024 175407250
Case #30: 82 60511 293965827
Case #31: 82 55710 426322202
Case #32: 95 58369 799315924
Case #33: 93 64909 330227234
Case #34: 102 59574 193144801
Case #35: 113 60196 351131282
Case #36: 113 60438 704781333
Case #37: 115 61381 267435900
Case #38: 103 60705 910941240
Case #39: 102 58021 225944408
Case #40: 126 50778 359403820
Case #41: 112 56497 626692909
Case #42: 128 54776 842103889
Case #43: 119 53553 375990499
Case #44: 128 60653 405145356
Case #45: 129 57520 814248720
Case #46: 147 52739 259518145
Case #47: 133 55201 567019825
Case #48: 130 59510 325368016
Case #49: 136 56628 397018592
Case #50: 134 57179 673721287
Case #51: 153 57931 519885328
Case #52: 149 56314 482500586
Case #53: 163 53245 934312528
Case #54: 139 53143 865941415
Case #55: 169 53807 773676279
Case #56: 168 58646 524050186
Case #57: 166 52030 270182879
Case #58: 177 52786 360476853
Case #59: 188 54960 335459815
Case #60: 180 56072 868603347
Case #61: 182 56491 991198370
Case #62: 178 54188 116937466
Case #63: 172 53318 478461200
Case #64: 198 52904 55958482
Case #65: 182 49624 10761472
Case #66: 175 51478 706310679
Case #67: 500 0 1
Case #68: 3 124727 1
Case #69: 1 62165 500596999
Case #70: 6 23 24
Case #71: 157 59778 954951799
Case #72: 50 63522 771036179
Case #73: 500 0 1
Case #74: 201 49890 372931696
Case #75: 24 60386 281264216
Case #76: 12 60403 47938693
Case #77: 407 19352 123209023
Case #78: 154 50803 506089807
Case #79: 19 56291 26469682
Case #80: 1 64665 382733894
Case #81: 1 249000 923810382
