Of.HxgtOdg 40
yBmZ.qugDHs BIdKoCl 234
XdWxHxrosZfPg 5
ZIDYyMhrJc 19
odICIkDLDxEZTo 246
ksAQjtHUcMiw 1
NpOtgaUnBAkFG 1
henrzMmWdzwm 83
URiqXkDWHKcetX 486
JPrmpAkHcLBqdF 398
i QEmLiikUm a 20
chNUcEozcugVh 1
VXSJ fttdUMnp 3
TaPdhSMOTrLwnOh 291
VAmPpSzVabduf 1
lWZtGWnjxInpNi 105
eZyGIUtcqkcgwSbX 538
PLDPZzsbZbOS 227
oOIWvBBslZfzJJkx.Iu 472
CZlSAPdrrmAQT 215
bbKtAfHPmzK 445
NpdJiXMvvHjRrUD 438
OwEzuBYbYqrEOqHU 154
QETpRlltawt 40
UehozVkDZpAJJGLAmVm 171
ALGhXYSkTNo XZsNc 1
XVDorlYsx. E 870
lLhGnLRnegWZFFtyDZD 31
bjsqyENtJ qaSJjFaT 324
kzxgSpMSGqoiFT 445
BPmVNrrMWoNzAT 279
jlfvaJQyQG 560
lsVnQowXpMsyAmucnHT 659
RNxUeMfbMIoLzZiwf 174
vyqAaLfycMKsbp JQGJ 84
DBExAFt KVd 329
nQggNIZYzG 8
HyIya faWDhYy 223
sSFUbWvzzz 488
KkuARhLqyHGsxAzSS 92
abmWKoPaVOoHPt 1
kiVfvkoQrmLhiHCp 623
xGpRmIvpZBESwLbn 369
mKdoUtYtInXP 1
X.BnoEMMtBclqcWP 482
eulPKuKdEpPrYtCW 550
fRpDnXIzPjiT 57
cwjfPLMmam 433
FuDvGqotchrpQiENDn 1
Ri mVFBrpaFOaPKQ 270
