0.00003
0.00014
0.00031
0.00055
0.00086
0.00124
0.00168
0.00220
0.00279
0.00344
0.00416
0.00495
0.00581
0.00674
0.00774
0.00880
0.00994
0.01114
0.01241
0.01375
0.01516
0.01664
0.01819
0.01980
0.02149
0.02324
0.02507
0.02696
0.02892
0.03094
0.03304
0.03521
0.03744
0.03975
0.04212
0.04456
0.04707
0.04965
0.05230
0.05501
0.05780
0.06065
0.06357
0.06657
0.06963
0.07275
0.07595
0.07922
0.08255
0.08596
0.08943
0.09297
0.09658
0.10026
0.10401
0.10783
0.11171
0.11566
0.11969
0.12378
0.12794
0.13217
0.13647
0.14083
0.14527
0.14977
0.15435
0.15899
0.16370
0.16848
0.17332
0.17824
0.18323
0.18828
0.19340
0.19860
0.20386
0.20919
0.21458
0.22005
0.22559
0.23119
0.23686
0.24261
0.24842
0.25430
0.26025
0.26626
0.27235
0.27850
0.28473
0.29102
0.29738
0.30381
0.31031
0.31687
0.32351
0.33021
0.33699
0.34383
0.35074
0.35772
0.36477
0.37189
0.37907
0.38633
0.39365
0.40104
0.40850
0.41603
0.42363
0.43130
0.43904
0.44684
0.45472
0.46266
0.47067
0.47875
0.48690
0.49512
0.50340
0.51176
0.52018
0.52867
0.53723
0.54586
0.55456
0.56333
0.57217
0.58107
0.59005
0.59909
0.60820
0.61738
0.62663
0.63595
0.64533
0.65479
0.66431
0.67391
0.68357
0.69330
0.70310
0.71297
0.72290
0.73291
0.74298
0.75313
0.76334
0.77362
0.78397
0.79439
0.80487
0.81543
0.82605
0.83675
0.84751
0.85834
0.86924
0.88021
0.89124
0.90235
0.91352
0.92477
0.93608
0.94746
0.95891
0.97043
0.98201
0.99367
1.00539
1.01719
1.02905
1.04098
1.05298
1.06505
1.07719
1.08939
1.10167
1.11401
1.12642
1.13890
1.15145
1.16407
1.17676
1.18951
1.20234
1.21523
1.22820
1.24123
1.25433
1.26750
1.28073
1.29404
1.30741
1.32086
1.33437
1.34795
1.36160
1.37532
1.38911
1.40296
1.41689
1.43088
1.44495
1.45908
1.47328
1.48755
1.50188
1.51629
1.53077
1.54531
1.55992
1.57460
1.58935
1.60417
1.61906
1.63402
1.64904
1.66414
1.67930
1.69453
1.70983
1.72520
1.74064
1.75615
1.77172
1.78737
1.80308
1.81886
1.83471
1.85063
1.86662
1.88268
1.89880
1.91500
1.93126
1.94759
1.96399
1.98046
1.99700
2.01361
2.03028
2.04703
2.06384
2.08072
2.09767
2.11469
2.13178
2.14894
2.16616
2.18346
2.20082
2.21825
2.23576
2.25333
2.27096
2.28867
2.30645
2.32429
2.34221
2.36019
2.37824
2.39636
2.41455
2.43280
2.45113
2.46953
2.48799
2.50652
2.52512
2.54379
2.56253
2.58134
2.60022
2.61916
2.63817
2.65726
2.67641
2.69563
2.71492
2.73428
2.75370
2.77320
2.79276
2.81239
2.83209
2.85186
2.87170
2.89161
2.91159
2.93163
2.95175
2.97193
2.99218
3.01250
3.03289
3.05335
3.07388
3.09447
3.11514
3.13587
3.15667
3.17754
3.19848
3.21949
3.24056
3.26171
3.28292
3.30421
3.32556
3.34698
3.36847
3.39003
3.41165
3.43335
3.45511
3.47695
3.49885
3.52082
3.54286
3.56497
3.58715
3.60939
3.63171
3.65409
3.67654
3.69906
3.72165
3.74431
3.76704
3.78983
3.81270
3.83563
3.85863
3.88171
3.90484
3.92805
3.95133
3.97468
3.99809
4.02158
4.04513
4.06875
4.09244
4.11620
4.14002
4.16392
4.18789
4.21192
4.23602
4.26019
4.28443
4.30874
4.33312
4.35757
4.38208
4.40666
4.43132
4.45604
4.48083
4.50569
4.53062
4.55561
4.58068
4.60581
4.63101
4.65629
4.68163
4.70703
4.73251
4.75806
4.78367
4.80936
4.83511
4.86093
4.88682
4.91278
4.93881
4.96491
4.99107
5.01731
5.04361
5.06998
5.09642
5.12293
5.14951
5.17616
5.20287
5.22966
5.25651
5.28343
5.31042
5.33748
5.36461
5.39181
5.41907
5.44641
5.47381
5.50128
5.52882
5.55643
5.58411
5.61186
5.63967
5.66756
5.69551
5.72353
5.75163
5.77979
5.80801
5.83631
5.86468
5.89311
5.92162
5.95019
5.97883
6.00754
6.03632
6.06516
6.09408
6.12307
6.15212
6.18124
6.21043
6.23969
6.26902
6.29842
6.32788
6.35742
6.38702
6.41670
6.44644
6.47625
6.50613
6.53607
6.56609
6.59618
6.62633
6.65655
6.68684
6.71720
6.74763
6.77813
6.80870
6.83933
6.87004
6.90081
6.93165
6.96256
6.99354
7.02459
7.05570
7.08689
7.11814
7.14947
7.18086
7.21232
7.24385
7.27545
7.30711
7.33885
7.37065
7.40253
7.43447
7.46648
7.49856
7.53071
7.56292
7.59521
7.62756
7.65999
7.69248
7.72504
7.75767
7.79037
7.82313
7.85597
7.88887
7.92185
7.95489
7.98800
8.02118
8.05443
8.08775
8.12113
8.15459
8.18811
8.22170
8.25536
8.28909
8.32289
8.35676
8.39069
8.42470
8.45877
8.49291
8.52713
8.56141
8.59575
8.63017
8.66466
8.69921
8.73384
8.76853
8.80329
8.83812
8.87302
8.90799
8.94302
8.97813
9.01330
9.04854
9.08386
9.11924
9.15468
9.19020
9.22579
9.26144
9.29717
9.33296
9.36882
9.40475
9.44075
9.47682
9.51296
9.54916
9.58543
9.62178
9.65819
9.69467
9.73122
9.76784
9.80452
9.84128
9.87810
9.91500
9.95196
9.98899
10.02609
10.06326
10.10049
10.13780
10.17517
10.21262
10.25013
10.28771
10.32536
10.36308
10.40086
10.43872
10.47664
10.51464
10.55270
10.59083
10.62903
10.66730
10.70563
10.74404
10.78251
10.82106
10.85967
10.89835
10.93710
10.97592
11.01481
11.05376
11.09279
11.13188
11.17104
11.21027
11.24957
11.28894
11.32838
11.36788
11.40746
11.44710
11.48682
11.52660
11.56645
11.60637
11.64635
11.68641
11.72653
11.76673
11.80699
11.84732
11.88772
11.92819
11.96873
12.00933
12.05001
12.09075
12.13157
12.17245
12.21340
12.25442
12.29550
12.33666
12.37789
12.41918
12.46054
12.50197
12.54347
12.58504
12.62668
12.66839
12.71016
12.75201
12.79392
12.83590
12.87795
12.92007
12.96226
13.00452
13.04684
13.08924
13.13170
13.17423
13.21683
13.25950
13.30224
13.34505
13.38792
13.43087
13.47388
13.51696
13.56011
13.60333
13.64662
13.68998
13.73340
13.77690
13.82046
13.86409
13.90779
13.95156
13.99540
14.03931
14.08328
14.12733
14.17144
14.21562
14.25987
14.30419
14.34858
14.39304
14.43757
14.48216
14.52682
14.57156
14.61636
14.66123
14.70617
14.75117
14.79625
14.84139
14.88661
14.93189
14.97724
15.02266
15.06815
15.11371
15.15933
15.20503
15.25079
15.29663
15.34253
15.38850
15.43454
15.48064
15.52682
15.57307
15.61938
15.66576
15.71221
15.75873
15.80532
15.85198
15.89871
15.94550
15.99237
16.03930
16.08630
16.13337
16.18051
16.22772
16.27499
16.32234
16.36975
16.41724
16.46479
16.51241
16.56010
16.60786
16.65568
16.70358
16.75154
16.79958
16.84768
16.89585
16.94409
16.99240
17.04077
17.08922
17.13773
17.18632
17.23497
17.28369
17.33248
17.38134
17.43026
17.47926
17.52832
17.57746
17.62666
17.67593
17.72527
17.77468
17.82416
17.87370
17.92332
17.97300
18.02275
18.07257
18.12246
18.17242
18.22245
18.27254
18.32271
18.37294
18.42325
18.47362
18.52406
18.57457
18.62514
18.67579
18.72650
18.77729
18.82814
18.87906
18.93005
18.98111
19.03224
19.08343
19.13470
19.18603
19.23744
19.28891
19.34045
19.39206
19.44373
19.49548
19.54729
19.59918
19.65113
19.70315
19.75524
19.80740
19.85963
19.91193
19.96429
20.01673
20.06923
20.12180
20.17444
20.22715
20.27993
20.33277
20.38569
20.43867
20.49173
20.54485
20.59804
20.65130
20.70463
20.75802
20.81149
20.86502
20.91863
20.97230
21.02604
21.07985
21.13373
21.18767
21.24169
21.29577
21.34993
21.40415
21.45844
21.51280
21.56723
21.62173
21.67629
21.73093
21.78563
21.84040
21.89524
21.95015
22.00513
22.06018
22.11529
22.17048
22.22573
22.28105
22.33645
22.39191
22.44743
22.50303
22.55870
22.61443
22.67024
22.72611
22.78205
22.83806
22.89414
22.95029
23.00650
23.06279
23.11914
23.17556
23.23205
23.28861
23.34524
23.40194
23.45871
23.51554
23.57245
23.62942
23.68646
23.74357
23.80075
23.85800
23.91531
23.97270
24.03015
24.08768
24.14527
24.20293
24.26066
24.31845
24.37632
24.43426
24.49226
24.55033
24.60848
24.66669
24.72496
24.78331
24.84173
24.90021
24.95877
25.01739
25.07608
25.13484
25.19367
25.25257
25.31154
25.37057
25.42968
25.48885
25.54809
25.60740
25.66678
25.72623
25.78575
25.84534
25.90499
25.96471
26.02451
26.08437
26.14430
26.20429
26.26436
26.32450
26.38470
26.44498
26.50532
26.56573
26.62621
26.68676
26.74737
26.80806
26.86881
26.92964
26.99053
27.05149
27.11252
27.17362
27.23479
27.29602
27.35733
27.41870
27.48014
27.54166
27.60324
27.66488
27.72660
27.78839
27.85024
27.91217
27.97416
28.03622
28.09835
28.16055
28.22282
28.28515
28.34756
28.41003
28.47258
28.53519
28.59787
28.66062
28.72343
28.78632
28.84928
28.91230
28.97539
29.03855
29.10179
29.16508
29.22845
29.29189
29.35539
29.41897
29.48261
29.54632
29.61010
29.67395
29.73787
29.80186
29.86591
29.93004
29.99423
30.05849
30.12282
30.18722
30.25169
30.31623
30.38083
30.44551
30.51025
30.57506
30.63994
30.70489
30.76991
30.83500
30.90015
30.96538
31.03067
31.09603
31.16147
31.22696
31.29253
31.35817
31.42388
31.48965
31.55549
31.62141
31.68739
31.75344
31.81956
31.88574
31.95200
32.01832
32.08472
32.15118
32.21771
32.28431
32.35098
32.41772
32.48452
32.55140
32.61834
32.68536
32.75244
32.81959
32.88681
32.95409
33.02145
33.08887
33.15637
33.22393
33.29156
33.35926
33.42703
33.49487
33.56278
33.63075
33.69879
33.76691
33.83509
33.90334
33.97166
34.04005
34.10850
34.17703
34.24562
34.31428
34.38302
34.38302
137.53207
309.44715
550.12826
859.57541
1237.78859
1684.76781
2200.51305
2785.02433
3438.30165
4160.34499
4951.15437
5810.72978
6739.07122
7736.17870
8802.05221
9936.69175
11140.09733
12412.26894
13753.20658
15162.91025
16641.37996
18188.61570
19804.61748
21489.38528
23242.91912
25065.21899
26956.28490
28916.11684
30944.71481
33042.07881
35208.20885
37443.10492
39746.76702
42119.19515
44560.38932
47070.34952
49649.07576
52296.56802
55012.82632
57797.85065
60651.64102
63574.19742
66565.51985
69625.60831
72754.46281
75952.08334
79218.46990
82553.62250
85957.54113
89430.22579
92971.67648
96581.89321
100260.87597
104008.62476
107825.13959
111710.42045
115664.46734
119687.28027
123778.85922
127939.20421
132168.31524
136466.19229
140832.83538
145268.24451
149772.41966
154345.36085
158987.06807
163697.54132
168476.78061
173324.78593
178241.55728
183227.09467
188281.39809
193404.46754
198596.30302
203856.90454
209186.27209
214584.40567
220051.30529
225586.97093
231191.40262
236864.60033
242606.56408
248417.29386
254296.78967
260245.05152
266262.07940
272347.87331
278502.43325
284725.75923
291017.85124
297378.70928
303808.33336
310306.72347
316873.87961
323509.80179
330214.48999
336987.94424
343830.16451
350741.15082
357720.90316
364769.42153
371886.70593
379072.75637
386327.57284
393651.15535
401043.50388
408504.61845
416034.49906
423633.14569
431300.55836
439036.73706
446841.68180
454715.39256
462657.86936
470669.11220
478749.12106
486897.89596
495115.43689
503401.74386
511756.81686
520180.65589
528673.26095
537234.63205
545864.76917
554563.67234
563331.34153
572167.77676
581072.97802
590046.94531
599089.67864
608201.17800
617381.44339
626630.47482
635948.27228
645334.83577
654790.16529
664314.26085
673907.12244
683568.75006
693299.14372
703098.30340
712966.22913
722902.92088
732908.37867
742982.60249
753125.59234
763337.34823
773617.87015
783967.15810
794385.21208
804872.03210
815427.61815
826051.97023
836745.08835
847506.97250
858337.62268
869237.03890
880205.22114
891242.16942
902347.88374
913522.36408
924765.61046
936077.62288
947458.40132
958907.94580
970426.25631
982013.33285
993669.17543
1005393.78404
1017187.15868
1029049.29936
1040980.20607
1052979.87881
1065048.31758
1077185.52239
1089391.49323
1101666.23010
1114009.73301
1126422.00195
1138903.03692
1151452.83792
1164071.40496
1176758.73803
1189514.83714
1202339.70227
1215233.33344
1228195.73064
1241226.89388
1254326.82315
1267495.51845
1280732.97978
1294039.20715
1307414.20055
1320857.95998
1334370.48544
1347951.77694
1361601.83447
1375320.65804
1389108.24763
1402964.60326
1416889.72493
1430883.61262
1444946.26635
1459077.68611
1473277.87190
1487546.82373
1501884.54159
1516291.02548
1530766.27541
1545310.29137
1559923.07336
1574604.62139
1589354.93544
1604174.01553
1619061.86166
1634018.47381
1649043.85200
1664137.99622
1679300.90648
1694532.58277
1709833.02509
1725202.23344
1740640.20783
1756146.94825
1771722.45470
1787366.72718
1803079.76570
1818861.57025
1834712.14084
1850631.47745
1866619.58010
1882676.44879
1898802.08350
1914996.48425
1931259.65103
1947591.58384
1963992.28269
1980461.74757
1996999.97848
2013606.97543
2030282.73841
2047027.26742
2063840.56247
2080722.62354
2097673.45065
2114693.04380
2131781.40297
2148938.52818
2166164.41942
2183459.07670
2200822.50001
2218254.68935
2235755.64472
2253325.36613
2270963.85357
2288671.10704
2306447.12654
2324291.91208
2342205.46365
2360187.78126
2378238.86489
2396358.71456
2414547.33026
2432804.71200
2451130.85977
2469525.77357
2487989.45340
2506521.89927
2525123.11117
2543793.08910
2562531.83307
2581339.34307
2600215.61910
2619160.66116
2638174.46926
2657257.04339
2676408.38355
2695628.48975
2714917.36198
2734275.00024
2753701.40454
2773196.57486
2792760.51122
2812393.21362
2832094.68204
2851864.91650
2871703.91700
2891611.68352
2911588.21608
2931633.51467
2951747.57929
2971930.40995
2992182.00664
3012502.36936
3032891.49812
3053349.39291
3073876.05373
3094471.48058
3115135.67347
3135868.63239
3156670.35734
3177540.84833
3198480.10535
3219488.12840
3240564.91748
3261710.47260
3282924.79375
3304207.88093
3325559.73415
3346980.35340
3368469.73868
3390027.88999
3411654.80734
3433350.49072
3455114.94013
3476948.15558
3498850.13706
3520820.88457
3542860.39812
3564968.67770
3587145.72331
3609391.53495
3631706.11263
3654089.45634
3676541.56608
3699062.44185
3721652.08366
3744310.49150
3767037.66538
3789833.60528
3812698.31122
3835631.78320
3858634.02120
3881705.02524
3904844.79531
3928053.33142
3951330.63355
3974676.70172
3998091.53593
4021575.13616
4045127.50243
4068748.63473
4092438.53307
4116197.19744
4140024.62784
4163920.82427
4187885.78674
4211919.51524
4236022.00977
4260193.27033
4284433.29693
4308742.08956
4333119.64822
4357565.97292
4382081.06365
4406664.92041
4431317.54321
4456038.93204
4480829.08690
4505688.00779
4530615.69472
4555612.14768
4580677.36667
4605811.35170
4631014.10276
4656285.61985
4681625.90297
4707034.95213
4732512.76732
4758059.34854
4783674.69580
4809358.80909
4835111.68841
4860933.33376
4886823.74515
4912782.92257
4938810.86602
4964907.57551
4991073.05103
5017307.29258
5043610.30017
5069982.07378
5096422.61343
5122931.91912
5149509.99083
5176156.82858
5202872.43237
5229656.80218
5256509.93803
5283431.83991
5310422.50783
5337481.94177
5364610.14175
5391807.10776
5419072.83981
5446407.33789
5473810.60200
5501282.63214
5528823.42832
5556432.99053
5584111.31877
5611858.41305
5639674.27336
5667558.89970
5695512.29208
5723534.45048
5751625.37492
5779785.06540
5808013.52190
5836310.74444
5864676.73301
5893111.48762
5921615.00826
5950187.29493
5978828.34763
6007538.16637
6036316.75114
6065164.10194
6094080.21877
6123065.10164
6152118.75054
6181241.16548
6210432.34644
6239692.29344
6269021.00648
6298418.48554
6327884.73064
6357419.74177
6387023.51894
6416696.06213
6446437.37136
6476247.44663
6506126.28792
6536073.89525
6566090.26861
6596175.40801
6626329.31343
6656551.98489
6686843.42239
6717203.62591
6747632.59547
6778130.33106
6808696.83269
6839332.10035
6870036.13404
6900808.93376
6931650.49952
6962560.83131
6993539.92913
7024587.79298
7055704.42287
7086889.81879
7118143.98075
7149466.90873
7180858.60275
7212319.06281
7243848.28889
7275446.28101
7307113.03916
7338848.56335
7370652.85356
7402525.90981
7434467.73210
7466478.32041
7498557.67476
7530705.79514
7562922.68156
7595208.33400
7627562.75248
7659985.93700
7692477.88754
7725038.60412
7757668.08673
7790366.33538
7823133.35006
7855969.13077
7888873.67751
7921846.99029
7954889.06910
7987999.91394
8021179.52481
8054427.90172
8087745.04466
8121130.95364
8154585.62864
8188109.06968
8221701.27676
8255362.24986
8289091.98900
8322890.49417
8356757.76537
8390693.80261
8424698.60588
8458772.17518
8492914.51052
8527125.61189
8561405.47929
8595754.11273
8630171.51219
8664657.67769
8699212.60923
8733836.30679
8768528.77039
8803290.00002
8838119.99569
8873018.75739
8907986.28512
8943022.57888
8978127.63868
9013301.46450
9048544.05637
9083855.41426
9119235.53819
9154684.42815
9190202.08414
9225788.50617
9261443.69423
9297167.64832
9332960.36845
9368821.85461
9404752.10680
9440751.12502
9476818.90928
9512955.45957
9549160.77589
9585434.85825
9621777.70664
9658189.32106
9694669.70151
9731218.84800
9767836.76052
9804523.43907
9841278.88366
9878103.09428
9914996.07093
9951957.81361
9988988.32233
10026087.59708
10063255.63787
10100492.44468
10137798.01753
10175172.35641
10212615.46133
10250127.33228
10287707.96926
10325357.37227
10363075.54132
10400862.47640
10438718.17751
10476642.64466
10514635.87783
10552697.87704
10590828.64229
10629028.17357
10667296.47088
10705633.53422
10744039.36359
10782513.95900
10821057.32044
10859669.44792
10898350.34143
10937100.00097
10975918.42654
11014805.61814
11053761.57578
11092786.29946
11131879.78916
11171042.04490
11210273.06667
11249572.85447
11288941.40831
11328378.72818
11367884.81408
11407459.66601
11447103.28398
11486815.66798
11526596.81802
11566446.73408
11606365.41618
11646352.86431
11686409.07848
11726534.05868
11766727.80491
11806990.31717
11847321.59547
11887721.63980
11928190.45016
11968728.02656
12009334.36899
12050009.47745
12090753.35194
12131565.99247
12172447.39903
12213397.57162
12254416.51025
12295504.21491
12336660.68560
12377885.92232
12419179.92508
12460542.69387
12501974.22870
12543474.52955
12585043.59644
12626681.42936
12668388.02832
12710163.39331
12752007.52433
12793920.42138
12835902.08447
12877952.51359
12920071.70874
12962259.66992
13004516.39714
13046841.89039
13089236.14968
13131699.17499
13174230.96634
13216831.52373
13259500.84714
13302238.93659
13345045.79207
13387921.41359
13430865.80113
13473878.95471
13516960.87433
13560111.55997
13603331.01165
13646619.22936
13689976.21311
13733401.96288
13776896.47869
13820459.76054
13864091.80841
13907792.62232
13951562.20227
13995400.54824
14039307.66025
14083283.53829
14127328.18236
14171441.59247
14215623.76861
14259874.71078
14304194.41899
14348582.89322
14393040.13350
14437566.13980
14482160.91214
14526824.45051
14571556.75491
14616357.82534
14661227.66181
14706166.26431
14751173.63285
14796249.76741
14841394.66801
14886608.33465
14931890.76731
14977241.96601
15022661.93074
15068150.66151
15113708.15831
15159334.42114
15205029.45000
15250793.24490
15296625.80582
15342527.13279
15388497.22578
15434536.08481
15480643.70987
15526820.10096
15573065.25809
15619379.18125
15665761.87044
15712213.32567
15758733.54692
15805322.53422
15851980.28754
15898706.80690
15945502.09229
15992366.14371
16039298.96116
16086300.54465
16133370.89417
16180510.00973
16227717.89132
16274994.53894
16322339.95259
16369754.13227
16417237.07799
16464788.78974
16512409.26753
16560098.51135
16607856.52120
16655683.29708
16703578.83900
16751543.14694
16799576.22093
16847678.06094
16895848.66699
16944088.03907
16992396.17718
17040773.08133
17089218.75151
17137733.18772
17186316.38997
17234968.35824
17283689.09256
17332478.59290
17381336.85928
17430263.89169
17479259.69013
17528324.25460
17577457.58511
17626659.68165
17675930.54423
17725270.17283
17774678.56747
17824155.72815
17873701.65485
17923316.34759
17972999.80636
18022752.03117
18072573.02200
18122462.77887
18172421.30178
18222448.59071
18272544.64568
18322709.46668
18372943.05372
18423245.40679
18473616.52589
18524056.41102
18574565.06219
18625142.47939
18675788.66262
18726503.61188
18777287.32718
18828139.80851
18879061.05588
18930051.06927
18981109.84870
19032237.39417
19083433.70566
19134698.78319
19186032.62675
19237435.23634
19288906.61197
19340446.75363
19392055.66132
19443733.33505
19495479.77481
19547294.98060
19599178.95242
19651131.69028
19703153.19417
19755243.46410
19807402.50005
19859630.30204
19911926.87006
19964292.20412
20016726.30420
20069229.17032
20121800.80248
20174441.20066
20227150.36488
20279928.29514
20332774.99142
20385690.45374
20438674.68209
20491727.67647
20544849.43689
20598039.96334
20651299.25582
20704627.31434
20758024.13889
20811489.72947
20865024.08608
20918627.20873
20972299.09741
21026039.75212
21079849.17287
21133727.35964
21187674.31246
21241690.03130
21295774.51618
21349927.76709
21404149.78403
21458440.56701
21512800.11602
21567228.43106
21621725.51213
21676291.35924
21730925.97238
21785629.35155
21840401.49676
21895242.40800
21950152.08527
22005130.52858
22060177.73791
22115293.71329
22170478.45469
22225731.96213
22281054.23559
22336445.27510
22391905.08063
22447433.65220
22503030.98980
22558697.09344
22614431.96310
22670235.59880
22726108.00054
22782049.16830
22838059.10210
22894137.80193
22950285.26780
23006501.49969
23062786.49762
23119140.26159
23175562.79158
23232054.08761
23288614.14967
23345242.97777
23401940.57189
23458706.93205
23515542.05825
23572445.95047
23629418.60873
23686460.03303
23743570.22335
23800749.17971
23857996.90210
23915313.39052
23972698.64498
24030152.66547
24087675.45199
24145267.00455
24202927.32313
24260656.40776
24318454.25841
24376320.87510
24434256.25782
24492260.40657
24550333.32135
24608475.00217
24666685.44902
24724964.66191
24783312.64083
24841729.38578
24900214.89676
24958769.17377
25017392.21682
25076084.02591
25134844.60102
25193673.94217
25252572.04935
25311538.92256
25370574.56181
25429678.96709
25488852.13840
25548094.07574
25607404.77912
25666784.24853
25726232.48398
25785749.48545
25845335.25296
25904989.78650
25964713.08608
26024505.15169
26084365.98333
26144295.58100
26204293.94471
26264361.07445
26324496.97022
26384701.63203
26444975.05986
26505317.25374
26565728.21364
26626207.93958
26686756.43155
26747373.68955
26808059.71359
26868814.50365
26929638.05976
26990530.38189
27051491.47006
27112521.32426
27173619.94449
27234787.33076
27296023.48306
27357328.40139
27418702.08575
27480144.53615
27541655.75258
27603235.73505
27664884.48354
27726601.99807
27788388.27863
27850243.32523
27912167.13786
27974159.71652
28036221.06121
28098351.17194
28160550.04870
28222817.69149
28285154.10032
28347559.27518
28410033.21607
28472575.92299
28535187.39595
28597867.63494
28660616.63996
28723434.41102
28786320.94811
28849276.25123
28912300.32038
28975393.15557
29038554.75679
29101785.12404
29165084.25733
29228452.15665
29291888.82200
29355394.25338
29418968.45080
29482611.41425
29546323.14374
29610103.63925
29673952.90080
29737870.92838
29801857.72200
29865913.28165
29930037.60733
29994230.69904
30058492.55679
30122823.18057
30187222.57038
30251690.72623
30316227.64810
30380833.33602
30445507.78996
30510251.00994
30575062.99595
30639943.74799
30704893.26607
30769911.55017
30834998.60032
30900154.41649
30965378.99870
31030672.34694
31096034.46121
31161465.34152
31226964.98786
31292533.40023
31358170.57863
31423876.52307
31489651.23354
31555494.71004
31621406.95258
31687387.96115
31753437.73575
31819556.27639
31885743.58306
31951999.65576
32018324.49449
32084718.09926
32151180.47006
32217711.60689
32284311.50975
32350980.17865
32417717.61358
32484523.81455
32551398.78154
32618342.51457
32685355.01364
32752436.27873
32819586.30986
32886805.10702
32954092.67022
33021448.99944
33088874.09471
33156367.95600
33223930.58332
33291561.97668
33359262.13608
33427031.06150
33494868.75296
33562775.21045
33630750.43397
33698794.42353
33766907.17912
33835088.70074
33903338.98839
33971658.04208
34040045.86180
34108502.44756
34177027.79934
34245621.91716
34314284.80102
34383016.45090
95359.54163
18417847.99260
13031018.66898
8992230.16796
833765.52171
14286871.18890
12350545.16629
23786265.53844
13868106.22296
25463964.75542
32163258.81115
33024077.69388
2044348.78683
30816340.74666
10755031.23079
129945.23659
1031487.08999
3030719.70361
6403405.89304
2661073.20133
222069.68450
13582083.81802
2981624.38944
18299.75767
9789.12390
14057250.48354
5180431.53541
12392032.31547
25900227.30738
27325624.00802
13593791.53752
812499.51991
836105.78708
27576952.74672
4456560.47714
24807014.83015
94588.07079
20153854.98750
237583.99841
11111096.12596
33002095.53866
25297400.36142
34792.33258
165986.70182
17756582.27374
18978486.50983
1279997.05558
481511.42747
58690.84162
11544.84347
15469086.14127
3703637.18224
25188375.42606
22852419.29623
30466786.02493
24140321.05093
5441146.58567
7212916.15440
10613229.41022
31856710.99050
7750441.02859
32931657.00833
4021934.26378
6201484.62893
22807690.10249
12777356.23308
109556.54393
411096.64264
6978836.48291
13910142.04511
11315629.48374
1117605.68293
18781213.78952
17136734.06758
11400659.33844
26561452.42170
26566609.21182
8773523.93139
10196025.41120
14565752.92901
18313126.88867
4956292.26275
13152965.83191
32258916.38220
74980.68591
33560931.79694
10551511.51285
16376.24596
112785.62303
22448924.31989
6228242.26695
1365146.52011
3400771.18136
452904.01653
5912526.83552
15393916.29398
4950960.97596
2811317.58591
543541.22198
3440310.52582
18457988.93487
4527116.86301
4649182.08014
22408104.09921
26342848.73302
195794.10834
4534887.11208
4312962.59824
4524.72346
1958304.51049
8893814.47218
27330582.17353
996405.49392
34317917.53993
19405489.11579
13427.82106
120991.93069
1639142.95950
13711752.18825
1803061.16804
23959391.71113
1388767.54308
14793840.24211
53334.80393
10356566.06075
6075123.83653
15227270.11956
286023.50025
12559719.55652
17749254.74531
603055.68618
10018702.25615
31498299.99772
3097163.28630
714234.15913
976572.28552
2265558.52158
1698665.10259
194249.16253
19983236.10204
71541.28305
8228.80742
4157867.08196
1419420.84702
28420172.84574
20541044.74946
27165490.65787
16198893.31570
22614631.95209
5168872.40499
623503.60950
200075.17571
4925822.86371
8867244.93375
1756752.32717
6521427.84175
7840213.78954
12888814.40999
8105442.89773
20988018.16172
7592152.91128
16380615.77064
8038686.53121
9231130.83278
21308871.99656
80946.09578
4512514.16948
99345.72055
16000074.68940
6061078.25600
4670382.85372
2340375.36528
23875519.67846
20277967.89663
5246955.63609
6501096.87299
12050346.51369
132236.43333
9729522.21444
31094292.38832
2471695.59937
25151916.61600
6444073.01115
2574237.26119
19785957.43885
83581.88815
99639.72600
14592793.11844
4866259.40138
5127982.86138
624608.46351
21494207.28484
842066.88686
20278207.23118
5908255.39777
11196195.26585
14476467.41641
15531537.19289
27104800.78968
1411284.04809
2566314.22942
11491669.41985
1006148.10016
10169185.93383
13443264.34034
4968012.27773
32156891.86388
12608248.03965
9096122.08588
823127.33376
6561863.04818
67998.64306
1141196.78996
3169299.49798
12339792.58376
357935.96080
8518453.09446
21655295.06819
29106071.02581
12275968.87293
12868459.29886
320987.62512
3220558.79189
3606593.70718
3401453.49539
5906230.64082
1154022.42501
20226310.96004
937082.40009
1862281.57999
25805825.24517
4243552.02810
32571411.43222
773138.44577
1045772.80665
26372241.51248
19615781.69962
28867108.61462
12825863.30543
19104779.86865
10810713.47395
34251449.06789
7857357.20048
1583418.06189
1285720.07558
22657588.15353
26106062.50346
214794.15748
17307226.61281
31150612.99694
14529803.67500
6445639.25864
8003.99807
16101408.51502
30800042.99179
2299921.68914
12042860.36376
3055655.10682
10051547.68500
4076859.55996
21918673.83911
7335777.94184
23323703.80212
10285972.22215
7115116.79177
2240905.33370
13856055.64267
2957975.70388
15517626.30387
2278019.06806
6946352.11972
66770.89649
3767350.71157
949389.13981
18222028.82601
23209360.16324
354439.09493
3013271.56323
6153388.47956
28576556.59992
12123040.10294
16401295.79724
7056308.76546
5959803.18943
6723548.86902
26707441.31132
3663863.67877
28665752.17443
5195381.54977
27243961.63644
7600555.84911
4018257.24520
23155843.82174
22566446.75489
143356.63194
17779937.93751
445707.13495
436586.31566
5811900.99093
99448.06638
742058.81152
22823936.88513
29284105.50362
1332401.89795
9089483.36300
33428804.14153
22261115.13436
12440547.08021
5630037.44704
78888.50291
3733346.83683
17668464.74356
418659.43962
1026074.95339
13164515.07101
5795.02015
16397512.86065
12522883.56965
3015586.61740
171646.76712
24879154.29678
3505427.72944
520576.85521
10125595.26025
6357584.94705
15151517.73288
2302587.39397
8564269.79205
6697003.72984
14451911.01692
1520658.00749
5279119.06785
18992582.71211
15489437.96410
18206313.93281
268619.73726
10384547.05212
504285.84722
7158061.64430
1076817.35115
454086.28421
14071594.85881
24428906.34710
5764459.35399
29050892.23906
22808763.37806
6126311.53987
1668387.91915
11019711.06102
13663631.72489
27821366.33693
906956.49609
1091415.82447
5336585.01155
62412.38251
13364153.73596
1189204.58585
23097031.92272
4554176.79238
2631324.01150
12514601.83880
6434812.35073
677724.47831
8365355.53669
12290059.22540
22553450.91394
31712406.45943
13372235.53859
8455161.85856
796357.51353
5336105.44788
25159382.31271
19974055.56959
115281.56445
27490883.86663
6289373.82135
14037132.28899
24916532.21331
2228008.97657
1378692.46404
2067841.56565
10508624.49510
1185920.83403
24659144.48489
191347.36232
33829097.69949
13870748.94342
10835700.17148
15970774.97185
2257203.17518
17170671.40989
9447275.37844
2105345.18116
20609188.15124
7961194.03001
16670971.21682
4071686.94348
17363347.89664
12274870.49548
27633561.46981
1081565.85922
13465688.21061
5539843.59899
17086025.81044
19083000.70629
33928947.09117
22709621.06200
15716159.24484
1701944.98466
125583.05131
65494.14886
341642.73451
26346724.16870
29605552.09034
1488049.58552
19203198.43501
10822640.26176
13970390.71920
27769717.80431
3068514.79844
8018691.02650
241933.71139
4988737.89504
4925001.21895
11078401.47386
1012423.66665
17932287.17113
33072909.71143
4721781.69168
611926.06431
705962.91387
10245731.40018
10689402.81317
1983613.84942
15088662.47686
20783766.45445
23066549.57423
10776067.78807
4054949.03540
17623484.31792
16375660.16045
20458816.79995
27217069.73056
856542.00779
7689183.71301
18396148.69277
5514313.00273
6261253.96787
32950429.51564
3013007.04571
4684456.51947
14298649.98529
2268613.10447
22623025.14803
23898352.46983
6352617.92869
15242268.55609
27364155.15539
23579325.22227
16566576.62491
3256342.89061
878083.39141
11367005.64875
4947476.03461
5804219.09254
2481816.11845
4604085.66804
16354519.66739
29313415.87166
120890.96996
26105615.68104
1420825.78244
418616.18863
1567211.73581
14009.59775
130191.69317
31589073.87574
34243642.21941
428712.37505
14975644.20922
2152380.69991
8140922.49621
3604604.79728
7458244.93766
1594700.26101
24800401.35895
21383166.11237
22497053.36902
354375.44392
30933447.73519
20495056.86803
8793120.33700
18940279.52548
9357699.41247
10608642.72568
2582359.80778
1006234.65713
3317209.76457
9228904.48543
5258505.45016
1716550.54364
725232.10269
31938502.75361
10950860.56096
18219726.48884
29829384.21827
24340297.88511
9579730.44910
11971731.02676
21360813.49922
5401293.28672
31273216.42462
4325520.03052
13263419.79959
2749708.95424
127632.64439
20807300.62486
1576505.80155
3666069.29403
8968587.39107
16788935.00250
1151738.17680
3431008.23706
14431664.40756
1790601.64572
747363.65261
23321383.72244
3003034.40117
265557.88303
1816694.27561
180682.91198
1374178.62264
4775975.92570
1283094.10618
219201.83194
32923001.03817
8588319.60284
14881184.35686
7522977.83108
1166588.49963
8700356.99974
3837849.02980
449656.82220
2967233.88752
829897.83363
11238954.34856
16730582.24788
23581516.97634
8989926.24209
9134403.95963
2397334.38601
29522983.92818
15924380.34122
14927309.86054
27666.47890
5365090.82159
7493771.85395
29461757.97027
28583664.09809
240392.81541
12821359.24245
4472513.12913
1778849.13712
319709.90715
421168.77553
27163946.38554
10307814.92521
10356559.68257
17721625.27445
2216713.54957
2483506.93335
13049665.07470
12721773.34920
7637181.24068
1335560.52144
494472.37535
4475849.84943
8790559.58546
30188600.56677
1745960.92553
2269547.11686
2042901.04854
21420437.88577
17494013.58130
29781579.64800
4693471.12456
11196574.76628
19858095.86167
24415385.00517
23489783.64546
175145.31147
7469079.28471
84979.72392
32422832.93725
127714.33565
2210831.88708
34323872.58643
614920.64979
26530872.78563
17813703.88858
14258.19827
9650.59384
23290643.72728
20496052.66786
16252723.58805
3954218.56968
2004736.95813
13141669.76895
22854407.01532
32153258.46069
8298248.27355
24264995.90901
11378805.86407
1442636.19266
4099343.14478
22532776.74672
12935303.50103
143847.71663
2137899.52997
8867629.91560
652893.21907
678099.06568
6218682.42177
4700357.83560
5645201.05931
33285535.19110
3812499.04596
23420989.42815
9862816.93499
267888.28153
1659598.03037
18217.72755
9629082.98601
1308777.24327
280276.59335
9538145.41877
19146013.73065
2658647.58244
3124174.52039
1833120.01979
9241.15908
1930065.63268
6144755.31282
27644079.90039
6314546.80335
2920283.37772
16885411.77810
21483512.81176
31689680.65115
6215722.01347
18679753.05619
3915641.13679
7710881.71040
67158.24086
7537917.10946
28410052.21860
11302891.00538
28170481.60993
12609860.83598
33867779.99305
4561663.25774
12476764.76627
241329.12432
31037240.87526
4869918.83240
19960245.10749
18854294.25067
9670104.09209
13382655.62953
21150.88885
30830186.24906
4544977.72766
23119331.19225
24858145.69980
453748.15449
24879741.41597
169316.83955
7361218.95510
5192833.59568
6043197.23049
5333991.71806
7719714.72105
998678.59741
4971509.07133
12779411.82676
6207795.74983
16581730.29160
22668970.82948
16387150.21554
123452.88794
11177111.95917
1912248.47712
26298921.18960
22764515.45912
5107043.34063
2031410.76306
3898218.45696
6801246.45490
27901300.54230
3676568.28008
24376200.84647
534019.04172
12391292.53174
6663033.65482
10511700.88309
9321748.02755
1491123.15952
3763345.03015
1696807.50010
33092945.39945
2536313.72697
7157730.94346
21550729.22689
1304825.51580
4347207.83639
28888675.38082
4983868.30768
29172680.40382
10897805.46943
6789.84818
21116245.99764
8613.75017
13749112.24988
24669339.15484
34197160.58713
33902849.11594
15723112.70432
1700004.31819
22497692.33025
31260929.56161
33679228.06826
15875487.98118
18294365.11542
13280800.05250
87537.39292
630371.99555
1150599.91410
698674.10395
23930732.30538
2672648.55495
8935067.54864
28883706.79106
6832695.72515
19128600.63536
612242.45611
6360070.73684
4487992.95830
4704365.85659
6373528.60554
1843773.99326
14991959.40382
9620702.89860
15013272.43921
3835071.36504
20101956.23822
21289313.91697
1785109.30637
15782991.58560
13950348.28945
10870373.49627
38373.97755
11007084.81442
27778899.98778
1403251.75341
19613541.26506
33394020.83466
2774341.86704
25678034.48398
25806926.61185
888597.01291
318995.14546
5120982.20529
527929.79861
25352569.90656
4490468.22155
9679881.68084
2133120.11496
98690.08488
2314625.40208
7844879.30126
1568970.04073
13278515.24957
887698.85333
13969933.14492
71565.55731
8850289.65377
12212179.33609
14569993.49935
27694187.22343
15846.12443
22946540.84413
1573911.54788
7865666.28868
23668309.06715
5293073.88857
883409.71388
871706.05615
2849575.03175
10966135.95475
11945337.92433
18987720.24438
857041.24045
17746782.97890
18721643.20700
17369330.36091
29476002.71285
1127835.26442
33887937.21855
31231671.95027
3578253.60900
915216.52786
23159406.51066
1435302.97907
21791863.38856
7715211.44054
1561619.11924
30528108.27279
956045.46545
18801308.74143
33228829.78965
21546772.51957
5615543.92532
14578784.38205
11006976.10593
13319737.17423
14260679.29792
19013099.40934
12762404.14099
20358297.48179
12108819.64414
17799654.25648
19681563.62277
27196323.49109
15379833.87042
427061.12291
18664546.87124
12339158.21345
5168.90299
5667484.63538
527524.34552
4613823.65963
11053571.42071
8669288.74462
9636964.27680
5324242.88353
27996894.48608
1813897.42961
4367092.01444
4125539.40749
9448985.68724
5699620.54655
23452573.13680
25788407.21312
3870865.06346
16134551.17194
29831946.75111
24611949.69023
8129689.80485
15878515.31764
18735094.93651
1090918.31427
16877726.47669
16975090.57903
12631803.83916
13536294.14773
2951320.99163
8143245.39000
2156740.34674
935241.60297
1850440.16539
19795085.62027
17386081.28566
6523767.94849
148171.69490
11011659.07250
1941380.48605
17730.50949
24675758.26487
5845699.02126
3204015.55423
39650.91593
528705.91129
1700206.03892
7898757.19845
3980498.50686
9279623.84541
318970.21472
1745639.55355
14941731.43919
30882599.16907
8337248.05062
7065691.79199
6727.80051
28832.90236
5703366.46456
14228226.02468
6307.98115
32618777.20400
5695705.21344
13371.44707
9085062.58211
17884992.82445
3191656.97506
19427882.16749
23146011.66038
999994.79654
2401749.41074
3610385.25546
9865994.96251
24482835.44963
23625533.33954
9806203.24254
19735735.21024
18873894.25374
3739721.69134
10255060.22682
30934624.60664
2224605.97014
5635609.67811
25748558.95172
647261.70616
9529941.09224
7245264.42786
1788999.34194
12503985.90422
20601327.05198
17544302.38407
5934589.35966
12079817.99598
14836705.69987
6830409.99034
3807586.31584
6399205.35983
12272817.10686
21451712.59669
30677628.63217
30889270.89339
18742744.22815
830046.55486
5261469.75745
25285361.58575
1754762.19641
21356331.54572
873661.54988
14550326.32653
14808132.90937
18461659.65507
1906102.70142
10342679.87901
15091.54391
9282019.76203
99385.79334
12957676.79738
12274722.41633
8516113.35615
1526484.79641
23475791.33135
5783346.80737
23625933.04174
8492333.17449
7324058.04497
95507.87645
1144482.58150
30203191.56392
8896879.79268
1193350.06710
3682208.11783
10385563.93672
3829176.67551
20350621.14041
18378613.01437
32464579.57442
24349832.80884
7539006.46845
21624.06763
9802930.61756
22424826.05822
129643.79318
27124766.88004
25626786.81173
24082343.07538
4414194.66867
30584588.56697
452377.80650
15544775.26325
18354126.38981
179519.35560
11141105.86123
1446938.27164
2693888.64612
22810927.36837
19939417.74177
7530708.69157
18864824.19002
5419327.19797
1512097.60062
11921358.49948
9154006.00054
1372162.64626
6186971.42467
